#
# There is insufficient memory for the Java Runtime Environment to continue.
# Native memory allocation (mmap) failed to map 121634816 bytes for committing reserved memory.
# Possible reasons:
#   The system is out of physical RAM or swap space
#   In 32 bit mode, the process size limit was hit
# Possible solutions:
#   Reduce memory load on the system
#   Increase physical memory or swap space
#   Check if swap backing store is full
#   Use 64 bit Java on a 64 bit OS
#   Decrease Java heap size (-Xmx/-Xms)
#   Decrease number of Java threads
#   Decrease Java thread stack sizes (-Xss)
#   Set larger code cache with -XX:ReservedCodeCacheSize=
# This output file may be truncated or incomplete.
#
#  Out of Memory Error (os_linux.cpp:2673), pid=10952, tid=140207254902528
#
# JRE version: Java(TM) SE Runtime Environment (8.0_45-b14) (build 1.8.0_45-b14)
# Java VM: Java HotSpot(TM) 64-Bit Server VM (25.45-b02 mixed mode linux-amd64 compressed oops)
# Failed to write core dump. Core dumps have been disabled. To enable core dumping, try "ulimit -c unlimited" before starting Java again
#

---------------  T H R E A D  ---------------

Current thread (0x00007f84a4142000):  VMThread [stack: 0x00007f848b8f9000,0x00007f848b9fa000] [id=10962]

Stack: [0x00007f848b8f9000,0x00007f848b9fa000],  sp=0x00007f848b9f8120,  free space=1020k
Native frames: (J=compiled Java code, j=interpreted, Vv=VM code, C=native code)
V  [libjvm.so+0xaac99a]  VMError::report_and_die()+0x2ba
V  [libjvm.so+0x4f333b]  report_vm_out_of_memory(char const*, int, unsigned long, VMErrorType, char const*)+0x8b
V  [libjvm.so+0x90e7c3]  os::Linux::commit_memory_impl(char*, unsigned long, bool)+0x103
V  [libjvm.so+0x90ed19]  os::pd_commit_memory(char*, unsigned long, unsigned long, bool)+0x29
V  [libjvm.so+0x90867a]  os::commit_memory(char*, unsigned long, unsigned long, bool)+0x2a
V  [libjvm.so+0x97bac3]  PSVirtualSpace::expand_by(unsigned long)+0x53
V  [libjvm.so+0x97cec8]  PSYoungGen::resize_generation(unsigned long, unsigned long)+0xf8
V  [libjvm.so+0x97c022]  PSYoungGen::resize(unsigned long, unsigned long)+0x22
V  [libjvm.so+0x9792fb]  PSScavenge::invoke_no_policy()+0xf7b
V  [libjvm.so+0x979a81]  PSScavenge::invoke()+0x41
V  [libjvm.so+0x932050]  ParallelScavengeHeap::failed_mem_allocate(unsigned long)+0x70
V  [libjvm.so+0xaae1d7]  VM_ParallelGCFailedAllocation::doit()+0x97
V  [libjvm.so+0xab59c5]  VM_Operation::evaluate()+0x55
V  [libjvm.so+0xab3d9a]  VMThread::evaluate_operation(VM_Operation*)+0xba
V  [libjvm.so+0xab411e]  VMThread::loop()+0x1ce
V  [libjvm.so+0xab4590]  VMThread::run()+0x70
V  [libjvm.so+0x910de8]  java_start(Thread*)+0x108

VM_Operation (0x00007f84aa28e1c0): ParallelGCFailedAllocation, mode: safepoint, requested by thread 0x00007f84a400c800


---------------  P R O C E S S  ---------------

Java Threads: ( => current thread )
  0x00007f84a41ce800 JavaThread "Service Thread" daemon [_thread_blocked, id=10969, stack(0x00007f8489e59000,0x00007f8489f5a000)]
  0x00007f84a41c3800 JavaThread "C1 CompilerThread2" daemon [_thread_blocked, id=10968, stack(0x00007f8489f5a000,0x00007f848a05b000)]
  0x00007f84a41c1800 JavaThread "C2 CompilerThread1" daemon [_thread_blocked, id=10967, stack(0x00007f848a05b000,0x00007f848a15c000)]
  0x00007f84a41bc800 JavaThread "C2 CompilerThread0" daemon [_thread_blocked, id=10966, stack(0x00007f848a15c000,0x00007f848a25d000)]
  0x00007f84a4180000 JavaThread "Signal Dispatcher" daemon [_thread_blocked, id=10965, stack(0x00007f848adc2000,0x00007f848aec3000)]
  0x00007f84a4149000 JavaThread "Finalizer" daemon [_thread_blocked, id=10964, stack(0x00007f848b6f7000,0x00007f848b7f8000)]
  0x00007f84a4147000 JavaThread "Reference Handler" daemon [_thread_blocked, id=10963, stack(0x00007f848b7f8000,0x00007f848b8f9000)]
  0x00007f84a400c800 JavaThread "main" [_thread_blocked, id=10957, stack(0x00007f84aa18f000,0x00007f84aa290000)]

Other Threads:
=>0x00007f84a4142000 VMThread [stack: 0x00007f848b8f9000,0x00007f848b9fa000] [id=10962]
  0x00007f84a41d1000 WatcherThread [stack: 0x00007f8489d58000,0x00007f8489e59000] [id=10970]

VM state:at safepoint (normal execution)

VM Mutex/Monitor currently owned by a thread:  ([mutex/lock_event])
[0x00007f84a40090f0] Threads_lock - owner thread: 0x00007f84a4142000
[0x00007f84a40095f0] Heap_lock - owner thread: 0x00007f84a400c800

Heap:
 PSYoungGen      total 135168K, used 6598K [0x00000000eab00000, 0x00000000f3e00000, 0x0000000100000000)
  eden space 121344K, 0% used [0x00000000eab00000,0x00000000eab00000,0x00000000f2180000)
  from space 13824K, 47% used [0x00000000f2180000,0x00000000f27f1948,0x00000000f2f00000)
  to   space 12288K, 0% used [0x00000000f2f00000,0x00000000f2f00000,0x00000000f3b00000)
 ParOldGen       total 40960K, used 22010K [0x00000000c0000000, 0x00000000c2800000, 0x00000000eab00000)
  object space 40960K, 53% used [0x00000000c0000000,0x00000000c157e8d0,0x00000000c2800000)
 Metaspace       used 7552K, capacity 8066K, committed 8192K, reserved 1056768K
  class space    used 717K, capacity 753K, committed 768K, reserved 1048576K

Card table byte_map: [0x00007f84939a3000,0x00007f8493ba4000] byte_map_base: 0x00007f84933a3000

Marking Bits: (ParMarkBitMap*) 0x00007f84a9662760
 Begin Bits: [0x00007f849159f000, 0x00007f849259f000)
 End Bits:   [0x00007f849259f000, 0x00007f849359f000)

Polling page: 0x00007f84aa2af000

CodeCache: size=245760Kb used=9109Kb max_used=9122Kb free=236650Kb
 bounds [0x00007f8493f64000, 0x00007f8494864000, 0x00007f84a2f64000]
 total_blobs=2878 nmethods=2583 adapters=210
 compilation: enabled

Compilation events (10 events):
Event: 3,415 Thread 0x00007f84a41bc800 nmethod 2574 0x00007f8494853450 code [0x00007f8494853660, 0x00007f84948543a8]
Event: 3,415 Thread 0x00007f84a41bc800 2521       4       com.android.dx.merge.DexMerger$6::write (9 bytes)
Event: 3,424 Thread 0x00007f84a41bc800 nmethod 2521 0x00007f8494829bd0 code [0x00007f8494829d60, 0x00007f849482a138]
Event: 3,424 Thread 0x00007f84a41bc800 2622       4       com.android.dex.Dex$Section::writeTypeList (50 bytes)
Event: 3,427 Thread 0x00007f84a41c3800 2631       2       com.android.dex.EncodedValueReader::readEnum (24 bytes)
Event: 3,427 Thread 0x00007f84a41c3800 nmethod 2631 0x00007f849483af10 code [0x00007f849483b080, 0x00007f849483b238]
Event: 3,436 Thread 0x00007f84a41c1800 nmethod 2575 0x00007f8494842c90 code [0x00007f8494842e80, 0x00007f8494843968]
Event: 3,436 Thread 0x00007f84a41c1800 2627       4       com.android.dx.merge.IndexMap$EncodedValueTransformer::transformAnnotation (68 bytes)
Event: 3,441 Thread 0x00007f84a41bc800 nmethod 2622 0x00007f8494839fd0 code [0x00007f849483a160, 0x00007f849483a838]
Event: 3,441 Thread 0x00007f84a41bc800 2625       4       com.android.dx.merge.DexMerger$4::write (9 bytes)

GC Heap History (10 events):
Event: 1,150 GC heap after
Heap after GC invocations=2 (full 0):
 PSYoungGen      total 33280K, used 2532K [0x00000000eab00000, 0x00000000ece00000, 0x0000000100000000)
  eden space 30720K, 0% used [0x00000000eab00000,0x00000000eab00000,0x00000000ec900000)
  from space 2560K, 98% used [0x00000000ecb80000,0x00000000ecdf9058,0x00000000ece00000)
  to   space 2560K, 0% used [0x00000000ec900000,0x00000000ec900000,0x00000000ecb80000)
 ParOldGen       total 40960K, used 4670K [0x00000000c0000000, 0x00000000c2800000, 0x00000000eab00000)
  object space 40960K, 11% used [0x00000000c0000000,0x00000000c048fb38,0x00000000c2800000)
 Metaspace       used 5596K, capacity 6900K, committed 7040K, reserved 1056768K
  class space    used 549K, capacity 616K, committed 640K, reserved 1048576K
}
Event: 1,504 GC heap before
{Heap before GC invocations=3 (full 0):
 PSYoungGen      total 33280K, used 32795K [0x00000000eab00000, 0x00000000ece00000, 0x0000000100000000)
  eden space 30720K, 98% used [0x00000000eab00000,0x00000000ec88de90,0x00000000ec900000)
  from space 2560K, 98% used [0x00000000ecb80000,0x00000000ecdf9058,0x00000000ece00000)
  to   space 2560K, 0% used [0x00000000ec900000,0x00000000ec900000,0x00000000ecb80000)
 ParOldGen       total 40960K, used 4670K [0x00000000c0000000, 0x00000000c2800000, 0x00000000eab00000)
  object space 40960K, 11% used [0x00000000c0000000,0x00000000c048fb38,0x00000000c2800000)
 Metaspace       used 5743K, capacity 6964K, committed 7040K, reserved 1056768K
  class space    used 554K, capacity 616K, committed 640K, reserved 1048576K
Event: 1,522 GC heap after
Heap after GC invocations=3 (full 0):
 PSYoungGen      total 33280K, used 2548K [0x00000000eab00000, 0x00000000eec00000, 0x0000000100000000)
  eden space 30720K, 0% used [0x00000000eab00000,0x00000000eab00000,0x00000000ec900000)
  from space 2560K, 99% used [0x00000000ec900000,0x00000000ecb7d058,0x00000000ecb80000)
  to   space 2560K, 0% used [0x00000000ee980000,0x00000000ee980000,0x00000000eec00000)
 ParOldGen       total 40960K, used 12209K [0x00000000c0000000, 0x00000000c2800000, 0x00000000eab00000)
  object space 40960K, 29% used [0x00000000c0000000,0x00000000c0bec610,0x00000000c2800000)
 Metaspace       used 5743K, capacity 6964K, committed 7040K, reserved 1056768K
  class space    used 554K, capacity 616K, committed 640K, reserved 1048576K
}
Event: 2,255 GC heap before
{Heap before GC invocations=4 (full 0):
 PSYoungGen      total 33280K, used 32414K [0x00000000eab00000, 0x00000000eec00000, 0x0000000100000000)
  eden space 30720K, 97% used [0x00000000eab00000,0x00000000ec82a8a0,0x00000000ec900000)
  from space 2560K, 99% used [0x00000000ec900000,0x00000000ecb7d058,0x00000000ecb80000)
  to   space 2560K, 0% used [0x00000000ee980000,0x00000000ee980000,0x00000000eec00000)
 ParOldGen       total 40960K, used 12209K [0x00000000c0000000, 0x00000000c2800000, 0x00000000eab00000)
  object space 40960K, 29% used [0x00000000c0000000,0x00000000c0bec610,0x00000000c2800000)
 Metaspace       used 7392K, capacity 7996K, committed 8192K, reserved 1056768K
  class space    used 707K, capacity 752K, committed 768K, reserved 1048576K
Event: 2,307 GC heap after
Heap after GC invocations=4 (full 0):
 PSYoungGen      total 64000K, used 2533K [0x00000000eab00000, 0x00000000eec00000, 0x0000000100000000)
  eden space 61440K, 0% used [0x00000000eab00000,0x00000000eab00000,0x00000000ee700000)
  from space 2560K, 98% used [0x00000000ee980000,0x00000000eebf9660,0x00000000eec00000)
  to   space 2560K, 0% used [0x00000000ee700000,0x00000000ee700000,0x00000000ee980000)
 ParOldGen       total 40960K, used 18909K [0x00000000c0000000, 0x00000000c2800000, 0x00000000eab00000)
  object space 40960K, 46% used [0x00000000c0000000,0x00000000c1277610,0x00000000c2800000)
 Metaspace       used 7392K, capacity 7996K, committed 8192K, reserved 1056768K
  class space    used 707K, capacity 752K, committed 768K, reserved 1048576K
}
Event: 2,757 GC heap before
{Heap before GC invocations=5 (full 0):
 PSYoungGen      total 64000K, used 63973K [0x00000000eab00000, 0x00000000eec00000, 0x0000000100000000)
  eden space 61440K, 100% used [0x00000000eab00000,0x00000000ee700000,0x00000000ee700000)
  from space 2560K, 98% used [0x00000000ee980000,0x00000000eebf9660,0x00000000eec00000)
  to   space 2560K, 0% used [0x00000000ee700000,0x00000000ee700000,0x00000000ee980000)
 ParOldGen       total 40960K, used 18909K [0x00000000c0000000, 0x00000000c2800000, 0x00000000eab00000)
  object space 40960K, 46% used [0x00000000c0000000,0x00000000c1277610,0x00000000c2800000)
 Metaspace       used 7455K, capacity 8060K, committed 8192K, reserved 1056768K
  class space    used 709K, capacity 752K, committed 768K, reserved 1048576K
Event: 2,773 GC heap after
Heap after GC invocations=5 (full 0):
 PSYoungGen      total 64000K, used 2533K [0x00000000eab00000, 0x00000000f3b00000, 0x0000000100000000)
  eden space 61440K, 0% used [0x00000000eab00000,0x00000000eab00000,0x00000000ee700000)
  from space 2560K, 98% used [0x00000000ee700000,0x00000000ee979788,0x00000000ee980000)
  to   space 12288K, 0% used [0x00000000f2f00000,0x00000000f2f00000,0x00000000f3b00000)
 ParOldGen       total 40960K, used 20814K [0x00000000c0000000, 0x00000000c2800000, 0x00000000eab00000)
  object space 40960K, 50% used [0x00000000c0000000,0x00000000c1453a28,0x00000000c2800000)
 Metaspace       used 7455K, capacity 8060K, committed 8192K, reserved 1056768K
  class space    used 709K, capacity 752K, committed 768K, reserved 1048576K
}
Event: 3,008 GC heap before
{Heap before GC invocations=6 (full 0):
 PSYoungGen      total 64000K, used 63973K [0x00000000eab00000, 0x00000000f3b00000, 0x0000000100000000)
  eden space 61440K, 100% used [0x00000000eab00000,0x00000000ee700000,0x00000000ee700000)
  from space 2560K, 98% used [0x00000000ee700000,0x00000000ee979788,0x00000000ee980000)
  to   space 12288K, 0% used [0x00000000f2f00000,0x00000000f2f00000,0x00000000f3b00000)
 ParOldGen       total 40960K, used 20814K [0x00000000c0000000, 0x00000000c2800000, 0x00000000eab00000)
  object space 40960K, 50% used [0x00000000c0000000,0x00000000c1453a28,0x00000000c2800000)
 Metaspace       used 7544K, capacity 8066K, committed 8192K, reserved 1056768K
  class space    used 717K, capacity 753K, committed 768K, reserved 1048576K
Event: 3,025 GC heap after
Heap after GC invocations=6 (full 0):
 PSYoungGen      total 133632K, used 11471K [0x00000000eab00000, 0x00000000f3e00000, 0x0000000100000000)
  eden space 121344K, 0% used [0x00000000eab00000,0x00000000eab00000,0x00000000f2180000)
  from space 12288K, 93% used [0x00000000f2f00000,0x00000000f3a33d50,0x00000000f3b00000)
  to   space 13824K, 0% used [0x00000000f2180000,0x00000000f2180000,0x00000000f2f00000)
 ParOldGen       total 40960K, used 20822K [0x00000000c0000000, 0x00000000c2800000, 0x00000000eab00000)
  object space 40960K, 50% used [0x00000000c0000000,0x00000000c1455a28,0x00000000c2800000)
 Metaspace       used 7544K, capacity 8066K, committed 8192K, reserved 1056768K
  class space    used 717K, capacity 753K, committed 768K, reserved 1048576K
}
Event: 3,446 GC heap before
{Heap before GC invocations=7 (full 0):
 PSYoungGen      total 133632K, used 132815K [0x00000000eab00000, 0x00000000f3e00000, 0x0000000100000000)
  eden space 121344K, 100% used [0x00000000eab00000,0x00000000f2180000,0x00000000f2180000)
  from space 12288K, 93% used [0x00000000f2f00000,0x00000000f3a33d50,0x00000000f3b00000)
  to   space 13824K, 0% used [0x00000000f2180000,0x00000000f2180000,0x00000000f2f00000)
 ParOldGen       total 40960K, used 20822K [0x00000000c0000000, 0x00000000c2800000, 0x00000000eab00000)
  object space 40960K, 50% used [0x00000000c0000000,0x00000000c1455a28,0x00000000c2800000)
 Metaspace       used 7552K, capacity 8066K, committed 8192K, reserved 1056768K
  class space    used 717K, capacity 753K, committed 768K, reserved 1048576K

Deoptimization events (10 events):
Event: 2,163 Thread 0x00007f84a400c800 Uncommon trap: reason=unstable_if action=reinterpret pc=0x00007f849457eb80 method=java.util.HashMap.getNode(ILjava/lang/Object;)Ljava/util/HashMap$Node; @ 84
Event: 2,198 Thread 0x00007f84a400c800 Uncommon trap: reason=unstable_if action=reinterpret pc=0x00007f84946f3d20 method=com.android.dex.FieldId.compareTo(Lcom/android/dex/FieldId;)I @ 8
Event: 2,200 Thread 0x00007f84a400c800 Uncommon trap: reason=unstable_if action=reinterpret pc=0x00007f84946f39d4 method=com.android.dex.FieldId.compareTo(Lcom/android/dex/FieldId;)I @ 8
Event: 2,731 Thread 0x00007f84a400c800 Uncommon trap: reason=unstable_if action=reinterpret pc=0x00007f84947c7d98 method=com.android.dex.EncodedValueCodec.readUnsignedInt(Lcom/android/dex/util/ByteInput;IZ)I @ 3
Event: 2,831 Thread 0x00007f84a400c800 Uncommon trap: reason=unstable_if action=reinterpret pc=0x00007f8494788980 method=com.android.dex.Mutf8.decode(Lcom/android/dex/util/ByteInput;[C)Ljava/lang/String; @ 37
Event: 2,831 Thread 0x00007f84a400c800 Uncommon trap: reason=unstable_if action=reinterpret pc=0x00007f84947d2720 method=com.android.dex.Mutf8.countBytes(Ljava/lang/String;Z)J @ 28
Event: 2,831 Thread 0x00007f84a400c800 Uncommon trap: reason=unstable_if action=reinterpret pc=0x00007f849468451c method=com.android.dex.Mutf8.encode([BILjava/lang/String;)V @ 24
Event: 2,831 Thread 0x00007f84a400c800 Uncommon trap: reason=unstable_if action=reinterpret pc=0x00007f849467f5e4 method=com.android.dex.Mutf8.decode(Lcom/android/dex/util/ByteInput;[C)Ljava/lang/String; @ 37
Event: 2,831 Thread 0x00007f84a400c800 Uncommon trap: reason=unstable_if action=reinterpret pc=0x00007f8494686cdc method=com.android.dex.Mutf8.countBytes(Ljava/lang/String;Z)J @ 28
Event: 3,118 Thread 0x00007f84a400c800 Uncommon trap: reason=unstable_if action=reinterpret pc=0x00007f84943e595c method=java.lang.Long.numberOfTrailingZeros(J)I @ 3

Internal exceptions (3 events):
Event: 0,058 Thread 0x00007f84a400c800 Exception <a 'java/lang/NoSuchMethodError': Method sun.misc.Unsafe.defineClass(Ljava/lang/String;[BII)Ljava/lang/Class; name or signature does not match> (0x00000000eab12898) thrown at [/RE-WORK/workspace/8-2-build-linux-amd64/jdk8u45/3457/hotspot/src/sha
Event: 0,058 Thread 0x00007f84a400c800 Exception <a 'java/lang/NoSuchMethodError': Method sun.misc.Unsafe.prefetchRead(Ljava/lang/Object;J)V name or signature does not match> (0x00000000eab12b28) thrown at [/RE-WORK/workspace/8-2-build-linux-amd64/jdk8u45/3457/hotspot/src/share/vm/prims/jni.cp
Event: 1,052 Thread 0x00007f84a400c800 Implicit null exception at 0x00007f84943bfbe2 to 0x00007f84943bfcd3

Events (10 events):
Event: 3,259 Thread 0x00007f84a400c800 DEOPT UNPACKING pc=0x00007f8493fab233 sp=0x00007f84aa28e110 mode 0
Event: 3,263 Thread 0x00007f84a400c800 DEOPT PACKING pc=0x00007f849473e746 sp=0x00007f84aa28e3d0
Event: 3,263 Thread 0x00007f84a400c800 DEOPT UNPACKING pc=0x00007f8493fab233 sp=0x00007f84aa28e110 mode 0
Event: 3,268 Thread 0x00007f84a400c800 DEOPT PACKING pc=0x00007f849473e746 sp=0x00007f84aa28e3d0
Event: 3,268 Thread 0x00007f84a400c800 DEOPT UNPACKING pc=0x00007f8493fab233 sp=0x00007f84aa28e110 mode 0
Event: 3,273 Thread 0x00007f84a400c800 DEOPT PACKING pc=0x00007f849473e746 sp=0x00007f84aa28e3d0
Event: 3,273 Thread 0x00007f84a400c800 DEOPT UNPACKING pc=0x00007f8493fab233 sp=0x00007f84aa28e110 mode 0
Event: 3,321 Thread 0x00007f84a400c800 DEOPT PACKING pc=0x00007f849471f988 sp=0x00007f84aa28e3f0
Event: 3,321 Thread 0x00007f84a400c800 DEOPT UNPACKING pc=0x00007f8493fab233 sp=0x00007f84aa28e108 mode 0
Event: 3,446 Executing VM operation: ParallelGCFailedAllocation


Dynamic libraries:
00400000-00401000 r-xp 00000000 08:06 3019753                            /usr/lib/jvm/java-8-oracle/bin/java
00600000-00601000 rw-p 00000000 08:06 3019753                            /usr/lib/jvm/java-8-oracle/bin/java
01db6000-01dd7000 rw-p 00000000 00:00 0                                  [heap]
c0000000-c2800000 rw-p 00000000 00:00 0 
c2800000-eab00000 ---p 00000000 00:00 0 
eab00000-f3e00000 rw-p 00000000 00:00 0 
fb200000-100000000 ---p 00000000 00:00 0 
100000000-1000c0000 rw-p 00000000 00:00 0 
1000c0000-140000000 ---p 00000000 00:00 0 
7f8454000000-7f8454021000 rw-p 00000000 00:00 0 
7f8454021000-7f8458000000 ---p 00000000 00:00 0 
7f8458000000-7f8458021000 rw-p 00000000 00:00 0 
7f8458021000-7f845c000000 ---p 00000000 00:00 0 
7f845c000000-7f845cb25000 rw-p 00000000 00:00 0 
7f845cb25000-7f8460000000 ---p 00000000 00:00 0 
7f8460000000-7f8460706000 rw-p 00000000 00:00 0 
7f8460706000-7f8464000000 ---p 00000000 00:00 0 
7f8464000000-7f8464021000 rw-p 00000000 00:00 0 
7f8464021000-7f8468000000 ---p 00000000 00:00 0 
7f8468000000-7f8469052000 rw-p 00000000 00:00 0 
7f8469052000-7f846c000000 ---p 00000000 00:00 0 
7f846c000000-7f846c021000 rw-p 00000000 00:00 0 
7f846c021000-7f8470000000 ---p 00000000 00:00 0 
7f8470000000-7f8470021000 rw-p 00000000 00:00 0 
7f8470021000-7f8474000000 ---p 00000000 00:00 0 
7f8474000000-7f8474021000 rw-p 00000000 00:00 0 
7f8474021000-7f8478000000 ---p 00000000 00:00 0 
7f8478000000-7f847828a000 rw-p 00000000 00:00 0 
7f847828a000-7f847c000000 ---p 00000000 00:00 0 
7f847c000000-7f847c021000 rw-p 00000000 00:00 0 
7f847c021000-7f8480000000 ---p 00000000 00:00 0 
7f8484000000-7f8484021000 rw-p 00000000 00:00 0 
7f8484021000-7f8488000000 ---p 00000000 00:00 0 
7f8489d58000-7f8489d59000 ---p 00000000 00:00 0 
7f8489d59000-7f8489e59000 rw-p 00000000 00:00 0                          [stack:10970]
7f8489e59000-7f8489e5c000 ---p 00000000 00:00 0 
7f8489e5c000-7f8489f5a000 rw-p 00000000 00:00 0                          [stack:10969]
7f8489f5a000-7f8489f5d000 ---p 00000000 00:00 0 
7f8489f5d000-7f848a05b000 rw-p 00000000 00:00 0                          [stack:10968]
7f848a05b000-7f848a05e000 ---p 00000000 00:00 0 
7f848a05e000-7f848a15c000 rw-p 00000000 00:00 0                          [stack:10967]
7f848a15c000-7f848a15f000 ---p 00000000 00:00 0 
7f848a15f000-7f848a25d000 rw-p 00000000 00:00 0                          [stack:10966]
7f848a25d000-7f848a262000 r-xp 00000000 08:06 2367760                    /usr/lib/x86_64-linux-gnu/libXdmcp.so.6.0.0
7f848a262000-7f848a461000 ---p 00005000 08:06 2367760                    /usr/lib/x86_64-linux-gnu/libXdmcp.so.6.0.0
7f848a461000-7f848a462000 r--p 00004000 08:06 2367760                    /usr/lib/x86_64-linux-gnu/libXdmcp.so.6.0.0
7f848a462000-7f848a463000 rw-p 00005000 08:06 2367760                    /usr/lib/x86_64-linux-gnu/libXdmcp.so.6.0.0
7f848a463000-7f848a465000 r-xp 00000000 08:06 2367749                    /usr/lib/x86_64-linux-gnu/libXau.so.6.0.0
7f848a465000-7f848a665000 ---p 00002000 08:06 2367749                    /usr/lib/x86_64-linux-gnu/libXau.so.6.0.0
7f848a665000-7f848a666000 r--p 00002000 08:06 2367749                    /usr/lib/x86_64-linux-gnu/libXau.so.6.0.0
7f848a666000-7f848a667000 rw-p 00003000 08:06 2367749                    /usr/lib/x86_64-linux-gnu/libXau.so.6.0.0
7f848a667000-7f848a684000 r-xp 00000000 08:06 2368947                    /usr/lib/x86_64-linux-gnu/libxcb.so.1.1.0
7f848a684000-7f848a884000 ---p 0001d000 08:06 2368947                    /usr/lib/x86_64-linux-gnu/libxcb.so.1.1.0
7f848a884000-7f848a885000 r--p 0001d000 08:06 2368947                    /usr/lib/x86_64-linux-gnu/libxcb.so.1.1.0
7f848a885000-7f848a886000 rw-p 0001e000 08:06 2368947                    /usr/lib/x86_64-linux-gnu/libxcb.so.1.1.0
7f848a886000-7f848a9b9000 r-xp 00000000 08:06 2367745                    /usr/lib/x86_64-linux-gnu/libX11.so.6.3.0
7f848a9b9000-7f848abb9000 ---p 00133000 08:06 2367745                    /usr/lib/x86_64-linux-gnu/libX11.so.6.3.0
7f848abb9000-7f848abba000 r--p 00133000 08:06 2367745                    /usr/lib/x86_64-linux-gnu/libX11.so.6.3.0
7f848abba000-7f848abbe000 rw-p 00134000 08:06 2367745                    /usr/lib/x86_64-linux-gnu/libX11.so.6.3.0
7f848abbe000-7f848abbf000 rw-p 00000000 00:00 0 
7f848abbf000-7f848abc1000 r-xp 00000000 08:06 2364830                    /usr/lib/jayatana/libjayatanaag.so
7f848abc1000-7f848adc0000 ---p 00002000 08:06 2364830                    /usr/lib/jayatana/libjayatanaag.so
7f848adc0000-7f848adc1000 r--p 00001000 08:06 2364830                    /usr/lib/jayatana/libjayatanaag.so
7f848adc1000-7f848adc2000 rw-p 00002000 08:06 2364830                    /usr/lib/jayatana/libjayatanaag.so
7f848adc2000-7f848adc5000 ---p 00000000 00:00 0 
7f848adc5000-7f848aec3000 rw-p 00000000 00:00 0                          [stack:10965]
7f848aec3000-7f848b6f7000 r--p 00000000 08:06 2366762                    /usr/lib/locale/locale-archive
7f848b6f7000-7f848b6fa000 ---p 00000000 00:00 0 
7f848b6fa000-7f848b7f8000 rw-p 00000000 00:00 0                          [stack:10964]
7f848b7f8000-7f848b7fb000 ---p 00000000 00:00 0 
7f848b7fb000-7f848b8f9000 rw-p 00000000 00:00 0                          [stack:10963]
7f848b8f9000-7f848b8fa000 ---p 00000000 00:00 0 
7f848b8fa000-7f848c000000 rw-p 00000000 00:00 0                          [stack:10962]
7f848c000000-7f848c021000 rw-p 00000000 00:00 0 
7f848c021000-7f8490000000 ---p 00000000 00:00 0 
7f8490047000-7f8490950000 rw-p 00000000 00:00 0 
7f8490950000-7f8490b29000 r--s 03d09000 08:06 2500731                    /usr/lib/jvm/java-8-oracle/jre/lib/rt.jar
7f8490b29000-7f84912df000 rw-p 00000000 00:00 0 
7f84912df000-7f849139f000 ---p 00000000 00:00 0 
7f849139f000-7f849359f000 rw-p 00000000 00:00 0 
7f849359f000-7f84935a0000 ---p 00000000 00:00 0 
7f84935a0000-7f84936a0000 rw-p 00000000 00:00 0                          [stack:10961]
7f84936a0000-7f84936a1000 ---p 00000000 00:00 0 
7f84936a1000-7f84937a1000 rw-p 00000000 00:00 0                          [stack:10960]
7f84937a1000-7f84937a2000 ---p 00000000 00:00 0 
7f84937a2000-7f84938a2000 rw-p 00000000 00:00 0                          [stack:10959]
7f84938a2000-7f84938a3000 ---p 00000000 00:00 0 
7f84938a3000-7f84939b7000 rw-p 00000000 00:00 0                          [stack:10958]
7f84939b7000-7f8493af8000 ---p 00000000 00:00 0 
7f8493af8000-7f8493b42000 rw-p 00000000 00:00 0 
7f8493b42000-7f8493ba3000 ---p 00000000 00:00 0 
7f8493ba3000-7f8493bc8000 rw-p 00000000 00:00 0 
7f8493bc8000-7f8493f64000 ---p 00000000 00:00 0 
7f8493f64000-7f8494864000 rwxp 00000000 00:00 0 
7f8494864000-7f84a2f64000 ---p 00000000 00:00 0 
7f84a2f64000-7f84a2f7e000 r-xp 00000000 08:06 2627559                    /usr/lib/jvm/java-8-oracle/jre/lib/amd64/libzip.so
7f84a2f7e000-7f84a317e000 ---p 0001a000 08:06 2627559                    /usr/lib/jvm/java-8-oracle/jre/lib/amd64/libzip.so
7f84a317e000-7f84a317f000 rw-p 0001a000 08:06 2627559                    /usr/lib/jvm/java-8-oracle/jre/lib/amd64/libzip.so
7f84a317f000-7f84a318b000 r-xp 00000000 08:06 3805451                    /lib/x86_64-linux-gnu/libnss_files-2.21.so
7f84a318b000-7f84a338a000 ---p 0000c000 08:06 3805451                    /lib/x86_64-linux-gnu/libnss_files-2.21.so
7f84a338a000-7f84a338b000 r--p 0000b000 08:06 3805451                    /lib/x86_64-linux-gnu/libnss_files-2.21.so
7f84a338b000-7f84a338c000 rw-p 0000c000 08:06 3805451                    /lib/x86_64-linux-gnu/libnss_files-2.21.so
7f84a338c000-7f84a3397000 r-xp 00000000 08:06 3805461                    /lib/x86_64-linux-gnu/libnss_nis-2.21.so
7f84a3397000-7f84a3596000 ---p 0000b000 08:06 3805461                    /lib/x86_64-linux-gnu/libnss_nis-2.21.so
7f84a3596000-7f84a3597000 r--p 0000a000 08:06 3805461                    /lib/x86_64-linux-gnu/libnss_nis-2.21.so
7f84a3597000-7f84a3598000 rw-p 0000b000 08:06 3805461                    /lib/x86_64-linux-gnu/libnss_nis-2.21.so
7f84a3598000-7f84a35af000 r-xp 00000000 08:06 3805445                    /lib/x86_64-linux-gnu/libnsl-2.21.so
7f84a35af000-7f84a37ae000 ---p 00017000 08:06 3805445                    /lib/x86_64-linux-gnu/libnsl-2.21.so
7f84a37ae000-7f84a37af000 r--p 00016000 08:06 3805445                    /lib/x86_64-linux-gnu/libnsl-2.21.so
7f84a37af000-7f84a37b0000 rw-p 00017000 08:06 3805445                    /lib/x86_64-linux-gnu/libnsl-2.21.so
7f84a37b0000-7f84a37b2000 rw-p 00000000 00:00 0 
7f84a37b2000-7f84a37ba000 r-xp 00000000 08:06 3805447                    /lib/x86_64-linux-gnu/libnss_compat-2.21.so
7f84a37ba000-7f84a39b9000 ---p 00008000 08:06 3805447                    /lib/x86_64-linux-gnu/libnss_compat-2.21.so
7f84a39b9000-7f84a39ba000 r--p 00007000 08:06 3805447                    /lib/x86_64-linux-gnu/libnss_compat-2.21.so
7f84a39ba000-7f84a39bb000 rw-p 00008000 08:06 3805447                    /lib/x86_64-linux-gnu/libnss_compat-2.21.so
7f84a39bb000-7f84a39c5000 r-xp 00000000 08:06 2627576                    /usr/lib/jvm/java-8-oracle/jre/lib/amd64/libinstrument.so
7f84a39c5000-7f84a3bc4000 ---p 0000a000 08:06 2627576                    /usr/lib/jvm/java-8-oracle/jre/lib/amd64/libinstrument.so
7f84a3bc4000-7f84a3bc5000 rw-p 00009000 08:06 2627576                    /usr/lib/jvm/java-8-oracle/jre/lib/amd64/libinstrument.so
7f84a3bc5000-7f84a3bef000 r-xp 00000000 08:06 2627552                    /usr/lib/jvm/java-8-oracle/jre/lib/amd64/libjava.so
7f84a3bef000-7f84a3def000 ---p 0002a000 08:06 2627552                    /usr/lib/jvm/java-8-oracle/jre/lib/amd64/libjava.so
7f84a3def000-7f84a3df1000 rw-p 0002a000 08:06 2627552                    /usr/lib/jvm/java-8-oracle/jre/lib/amd64/libjava.so
7f84a3df1000-7f84a3dfe000 r-xp 00000000 08:06 2627592                    /usr/lib/jvm/java-8-oracle/jre/lib/amd64/libverify.so
7f84a3dfe000-7f84a3ffe000 ---p 0000d000 08:06 2627592                    /usr/lib/jvm/java-8-oracle/jre/lib/amd64/libverify.so
7f84a3ffe000-7f84a4000000 rw-p 0000d000 08:06 2627592                    /usr/lib/jvm/java-8-oracle/jre/lib/amd64/libverify.so
7f84a4000000-7f84a44f1000 rw-p 00000000 00:00 0 
7f84a44f1000-7f84a8000000 ---p 00000000 00:00 0 
7f84a805f000-7f84a8073000 rw-p 00000000 00:00 0 
7f84a8073000-7f84a81b5000 ---p 00000000 00:00 0 
7f84a81b5000-7f84a81bc000 r-xp 00000000 08:06 3805506                    /lib/x86_64-linux-gnu/librt-2.21.so
7f84a81bc000-7f84a83bb000 ---p 00007000 08:06 3805506                    /lib/x86_64-linux-gnu/librt-2.21.so
7f84a83bb000-7f84a83bc000 r--p 00006000 08:06 3805506                    /lib/x86_64-linux-gnu/librt-2.21.so
7f84a83bc000-7f84a83bd000 rw-p 00007000 08:06 3805506                    /lib/x86_64-linux-gnu/librt-2.21.so
7f84a83bd000-7f84a84c4000 r-xp 00000000 08:06 3805424                    /lib/x86_64-linux-gnu/libm-2.21.so
7f84a84c4000-7f84a86c3000 ---p 00107000 08:06 3805424                    /lib/x86_64-linux-gnu/libm-2.21.so
7f84a86c3000-7f84a86c4000 r--p 00106000 08:06 3805424                    /lib/x86_64-linux-gnu/libm-2.21.so
7f84a86c4000-7f84a86c5000 rw-p 00107000 08:06 3805424                    /lib/x86_64-linux-gnu/libm-2.21.so
7f84a86c5000-7f84a9373000 r-xp 00000000 08:06 2895060                    /usr/lib/jvm/java-8-oracle/jre/lib/amd64/server/libjvm.so
7f84a9373000-7f84a9572000 ---p 00cae000 08:06 2895060                    /usr/lib/jvm/java-8-oracle/jre/lib/amd64/server/libjvm.so
7f84a9572000-7f84a9649000 rw-p 00cad000 08:06 2895060                    /usr/lib/jvm/java-8-oracle/jre/lib/amd64/server/libjvm.so
7f84a9649000-7f84a968d000 rw-p 00000000 00:00 0 
7f84a968d000-7f84a984d000 r-xp 00000000 08:06 3805365                    /lib/x86_64-linux-gnu/libc-2.21.so
7f84a984d000-7f84a9a4d000 ---p 001c0000 08:06 3805365                    /lib/x86_64-linux-gnu/libc-2.21.so
7f84a9a4d000-7f84a9a51000 r--p 001c0000 08:06 3805365                    /lib/x86_64-linux-gnu/libc-2.21.so
7f84a9a51000-7f84a9a53000 rw-p 001c4000 08:06 3805365                    /lib/x86_64-linux-gnu/libc-2.21.so
7f84a9a53000-7f84a9a57000 rw-p 00000000 00:00 0 
7f84a9a57000-7f84a9a5a000 r-xp 00000000 08:06 3805382                    /lib/x86_64-linux-gnu/libdl-2.21.so
7f84a9a5a000-7f84a9c59000 ---p 00003000 08:06 3805382                    /lib/x86_64-linux-gnu/libdl-2.21.so
7f84a9c59000-7f84a9c5a000 r--p 00002000 08:06 3805382                    /lib/x86_64-linux-gnu/libdl-2.21.so
7f84a9c5a000-7f84a9c5b000 rw-p 00003000 08:06 3805382                    /lib/x86_64-linux-gnu/libdl-2.21.so
7f84a9c5b000-7f84a9c70000 r-xp 00000000 08:06 3019914                    /usr/lib/jvm/java-8-oracle/lib/amd64/jli/libjli.so
7f84a9c70000-7f84a9e70000 ---p 00015000 08:06 3019914                    /usr/lib/jvm/java-8-oracle/lib/amd64/jli/libjli.so
7f84a9e70000-7f84a9e71000 rw-p 00015000 08:06 3019914                    /usr/lib/jvm/java-8-oracle/lib/amd64/jli/libjli.so
7f84a9e71000-7f84a9e89000 r-xp 00000000 08:06 3805498                    /lib/x86_64-linux-gnu/libpthread-2.21.so
7f84a9e89000-7f84aa089000 ---p 00018000 08:06 3805498                    /lib/x86_64-linux-gnu/libpthread-2.21.so
7f84aa089000-7f84aa08a000 r--p 00018000 08:06 3805498                    /lib/x86_64-linux-gnu/libpthread-2.21.so
7f84aa08a000-7f84aa08b000 rw-p 00019000 08:06 3805498                    /lib/x86_64-linux-gnu/libpthread-2.21.so
7f84aa08b000-7f84aa08f000 rw-p 00000000 00:00 0 
7f84aa08f000-7f84aa0b3000 r-xp 00000000 08:06 3805337                    /lib/x86_64-linux-gnu/ld-2.21.so
7f84aa0cc000-7f84aa0d1000 r--s 00094000 08:06 2500729                    /usr/lib/jvm/java-8-oracle/jre/lib/jsse.jar
7f84aa0d1000-7f84aa18f000 rw-p 00000000 00:00 0 
7f84aa18f000-7f84aa192000 ---p 00000000 00:00 0 
7f84aa192000-7f84aa294000 rw-p 00000000 00:00 0                          [stack:10957]
7f84aa295000-7f84aa296000 rw-p 00000000 00:00 0 
7f84aa296000-7f84aa297000 r--s 00000000 08:06 2757819                    /usr/share/java/jayatanaag.jar
7f84aa297000-7f84aa2a6000 r--s 000dd000 08:06 5767987                    /home/ali/Android/Sdk/build-tools/21.1.2/lib/dx.jar
7f84aa2a6000-7f84aa2ae000 rw-s 00000000 08:06 7864401                    /tmp/hsperfdata_ali/10952
7f84aa2ae000-7f84aa2af000 rw-p 00000000 00:00 0 
7f84aa2af000-7f84aa2b0000 ---p 00000000 00:00 0 
7f84aa2b0000-7f84aa2b2000 rw-p 00000000 00:00 0 
7f84aa2b2000-7f84aa2b3000 r--p 00023000 08:06 3805337                    /lib/x86_64-linux-gnu/ld-2.21.so
7f84aa2b3000-7f84aa2b4000 rw-p 00024000 08:06 3805337                    /lib/x86_64-linux-gnu/ld-2.21.so
7f84aa2b4000-7f84aa2b5000 rw-p 00000000 00:00 0 
7ffe4f2eb000-7ffe4f30d000 rw-p 00000000 00:00 0                          [stack]
7ffe4f3e3000-7ffe4f3e5000 r--p 00000000 00:00 0                          [vvar]
7ffe4f3e5000-7ffe4f3e7000 r-xp 00000000 00:00 0                          [vdso]
ffffffffff600000-ffffffffff601000 r-xp 00000000 00:00 0                  [vsyscall]

VM Arguments:
jvm_args: -javaagent:/usr/share/java/jayatanaag.jar -Xmx1024M -Dfile.encoding=UTF-8 -Duser.country=US -Duser.language=en -Duser.variant 
java_command: com.android.dx.command.Main --dex --output /home/ali/AndroidStudioProjects/ChatforCOC/app/build/intermediates/dex/debug /home/ali/AndroidStudioProjects/ChatforCOC/app/build/intermediates/classes/debug /home/ali/AndroidStudioProjects/ChatforCOC/app/build/intermediates/pre-dexed/debug/classes-b409c2cdf9f1f7b98537bc39e12571b4aefe33b0.jar /home/ali/AndroidStudioProjects/ChatforCOC/app/build/intermediates/pre-dexed/debug/support-annotations-22.1.1-c01303d5b19964eb7aad48f53f890f869d90926a.jar /home/ali/AndroidStudioProjects/ChatforCOC/app/build/intermediates/pre-dexed/debug/classes-759fe52072fc9cd531d3982412c336dacd0db5ac.jar /home/ali/AndroidStudioProjects/ChatforCOC/app/build/intermediates/pre-dexed/debug/classes-c4fc9846adc68125b61a78e3b9eadbc65e184633.jar /home/ali/AndroidStudioProjects/ChatforCOC/app/build/intermediates/pre-dexed/debug/classes-296b5dca5303cb1e5328e3c66969c54066a1e1c6.jar /home/ali/AndroidStudioProjects/ChatforCOC/app/build/intermediates/pre-dexed/debug/classes-1dd6d42e1763d544d7aeb5765daeab8a68b6476c.jar /home/ali/AndroidStudioProjects/ChatforCOC/app/build/intermediates/pre-dexed/debug/classes-00aca01c1c9a390c1eb614f090226aaa46c92908.jar /home/ali/AndroidStudioProjects/ChatforCOC/app/build/intermediates/pre-dexed/debug/socket.io-client-0.3.0-5853dfc4302a9038ae9c83edf1b6e3d4e59624df.jar /home/ali/AndroidStudioProjects/ChatforCOC/app/build/intermediates/pre-dexed/debug/classes-8bcb4d8e77085340b4b616d92bd254b99f8bdf70.jar /home/ali/AndroidStudioProjects/ChatforCOC/app/build/intermediates/pre-dexed/debug/classes-f6985f0e540d08287e0a2cc96f83bc1e74b63b97.jar /home/ali/AndroidStudioProjects/ChatforCOC/app/build/intermediates/pre-dexed/debug/engine.io-client-0.3.1-36b93f72975e68d24d95ccb61a777a7fbaef45bf.jar /home/ali/AndroidStudioProjects/ChatforCOC/app/build/intermediates/pre-dexed/debug/classes-cfbb7dd3fef241c5c28f60dd0c390ddb2d5478de.jar /home/ali/AndroidStudioProjects/ChatforCOC/app/build/intermediates/pre-dexed/debug/classes-b136cf666e6
java_class_path (initial): /home/ali/Android/Sdk/build-tools/21.1.2/lib/dx.jar:/usr/share/java/jayatanaag.jar
Launcher Type: SUN_STANDARD

Environment Variables:
JAVA_HOME=/usr/lib/jvm/java-7-oracle
JAVA_TOOL_OPTIONS=-javaagent:/usr/share/java/jayatanaag.jar 
PATH=/usr/local/sbin:/usr/local/bin:/usr/sbin:/usr/bin:/sbin:/bin:/usr/games:/usr/local/games:/usr/lib/jvm/java-7-oracle/bin:/usr/lib/jvm/java-7-oracle/db/bin:/usr/lib/jvm/java-7-oracle/jre/bin
LD_LIBRARY_PATH=/opt/android-studio/bin:
SHELL=/bin/bash
DISPLAY=:0

Signal Handlers:
SIGSEGV: [libjvm.so+0xaad1e0], sa_mask[0]=11111111011111111101111111111110, sa_flags=SA_RESTART|SA_SIGINFO
SIGBUS: [libjvm.so+0xaad1e0], sa_mask[0]=11111111011111111101111111111110, sa_flags=SA_RESTART|SA_SIGINFO
SIGFPE: [libjvm.so+0x90b450], sa_mask[0]=11111111011111111101111111111110, sa_flags=SA_RESTART|SA_SIGINFO
SIGPIPE: [libjvm.so+0x90b450], sa_mask[0]=11111111011111111101111111111110, sa_flags=SA_RESTART|SA_SIGINFO
SIGXFSZ: [libjvm.so+0x90b450], sa_mask[0]=11111111011111111101111111111110, sa_flags=SA_RESTART|SA_SIGINFO
SIGILL: [libjvm.so+0x90b450], sa_mask[0]=11111111011111111101111111111110, sa_flags=SA_RESTART|SA_SIGINFO
SIGUSR1: SIG_DFL, sa_mask[0]=00000000000000000000000000000000, sa_flags=none
SIGUSR2: [libjvm.so+0x90ca90], sa_mask[0]=00100000000000000000000000000000, sa_flags=SA_RESTART|SA_SIGINFO
SIGHUP: [libjvm.so+0x90dde0], sa_mask[0]=11111111011111111101111111111110, sa_flags=SA_RESTART|SA_SIGINFO
SIGINT: [libjvm.so+0x90dde0], sa_mask[0]=11111111011111111101111111111110, sa_flags=SA_RESTART|SA_SIGINFO
SIGTERM: [libjvm.so+0x90dde0], sa_mask[0]=11111111011111111101111111111110, sa_flags=SA_RESTART|SA_SIGINFO
SIGQUIT: [libjvm.so+0x90dde0], sa_mask[0]=11111111011111111101111111111110, sa_flags=SA_RESTART|SA_SIGINFO


---------------  S Y S T E M  ---------------

OS:DISTRIB_ID=Ubuntu
DISTRIB_RELEASE=15.04
DISTRIB_CODENAME=vivid
DISTRIB_DESCRIPTION="Ubuntu 15.04"

uname:Linux 3.19.0-18-generic #18-Ubuntu SMP Tue May 19 18:31:35 UTC 2015 x86_64
libc:glibc 2.21 NPTL 2.21 
rlimit: STACK 8192k, CORE 0k, NPROC 14921, NOFILE 65536, AS infinity
load average:1,49 1,19 0,80

/proc/meminfo:
MemTotal:        3842080 kB
MemFree:          125316 kB
MemAvailable:      94288 kB
Buffers:            9076 kB
Cached:           240736 kB
SwapCached:         2672 kB
Active:          2361480 kB
Inactive:        1193096 kB
Active(anon):    2320296 kB
Inactive(anon):  1160488 kB
Active(file):      41184 kB
Inactive(file):    32608 kB
Unevictable:          48 kB
Mlocked:              48 kB
SwapTotal:        194556 kB
SwapFree:              0 kB
Dirty:              9388 kB
Writeback:             0 kB
AnonPages:       3301884 kB
Mapped:            84812 kB
Shmem:            176536 kB
Slab:              67344 kB
SReclaimable:      33088 kB
SUnreclaim:        34256 kB
KernelStack:       10000 kB
PageTables:        41092 kB
NFS_Unstable:          0 kB
Bounce:                0 kB
WritebackTmp:          0 kB
CommitLimit:     2115596 kB
Committed_AS:    7736848 kB
VmallocTotal:   34359738367 kB
VmallocUsed:      425440 kB
VmallocChunk:   34359304188 kB
HardwareCorrupted:     0 kB
AnonHugePages:   2097152 kB
CmaTotal:              0 kB
CmaFree:               0 kB
HugePages_Total:       0
HugePages_Free:        0
HugePages_Rsvd:        0
HugePages_Surp:        0
Hugepagesize:       2048 kB
DirectMap4k:      123136 kB
DirectMap2M:     3864576 kB


CPU:total 4 (2 cores per cpu, 2 threads per core) family 6 model 37 stepping 5, cmov, cx8, fxsr, mmx, sse, sse2, sse3, ssse3, sse4.1, sse4.2, popcnt, ht, tsc, tscinvbit

/proc/cpuinfo:
processor	: 0
vendor_id	: GenuineIntel
cpu family	: 6
model		: 37
model name	: Intel(R) Core(TM) i5 CPU       M 460  @ 2.53GHz
stepping	: 5
microcode	: 0x2
cpu MHz		: 2534.000
cache size	: 3072 KB
physical id	: 0
siblings	: 4
core id		: 0
cpu cores	: 2
apicid		: 0
initial apicid	: 0
fpu		: yes
fpu_exception	: yes
cpuid level	: 11
wp		: yes
flags		: fpu vme de pse tsc msr pae mce cx8 apic sep mtrr pge mca cmov pat pse36 clflush dts acpi mmx fxsr sse sse2 ss ht tm pbe syscall nx rdtscp lm constant_tsc arch_perfmon pebs bts rep_good nopl xtopology nonstop_tsc aperfmperf pni dtes64 monitor ds_cpl vmx est tm2 ssse3 cx16 xtpr pdcm pcid sse4_1 sse4_2 popcnt lahf_lm ida arat dtherm tpr_shadow vnmi flexpriority ept vpid
bugs		:
bogomips	: 5053.82
clflush size	: 64
cache_alignment	: 64
address sizes	: 36 bits physical, 48 bits virtual
power management:

processor	: 1
vendor_id	: GenuineIntel
cpu family	: 6
model		: 37
model name	: Intel(R) Core(TM) i5 CPU       M 460  @ 2.53GHz
stepping	: 5
microcode	: 0x2
cpu MHz		: 1866.000
cache size	: 3072 KB
physical id	: 0
siblings	: 4
core id		: 0
cpu cores	: 2
apicid		: 1
initial apicid	: 1
fpu		: yes
fpu_exception	: yes
cpuid level	: 11
wp		: yes
flags		: fpu vme de pse tsc msr pae mce cx8 apic sep mtrr pge mca cmov pat pse36 clflush dts acpi mmx fxsr sse sse2 ss ht tm pbe syscall nx rdtscp lm constant_tsc arch_perfmon pebs bts rep_good nopl xtopology nonstop_tsc aperfmperf pni dtes64 monitor ds_cpl vmx est tm2 ssse3 cx16 xtpr pdcm pcid sse4_1 sse4_2 popcnt lahf_lm ida arat dtherm tpr_shadow vnmi flexpriority ept vpid
bugs		:
bogomips	: 5053.82
clflush size	: 64
cache_alignment	: 64
address sizes	: 36 bits physical, 48 bits virtual
power management:

processor	: 2
vendor_id	: GenuineIntel
cpu family	: 6
model		: 37
model name	: Intel(R) Core(TM) i5 CPU       M 460  @ 2.53GHz
stepping	: 5
microcode	: 0x2
cpu MHz		: 2534.000
cache size	: 3072 KB
physical id	: 0
siblings	: 4
core id		: 2
cpu cores	: 2
apicid		: 4
initial apicid	: 4
fpu		: yes
fpu_exception	: yes
cpuid level	: 11
wp		: yes
flags		: fpu vme de pse tsc msr pae mce cx8 apic sep mtrr pge mca cmov pat pse36 clflush dts acpi mmx fxsr sse sse2 ss ht tm pbe syscall nx rdtscp lm constant_tsc arch_perfmon pebs bts rep_good nopl xtopology nonstop_tsc aperfmperf pni dtes64 monitor ds_cpl vmx est tm2 ssse3 cx16 xtpr pdcm pcid sse4_1 sse4_2 popcnt lahf_lm ida arat dtherm tpr_shadow vnmi flexpriority ept vpid
bugs		:
bogomips	: 5053.82
clflush size	: 64
cache_alignment	: 64
address sizes	: 36 bits physical, 48 bits virtual
power management:

processor	: 3
vendor_id	: GenuineIntel
cpu family	: 6
model		: 37
model name	: Intel(R) Core(TM) i5 CPU       M 460  @ 2.53GHz
stepping	: 5
microcode	: 0x2
cpu MHz		: 2534.000
cache size	: 3072 KB
physical id	: 0
siblings	: 4
core id		: 2
cpu cores	: 2
apicid		: 5
initial apicid	: 5
fpu		: yes
fpu_exception	: yes
cpuid level	: 11
wp		: yes
flags		: fpu vme de pse tsc msr pae mce cx8 apic sep mtrr pge mca cmov pat pse36 clflush dts acpi mmx fxsr sse sse2 ss ht tm pbe syscall nx rdtscp lm constant_tsc arch_perfmon pebs bts rep_good nopl xtopology nonstop_tsc aperfmperf pni dtes64 monitor ds_cpl vmx est tm2 ssse3 cx16 xtpr pdcm pcid sse4_1 sse4_2 popcnt lahf_lm ida arat dtherm tpr_shadow vnmi flexpriority ept vpid
bugs		:
bogomips	: 5053.82
clflush size	: 64
cache_alignment	: 64
address sizes	: 36 bits physical, 48 bits virtual
power management:



Memory: 4k page, physical 3842080k(125316k free), swap 194556k(0k free)

vm_info: Java HotSpot(TM) 64-Bit Server VM (25.45-b02) for linux-amd64 JRE (1.8.0_45-b14), built on Apr 10 2015 10:07:45 by "java_re" with gcc 4.3.0 20080428 (Red Hat 4.3.0-8)

time: Sat Jun  6 13:48:56 2015
elapsed time: 3 seconds (0d 0h 0m 3s)

