#
# There is insufficient memory for the Java Runtime Environment to continue.
# Native memory allocation (mmap) failed to map 91226112 bytes for committing reserved memory.
# Possible reasons:
#   The system is out of physical RAM or swap space
#   In 32 bit mode, the process size limit was hit
# Possible solutions:
#   Reduce memory load on the system
#   Increase physical memory or swap space
#   Check if swap backing store is full
#   Use 64 bit Java on a 64 bit OS
#   Decrease Java heap size (-Xmx/-Xms)
#   Decrease number of Java threads
#   Decrease Java thread stack sizes (-Xss)
#   Set larger code cache with -XX:ReservedCodeCacheSize=
# This output file may be truncated or incomplete.
#
#  Out of Memory Error (os_linux.cpp:2673), pid=9774, tid=139653126551296
#
# JRE version: Java(TM) SE Runtime Environment (8.0_45-b14) (build 1.8.0_45-b14)
# Java VM: Java HotSpot(TM) 64-Bit Server VM (25.45-b02 mixed mode linux-amd64 compressed oops)
# Failed to write core dump. Core dumps have been disabled. To enable core dumping, try "ulimit -c unlimited" before starting Java again
#

---------------  T H R E A D  ---------------

Current thread (0x00007f0398140000):  VMThread [stack: 0x00007f0386eff000,0x00007f0387000000] [id=9812]

Stack: [0x00007f0386eff000,0x00007f0387000000],  sp=0x00007f0386ffe220,  free space=1020k
Native frames: (J=compiled Java code, j=interpreted, Vv=VM code, C=native code)
V  [libjvm.so+0xaac99a]  VMError::report_and_die()+0x2ba
V  [libjvm.so+0x4f333b]  report_vm_out_of_memory(char const*, int, unsigned long, VMErrorType, char const*)+0x8b
V  [libjvm.so+0x90e7c3]  os::Linux::commit_memory_impl(char*, unsigned long, bool)+0x103
V  [libjvm.so+0x90ed19]  os::pd_commit_memory(char*, unsigned long, unsigned long, bool)+0x29
V  [libjvm.so+0x90867a]  os::commit_memory(char*, unsigned long, unsigned long, bool)+0x2a
V  [libjvm.so+0x97bac3]  PSVirtualSpace::expand_by(unsigned long)+0x53
V  [libjvm.so+0x97cec8]  PSYoungGen::resize_generation(unsigned long, unsigned long)+0xf8
V  [libjvm.so+0x97c022]  PSYoungGen::resize(unsigned long, unsigned long)+0x22
V  [libjvm.so+0x9792fb]  PSScavenge::invoke_no_policy()+0xf7b
V  [libjvm.so+0x979a81]  PSScavenge::invoke()+0x41
V  [libjvm.so+0x932050]  ParallelScavengeHeap::failed_mem_allocate(unsigned long)+0x70
V  [libjvm.so+0xaae1d7]  VM_ParallelGCFailedAllocation::doit()+0x97
V  [libjvm.so+0xab59c5]  VM_Operation::evaluate()+0x55
V  [libjvm.so+0xab3d9a]  VMThread::evaluate_operation(VM_Operation*)+0xba
V  [libjvm.so+0xab411e]  VMThread::loop()+0x1ce
V  [libjvm.so+0xab4590]  VMThread::run()+0x70
V  [libjvm.so+0x910de8]  java_start(Thread*)+0x108

VM_Operation (0x00007f03a18a9aa0): ParallelGCFailedAllocation, mode: safepoint, requested by thread 0x00007f039800b000


---------------  P R O C E S S  ---------------

Java Threads: ( => current thread )
  0x00007f03981c4800 JavaThread "Service Thread" daemon [_thread_blocked, id=9847, stack(0x00007f038545f000,0x00007f0385560000)]
  0x00007f03981c1800 JavaThread "C1 CompilerThread2" daemon [_thread_blocked, id=9843, stack(0x00007f0385560000,0x00007f0385661000)]
  0x00007f03981bf800 JavaThread "C2 CompilerThread1" daemon [_thread_blocked, id=9841, stack(0x00007f0385661000,0x00007f0385762000)]
  0x00007f03981bb000 JavaThread "C2 CompilerThread0" daemon [_thread_blocked, id=9840, stack(0x00007f0385762000,0x00007f0385863000)]
  0x00007f039817e000 JavaThread "Signal Dispatcher" daemon [_thread_blocked, id=9828, stack(0x00007f03863c8000,0x00007f03864c9000)]
  0x00007f0398147000 JavaThread "Finalizer" daemon [_thread_blocked, id=9820, stack(0x00007f0386cfd000,0x00007f0386dfe000)]
  0x00007f0398145000 JavaThread "Reference Handler" daemon [_thread_blocked, id=9819, stack(0x00007f0386dfe000,0x00007f0386eff000)]
  0x00007f039800b000 JavaThread "main" [_thread_blocked, id=9779, stack(0x00007f03a17ab000,0x00007f03a18ac000)]

Other Threads:
=>0x00007f0398140000 VMThread [stack: 0x00007f0386eff000,0x00007f0387000000] [id=9812]
  0x00007f03981c7800 WatcherThread [stack: 0x00007f038535e000,0x00007f038545f000] [id=9849]

VM state:at safepoint (normal execution)

VM Mutex/Monitor currently owned by a thread:  ([mutex/lock_event])
[0x00007f0398007390] Threads_lock - owner thread: 0x00007f0398140000
[0x00007f0398007890] Heap_lock - owner thread: 0x00007f039800b000

Heap:
 PSYoungGen      total 122880K, used 27640K [0x00000000eab00000, 0x00000000f4a00000, 0x0000000100000000)
  eden space 95232K, 0% used [0x00000000eab00000,0x00000000eab00000,0x00000000f0800000)
  from space 27648K, 99% used [0x00000000f1400000,0x00000000f2efe0e0,0x00000000f2f00000)
  to   space 19968K, 0% used [0x00000000f3680000,0x00000000f3680000,0x00000000f4a00000)
 ParOldGen       total 75776K, used 75763K [0x00000000c0000000, 0x00000000c4a00000, 0x00000000eab00000)
  object space 75776K, 99% used [0x00000000c0000000,0x00000000c49fcf18,0x00000000c4a00000)
 Metaspace       used 5891K, capacity 7092K, committed 7296K, reserved 1056768K
  class space    used 555K, capacity 616K, committed 640K, reserved 1048576K

Card table byte_map: [0x00007f039e171000,0x00007f039e372000] byte_map_base: 0x00007f039db71000

Marking Bits: (ParMarkBitMap*) 0x00007f03a0c7b760
 Begin Bits: [0x00007f0387000000, 0x00007f0388000000)
 End Bits:   [0x00007f0388000000, 0x00007f0389000000)

Polling page: 0x00007f03a18c8000

CodeCache: size=245760Kb used=7127Kb max_used=7193Kb free=238632Kb
 bounds [0x00007f0389000000, 0x00007f0389720000, 0x00007f0398000000]
 total_blobs=1905 nmethods=1640 adapters=180
 compilation: enabled

Compilation events (10 events):
Event: 11,574 Thread 0x00007f03981c1800 1746       2       com.android.dx.util.ByteArray::getByte (14 bytes)
Event: 11,575 Thread 0x00007f03981c1800 nmethod 1746 0x00007f03896c2990 code [0x00007f03896c2b00, 0x00007f03896c2cc8]
Event: 11,612 Thread 0x00007f03981c1800 1748       2       com.android.dx.ssa.SCCP::simulateStmt (481 bytes)
Event: 11,615 Thread 0x00007f03981c1800 nmethod 1748 0x00007f03896cd5d0 code [0x00007f03896cd840, 0x00007f03896ce118]
Event: 11,631 Thread 0x00007f03981c1800 1749       1       com.android.dx.cf.code.ByteOps::opInfo (6 bytes)
Event: 11,632 Thread 0x00007f03981c1800 nmethod 1749 0x00007f03896c2650 code [0x00007f03896c27a0, 0x00007f03896c28b0]
Event: 11,700 Thread 0x00007f03981bf800 nmethod 1729 0x00007f03896df950 code [0x00007f03896dfb80, 0x00007f03896e0c98]
Event: 11,701 Thread 0x00007f03981bf800 1747   !   4       com.android.dx.cf.code.BytecodeArray::parseInstruction (2764 bytes)
Event: 12,265 Thread 0x00007f03981bb000 nmethod 1634 0x00007f03896f0c10 code [0x00007f03896f17c0, 0x00007f03896fede0]
Event: 12,270 Thread 0x00007f03981bb000 1753   !   4       com.android.dx.cf.code.RopperMachine::run (1550 bytes)

GC Heap History (10 events):
Event: 4,942 GC heap after
Heap after GC invocations=3 (full 0):
 PSYoungGen      total 33280K, used 2549K [0x00000000eab00000, 0x00000000eec00000, 0x0000000100000000)
  eden space 30720K, 0% used [0x00000000eab00000,0x00000000eab00000,0x00000000ec900000)
  from space 2560K, 99% used [0x00000000ec900000,0x00000000ecb7d6c8,0x00000000ecb80000)
  to   space 2560K, 0% used [0x00000000ee980000,0x00000000ee980000,0x00000000eec00000)
 ParOldGen       total 40960K, used 8366K [0x00000000c0000000, 0x00000000c2800000, 0x00000000eab00000)
  object space 40960K, 20% used [0x00000000c0000000,0x00000000c082baf8,0x00000000c2800000)
 Metaspace       used 5771K, capacity 6964K, committed 7040K, reserved 1056768K
  class space    used 553K, capacity 616K, committed 640K, reserved 1048576K
}
Event: 6,079 GC heap before
{Heap before GC invocations=4 (full 0):
 PSYoungGen      total 33280K, used 33269K [0x00000000eab00000, 0x00000000eec00000, 0x0000000100000000)
  eden space 30720K, 100% used [0x00000000eab00000,0x00000000ec900000,0x00000000ec900000)
  from space 2560K, 99% used [0x00000000ec900000,0x00000000ecb7d6c8,0x00000000ecb80000)
  to   space 2560K, 0% used [0x00000000ee980000,0x00000000ee980000,0x00000000eec00000)
 ParOldGen       total 40960K, used 8366K [0x00000000c0000000, 0x00000000c2800000, 0x00000000eab00000)
  object space 40960K, 20% used [0x00000000c0000000,0x00000000c082baf8,0x00000000c2800000)
 Metaspace       used 5855K, capacity 7028K, committed 7296K, reserved 1056768K
  class space    used 553K, capacity 616K, committed 640K, reserved 1048576K
Event: 6,182 GC heap after
Heap after GC invocations=4 (full 0):
 PSYoungGen      total 64000K, used 2560K [0x00000000eab00000, 0x00000000eec00000, 0x0000000100000000)
  eden space 61440K, 0% used [0x00000000eab00000,0x00000000eab00000,0x00000000ee700000)
  from space 2560K, 100% used [0x00000000ee980000,0x00000000eec00000,0x00000000eec00000)
  to   space 2560K, 0% used [0x00000000ee700000,0x00000000ee700000,0x00000000ee980000)
 ParOldGen       total 40960K, used 12713K [0x00000000c0000000, 0x00000000c2800000, 0x00000000eab00000)
  object space 40960K, 31% used [0x00000000c0000000,0x00000000c0c6a6a0,0x00000000c2800000)
 Metaspace       used 5855K, capacity 7028K, committed 7296K, reserved 1056768K
  class space    used 553K, capacity 616K, committed 640K, reserved 1048576K
}
Event: 8,878 GC heap before
{Heap before GC invocations=5 (full 0):
 PSYoungGen      total 64000K, used 64000K [0x00000000eab00000, 0x00000000eec00000, 0x0000000100000000)
  eden space 61440K, 100% used [0x00000000eab00000,0x00000000ee700000,0x00000000ee700000)
  from space 2560K, 100% used [0x00000000ee980000,0x00000000eec00000,0x00000000eec00000)
  to   space 2560K, 0% used [0x00000000ee700000,0x00000000ee700000,0x00000000ee980000)
 ParOldGen       total 40960K, used 12713K [0x00000000c0000000, 0x00000000c2800000, 0x00000000eab00000)
  object space 40960K, 31% used [0x00000000c0000000,0x00000000c0c6a6a0,0x00000000c2800000)
 Metaspace       used 5879K, capacity 7092K, committed 7296K, reserved 1056768K
  class space    used 553K, capacity 616K, committed 640K, reserved 1048576K
Event: 9,000 GC heap after
Heap after GC invocations=5 (full 0):
 PSYoungGen      total 64000K, used 2560K [0x00000000eab00000, 0x00000000f4a00000, 0x0000000100000000)
  eden space 61440K, 0% used [0x00000000eab00000,0x00000000eab00000,0x00000000ee700000)
  from space 2560K, 100% used [0x00000000ee700000,0x00000000ee980000,0x00000000ee980000)
  to   space 19968K, 0% used [0x00000000f3680000,0x00000000f3680000,0x00000000f4a00000)
 ParOldGen       total 40960K, used 33262K [0x00000000c0000000, 0x00000000c2800000, 0x00000000eab00000)
  object space 40960K, 81% used [0x00000000c0000000,0x00000000c207b9e0,0x00000000c2800000)
 Metaspace       used 5879K, capacity 7092K, committed 7296K, reserved 1056768K
  class space    used 553K, capacity 616K, committed 640K, reserved 1048576K
}
Event: 9,000 GC heap before
{Heap before GC invocations=6 (full 1):
 PSYoungGen      total 64000K, used 2560K [0x00000000eab00000, 0x00000000f4a00000, 0x0000000100000000)
  eden space 61440K, 0% used [0x00000000eab00000,0x00000000eab00000,0x00000000ee700000)
  from space 2560K, 100% used [0x00000000ee700000,0x00000000ee980000,0x00000000ee980000)
  to   space 19968K, 0% used [0x00000000f3680000,0x00000000f3680000,0x00000000f4a00000)
 ParOldGen       total 40960K, used 33262K [0x00000000c0000000, 0x00000000c2800000, 0x00000000eab00000)
  object space 40960K, 81% used [0x00000000c0000000,0x00000000c207b9e0,0x00000000c2800000)
 Metaspace       used 5879K, capacity 7092K, committed 7296K, reserved 1056768K
  class space    used 553K, capacity 616K, committed 640K, reserved 1048576K
Event: 9,451 GC heap after
Heap after GC invocations=6 (full 1):
 PSYoungGen      total 64000K, used 0K [0x00000000eab00000, 0x00000000f4a00000, 0x0000000100000000)
  eden space 61440K, 0% used [0x00000000eab00000,0x00000000eab00000,0x00000000ee700000)
  from space 2560K, 0% used [0x00000000ee700000,0x00000000ee700000,0x00000000ee980000)
  to   space 19968K, 0% used [0x00000000f3680000,0x00000000f3680000,0x00000000f4a00000)
 ParOldGen       total 73728K, used 33359K [0x00000000c0000000, 0x00000000c4800000, 0x00000000eab00000)
  object space 73728K, 45% used [0x00000000c0000000,0x00000000c2093db8,0x00000000c4800000)
 Metaspace       used 5879K, capacity 7092K, committed 7296K, reserved 1056768K
  class space    used 553K, capacity 616K, committed 640K, reserved 1048576K
}
Event: 9,919 GC heap before
{Heap before GC invocations=7 (full 1):
 PSYoungGen      total 64000K, used 61440K [0x00000000eab00000, 0x00000000f4a00000, 0x0000000100000000)
  eden space 61440K, 100% used [0x00000000eab00000,0x00000000ee700000,0x00000000ee700000)
  from space 2560K, 0% used [0x00000000ee700000,0x00000000ee700000,0x00000000ee980000)
  to   space 19968K, 0% used [0x00000000f3680000,0x00000000f3680000,0x00000000f4a00000)
 ParOldGen       total 73728K, used 33359K [0x00000000c0000000, 0x00000000c4800000, 0x00000000eab00000)
  object space 73728K, 45% used [0x00000000c0000000,0x00000000c2093db8,0x00000000c4800000)
 Metaspace       used 5888K, capacity 7092K, committed 7296K, reserved 1056768K
  class space    used 555K, capacity 616K, committed 640K, reserved 1048576K
Event: 10,005 GC heap after
Heap after GC invocations=7 (full 1):
 PSYoungGen      total 115200K, used 19947K [0x00000000eab00000, 0x00000000f4a00000, 0x0000000100000000)
  eden space 95232K, 0% used [0x00000000eab00000,0x00000000eab00000,0x00000000f0800000)
  from space 19968K, 99% used [0x00000000f3680000,0x00000000f49fac00,0x00000000f4a00000)
  to   space 27648K, 0% used [0x00000000f1400000,0x00000000f1400000,0x00000000f2f00000)
 ParOldGen       total 73728K, used 39407K [0x00000000c0000000, 0x00000000c4800000, 0x00000000eab00000)
  object space 73728K, 53% used [0x00000000c0000000,0x00000000c267bdb8,0x00000000c4800000)
 Metaspace       used 5888K, capacity 7092K, committed 7296K, reserved 1056768K
  class space    used 555K, capacity 616K, committed 640K, reserved 1048576K
}
Event: 12,957 GC heap before
{Heap before GC invocations=8 (full 1):
 PSYoungGen      total 115200K, used 115179K [0x00000000eab00000, 0x00000000f4a00000, 0x0000000100000000)
  eden space 95232K, 100% used [0x00000000eab00000,0x00000000f0800000,0x00000000f0800000)
  from space 19968K, 99% used [0x00000000f3680000,0x00000000f49fac00,0x00000000f4a00000)
  to   space 27648K, 0% used [0x00000000f1400000,0x00000000f1400000,0x00000000f2f00000)
 ParOldGen       total 73728K, used 39407K [0x00000000c0000000, 0x00000000c4800000, 0x00000000eab00000)
  object space 73728K, 53% used [0x00000000c0000000,0x00000000c267bdb8,0x00000000c4800000)
 Metaspace       used 5891K, capacity 7092K, committed 7296K, reserved 1056768K
  class space    used 555K, capacity 616K, committed 640K, reserved 1048576K

Deoptimization events (10 events):
Event: 10,325 Thread 0x00007f039800b000 Uncommon trap: reason=unstable_if action=reinterpret pc=0x00007f03894749a4 method=com.android.dx.ssa.SetFactory.makeLivenessSet(I)Lcom/android/dx/util/IntSet; @ 4
Event: 10,344 Thread 0x00007f039800b000 Uncommon trap: reason=class_check action=maybe_recompile pc=0x00007f0389494f1c method=com.android.dx.ssa.back.InterferenceGraph.add(II)V @ 19
Event: 10,344 Thread 0x00007f039800b000 Uncommon trap: reason=class_check action=maybe_recompile pc=0x00007f0389494f1c method=com.android.dx.ssa.back.InterferenceGraph.add(II)V @ 19
Event: 10,344 Thread 0x00007f039800b000 Uncommon trap: reason=class_check action=maybe_recompile pc=0x00007f0389494f1c method=com.android.dx.ssa.back.InterferenceGraph.add(II)V @ 19
Event: 10,344 Thread 0x00007f039800b000 Uncommon trap: reason=class_check action=maybe_recompile pc=0x00007f0389494f1c method=com.android.dx.ssa.back.InterferenceGraph.add(II)V @ 19
Event: 11,588 Thread 0x00007f039800b000 Uncommon trap: reason=bimorphic action=maybe_recompile pc=0x00007f038967ddb4 method=com.android.dx.cf.code.BytecodeArray.parseInstruction(ILcom/android/dx/cf/code/BytecodeArray$Visitor;)I @ 1130
Event: 11,589 Thread 0x00007f039800b000 Uncommon trap: reason=bimorphic action=maybe_recompile pc=0x00007f038967ddb4 method=com.android.dx.cf.code.BytecodeArray.parseInstruction(ILcom/android/dx/cf/code/BytecodeArray$Visitor;)I @ 1130
Event: 11,590 Thread 0x00007f039800b000 Uncommon trap: reason=bimorphic action=maybe_recompile pc=0x00007f038967ddb4 method=com.android.dx.cf.code.BytecodeArray.parseInstruction(ILcom/android/dx/cf/code/BytecodeArray$Visitor;)I @ 1130
Event: 11,597 Thread 0x00007f039800b000 Uncommon trap: reason=bimorphic action=maybe_recompile pc=0x00007f038967ddb4 method=com.android.dx.cf.code.BytecodeArray.parseInstruction(ILcom/android/dx/cf/code/BytecodeArray$Visitor;)I @ 1130
Event: 11,612 Thread 0x00007f039800b000 Uncommon trap: reason=unstable_if action=reinterpret pc=0x00007f03895758cc method=com.android.dx.ssa.SCCP.simulateStmt(Lcom/android/dx/ssa/SsaInsn;)V @ 59

Internal exceptions (3 events):
Event: 0,054 Thread 0x00007f039800b000 Exception <a 'java/lang/NoSuchMethodError': Method sun.misc.Unsafe.defineClass(Ljava/lang/String;[BII)Ljava/lang/Class; name or signature does not match> (0x00000000eab12708) thrown at [/RE-WORK/workspace/8-2-build-linux-amd64/jdk8u45/3457/hotspot/src/sha
Event: 0,054 Thread 0x00007f039800b000 Exception <a 'java/lang/NoSuchMethodError': Method sun.misc.Unsafe.prefetchRead(Ljava/lang/Object;J)V name or signature does not match> (0x00000000eab12998) thrown at [/RE-WORK/workspace/8-2-build-linux-amd64/jdk8u45/3457/hotspot/src/share/vm/prims/jni.cp
Event: 2,308 Thread 0x00007f039800b000 Implicit null exception at 0x00007f03893903e2 to 0x00007f03893904d3

Events (10 events):
Event: 11,590 Thread 0x00007f039800b000 Uncommon trap: trap_request=0xffffffc6 fr.pc=0x00007f038967ddb4
Event: 11,590 Thread 0x00007f039800b000 DEOPT PACKING pc=0x00007f038967ddb4 sp=0x00007f03a18a9a80
Event: 11,590 Thread 0x00007f039800b000 DEOPT UNPACKING pc=0x00007f0389005229 sp=0x00007f03a18a9a48 mode 2
Event: 11,597 Thread 0x00007f039800b000 Uncommon trap: trap_request=0xffffffc6 fr.pc=0x00007f038967ddb4
Event: 11,597 Thread 0x00007f039800b000 DEOPT PACKING pc=0x00007f038967ddb4 sp=0x00007f03a18a98e0
Event: 11,597 Thread 0x00007f039800b000 DEOPT UNPACKING pc=0x00007f0389005229 sp=0x00007f03a18a98a8 mode 2
Event: 11,612 Thread 0x00007f039800b000 Uncommon trap: trap_request=0xffffff65 fr.pc=0x00007f03895758cc
Event: 11,612 Thread 0x00007f039800b000 DEOPT PACKING pc=0x00007f03895758cc sp=0x00007f03a18a9b60
Event: 11,612 Thread 0x00007f039800b000 DEOPT UNPACKING pc=0x00007f0389005229 sp=0x00007f03a18a9b48 mode 2
Event: 12,954 Executing VM operation: ParallelGCFailedAllocation


Dynamic libraries:
00400000-00401000 r-xp 00000000 08:06 3019753                            /usr/lib/jvm/java-8-oracle/bin/java
00600000-00601000 rw-p 00000000 08:06 3019753                            /usr/lib/jvm/java-8-oracle/bin/java
0105c000-0107d000 rw-p 00000000 00:00 0                                  [heap]
c0000000-c4a00000 rw-p 00000000 00:00 0 
c4a00000-eab00000 ---p 00000000 00:00 0 
eab00000-f4a00000 rw-p 00000000 00:00 0 
fa100000-100000000 ---p 00000000 00:00 0 
100000000-1000a0000 rw-p 00000000 00:00 0 
1000a0000-140000000 ---p 00000000 00:00 0 
7f0350000000-7f0350021000 rw-p 00000000 00:00 0 
7f0350021000-7f0354000000 ---p 00000000 00:00 0 
7f0354000000-7f0354021000 rw-p 00000000 00:00 0 
7f0354021000-7f0358000000 ---p 00000000 00:00 0 
7f0358000000-7f03596c1000 rw-p 00000000 00:00 0 
7f03596c1000-7f035c000000 ---p 00000000 00:00 0 
7f035c000000-7f035c90e000 rw-p 00000000 00:00 0 
7f035c90e000-7f0360000000 ---p 00000000 00:00 0 
7f0360000000-7f0360021000 rw-p 00000000 00:00 0 
7f0360021000-7f0364000000 ---p 00000000 00:00 0 
7f0364000000-7f0365e47000 rw-p 00000000 00:00 0 
7f0365e47000-7f0368000000 ---p 00000000 00:00 0 
7f0368000000-7f0368021000 rw-p 00000000 00:00 0 
7f0368021000-7f036c000000 ---p 00000000 00:00 0 
7f036c000000-7f036c021000 rw-p 00000000 00:00 0 
7f036c021000-7f0370000000 ---p 00000000 00:00 0 
7f0370000000-7f0370021000 rw-p 00000000 00:00 0 
7f0370021000-7f0374000000 ---p 00000000 00:00 0 
7f0374000000-7f0374293000 rw-p 00000000 00:00 0 
7f0374293000-7f0378000000 ---p 00000000 00:00 0 
7f0378000000-7f0378021000 rw-p 00000000 00:00 0 
7f0378021000-7f037c000000 ---p 00000000 00:00 0 
7f037c000000-7f037c021000 rw-p 00000000 00:00 0 
7f037c021000-7f0380000000 ---p 00000000 00:00 0 
7f0380000000-7f0380021000 rw-p 00000000 00:00 0 
7f0380021000-7f0384000000 ---p 00000000 00:00 0 
7f038535e000-7f038535f000 ---p 00000000 00:00 0 
7f038535f000-7f038545f000 rw-p 00000000 00:00 0                          [stack:9849]
7f038545f000-7f0385462000 ---p 00000000 00:00 0 
7f0385462000-7f0385560000 rw-p 00000000 00:00 0                          [stack:9847]
7f0385560000-7f0385563000 ---p 00000000 00:00 0 
7f0385563000-7f0385661000 rw-p 00000000 00:00 0                          [stack:9843]
7f0385661000-7f0385664000 ---p 00000000 00:00 0 
7f0385664000-7f0385762000 rw-p 00000000 00:00 0                          [stack:9841]
7f0385762000-7f0385765000 ---p 00000000 00:00 0 
7f0385765000-7f0385863000 rw-p 00000000 00:00 0                          [stack:9840]
7f0385863000-7f0385868000 r-xp 00000000 08:06 2367760                    /usr/lib/x86_64-linux-gnu/libXdmcp.so.6.0.0
7f0385868000-7f0385a67000 ---p 00005000 08:06 2367760                    /usr/lib/x86_64-linux-gnu/libXdmcp.so.6.0.0
7f0385a67000-7f0385a68000 r--p 00004000 08:06 2367760                    /usr/lib/x86_64-linux-gnu/libXdmcp.so.6.0.0
7f0385a68000-7f0385a69000 rw-p 00005000 08:06 2367760                    /usr/lib/x86_64-linux-gnu/libXdmcp.so.6.0.0
7f0385a69000-7f0385a6b000 r-xp 00000000 08:06 2367749                    /usr/lib/x86_64-linux-gnu/libXau.so.6.0.0
7f0385a6b000-7f0385c6b000 ---p 00002000 08:06 2367749                    /usr/lib/x86_64-linux-gnu/libXau.so.6.0.0
7f0385c6b000-7f0385c6c000 r--p 00002000 08:06 2367749                    /usr/lib/x86_64-linux-gnu/libXau.so.6.0.0
7f0385c6c000-7f0385c6d000 rw-p 00003000 08:06 2367749                    /usr/lib/x86_64-linux-gnu/libXau.so.6.0.0
7f0385c6d000-7f0385c8a000 r-xp 00000000 08:06 2368947                    /usr/lib/x86_64-linux-gnu/libxcb.so.1.1.0
7f0385c8a000-7f0385e8a000 ---p 0001d000 08:06 2368947                    /usr/lib/x86_64-linux-gnu/libxcb.so.1.1.0
7f0385e8a000-7f0385e8b000 r--p 0001d000 08:06 2368947                    /usr/lib/x86_64-linux-gnu/libxcb.so.1.1.0
7f0385e8b000-7f0385e8c000 rw-p 0001e000 08:06 2368947                    /usr/lib/x86_64-linux-gnu/libxcb.so.1.1.0
7f0385e8c000-7f0385fbf000 r-xp 00000000 08:06 2367745                    /usr/lib/x86_64-linux-gnu/libX11.so.6.3.0
7f0385fbf000-7f03861bf000 ---p 00133000 08:06 2367745                    /usr/lib/x86_64-linux-gnu/libX11.so.6.3.0
7f03861bf000-7f03861c0000 r--p 00133000 08:06 2367745                    /usr/lib/x86_64-linux-gnu/libX11.so.6.3.0
7f03861c0000-7f03861c4000 rw-p 00134000 08:06 2367745                    /usr/lib/x86_64-linux-gnu/libX11.so.6.3.0
7f03861c4000-7f03861c5000 rw-p 00000000 00:00 0 
7f03861c5000-7f03861c7000 r-xp 00000000 08:06 2364830                    /usr/lib/jayatana/libjayatanaag.so
7f03861c7000-7f03863c6000 ---p 00002000 08:06 2364830                    /usr/lib/jayatana/libjayatanaag.so
7f03863c6000-7f03863c7000 r--p 00001000 08:06 2364830                    /usr/lib/jayatana/libjayatanaag.so
7f03863c7000-7f03863c8000 rw-p 00002000 08:06 2364830                    /usr/lib/jayatana/libjayatanaag.so
7f03863c8000-7f03863cb000 ---p 00000000 00:00 0 
7f03863cb000-7f03864c9000 rw-p 00000000 00:00 0                          [stack:9828]
7f03864c9000-7f0386cfd000 r--p 00000000 08:06 2366762                    /usr/lib/locale/locale-archive
7f0386cfd000-7f0386d00000 ---p 00000000 00:00 0 
7f0386d00000-7f0386dfe000 rw-p 00000000 00:00 0                          [stack:9820]
7f0386dfe000-7f0386e01000 ---p 00000000 00:00 0 
7f0386e01000-7f0386eff000 rw-p 00000000 00:00 0                          [stack:9819]
7f0386eff000-7f0386f00000 ---p 00000000 00:00 0 
7f0386f00000-7f0389000000 rw-p 00000000 00:00 0                          [stack:9812]
7f0389000000-7f0389720000 rwxp 00000000 00:00 0 
7f0389720000-7f0398000000 ---p 00000000 00:00 0 
7f0398000000-7f039846f000 rw-p 00000000 00:00 0 
7f039846f000-7f039c000000 ---p 00000000 00:00 0 
7f039c0b9000-7f039cfc8000 rw-p 00000000 00:00 0 
7f039cfc8000-7f039d1a1000 r--s 03d09000 08:06 2500731                    /usr/lib/jvm/java-8-oracle/jre/lib/rt.jar
7f039d1a1000-7f039d897000 rw-p 00000000 00:00 0 
7f039d897000-7f039da17000 ---p 00000000 00:00 0 
7f039da17000-7f039dc17000 rw-p 00000000 00:00 0 
7f039dc17000-7f039dc18000 ---p 00000000 00:00 0 
7f039dc18000-7f039dd18000 rw-p 00000000 00:00 0                          [stack:9797]
7f039dd18000-7f039dd19000 ---p 00000000 00:00 0 
7f039dd19000-7f039de19000 rw-p 00000000 00:00 0                          [stack:9794]
7f039de19000-7f039de1a000 ---p 00000000 00:00 0 
7f039de1a000-7f039df1a000 rw-p 00000000 00:00 0                          [stack:9793]
7f039df1a000-7f039df1b000 ---p 00000000 00:00 0 
7f039df1b000-7f039e040000 rw-p 00000000 00:00 0                          [stack:9788]
7f039e040000-7f039e171000 ---p 00000000 00:00 0 
7f039e171000-7f039e196000 rw-p 00000000 00:00 0 
7f039e196000-7f039e2c6000 ---p 00000000 00:00 0 
7f039e2c6000-7f039e316000 rw-p 00000000 00:00 0 
7f039e316000-7f039e371000 ---p 00000000 00:00 0 
7f039e371000-7f039e38f000 rw-p 00000000 00:00 0 
7f039e38f000-7f039e732000 ---p 00000000 00:00 0 
7f039e732000-7f039e74c000 r-xp 00000000 08:06 2627559                    /usr/lib/jvm/java-8-oracle/jre/lib/amd64/libzip.so
7f039e74c000-7f039e94c000 ---p 0001a000 08:06 2627559                    /usr/lib/jvm/java-8-oracle/jre/lib/amd64/libzip.so
7f039e94c000-7f039e94d000 rw-p 0001a000 08:06 2627559                    /usr/lib/jvm/java-8-oracle/jre/lib/amd64/libzip.so
7f039e94d000-7f039e959000 r-xp 00000000 08:06 3805451                    /lib/x86_64-linux-gnu/libnss_files-2.21.so
7f039e959000-7f039eb58000 ---p 0000c000 08:06 3805451                    /lib/x86_64-linux-gnu/libnss_files-2.21.so
7f039eb58000-7f039eb59000 r--p 0000b000 08:06 3805451                    /lib/x86_64-linux-gnu/libnss_files-2.21.so
7f039eb59000-7f039eb5a000 rw-p 0000c000 08:06 3805451                    /lib/x86_64-linux-gnu/libnss_files-2.21.so
7f039eb5a000-7f039eb65000 r-xp 00000000 08:06 3805461                    /lib/x86_64-linux-gnu/libnss_nis-2.21.so
7f039eb65000-7f039ed64000 ---p 0000b000 08:06 3805461                    /lib/x86_64-linux-gnu/libnss_nis-2.21.so
7f039ed64000-7f039ed65000 r--p 0000a000 08:06 3805461                    /lib/x86_64-linux-gnu/libnss_nis-2.21.so
7f039ed65000-7f039ed66000 rw-p 0000b000 08:06 3805461                    /lib/x86_64-linux-gnu/libnss_nis-2.21.so
7f039ed66000-7f039ed7d000 r-xp 00000000 08:06 3805445                    /lib/x86_64-linux-gnu/libnsl-2.21.so
7f039ed7d000-7f039ef7c000 ---p 00017000 08:06 3805445                    /lib/x86_64-linux-gnu/libnsl-2.21.so
7f039ef7c000-7f039ef7d000 r--p 00016000 08:06 3805445                    /lib/x86_64-linux-gnu/libnsl-2.21.so
7f039ef7d000-7f039ef7e000 rw-p 00017000 08:06 3805445                    /lib/x86_64-linux-gnu/libnsl-2.21.so
7f039ef7e000-7f039ef80000 rw-p 00000000 00:00 0 
7f039ef80000-7f039ef88000 r-xp 00000000 08:06 3805447                    /lib/x86_64-linux-gnu/libnss_compat-2.21.so
7f039ef88000-7f039f187000 ---p 00008000 08:06 3805447                    /lib/x86_64-linux-gnu/libnss_compat-2.21.so
7f039f187000-7f039f188000 r--p 00007000 08:06 3805447                    /lib/x86_64-linux-gnu/libnss_compat-2.21.so
7f039f188000-7f039f189000 rw-p 00008000 08:06 3805447                    /lib/x86_64-linux-gnu/libnss_compat-2.21.so
7f039f189000-7f039f193000 r-xp 00000000 08:06 2627576                    /usr/lib/jvm/java-8-oracle/jre/lib/amd64/libinstrument.so
7f039f193000-7f039f392000 ---p 0000a000 08:06 2627576                    /usr/lib/jvm/java-8-oracle/jre/lib/amd64/libinstrument.so
7f039f392000-7f039f393000 rw-p 00009000 08:06 2627576                    /usr/lib/jvm/java-8-oracle/jre/lib/amd64/libinstrument.so
7f039f393000-7f039f3bd000 r-xp 00000000 08:06 2627552                    /usr/lib/jvm/java-8-oracle/jre/lib/amd64/libjava.so
7f039f3bd000-7f039f5bd000 ---p 0002a000 08:06 2627552                    /usr/lib/jvm/java-8-oracle/jre/lib/amd64/libjava.so
7f039f5bd000-7f039f5bf000 rw-p 0002a000 08:06 2627552                    /usr/lib/jvm/java-8-oracle/jre/lib/amd64/libjava.so
7f039f5bf000-7f039f5cc000 r-xp 00000000 08:06 2627592                    /usr/lib/jvm/java-8-oracle/jre/lib/amd64/libverify.so
7f039f5cc000-7f039f7cc000 ---p 0000d000 08:06 2627592                    /usr/lib/jvm/java-8-oracle/jre/lib/amd64/libverify.so
7f039f7cc000-7f039f7ce000 rw-p 0000d000 08:06 2627592                    /usr/lib/jvm/java-8-oracle/jre/lib/amd64/libverify.so
7f039f7ce000-7f039f7d5000 r-xp 00000000 08:06 3805506                    /lib/x86_64-linux-gnu/librt-2.21.so
7f039f7d5000-7f039f9d4000 ---p 00007000 08:06 3805506                    /lib/x86_64-linux-gnu/librt-2.21.so
7f039f9d4000-7f039f9d5000 r--p 00006000 08:06 3805506                    /lib/x86_64-linux-gnu/librt-2.21.so
7f039f9d5000-7f039f9d6000 rw-p 00007000 08:06 3805506                    /lib/x86_64-linux-gnu/librt-2.21.so
7f039f9d6000-7f039fadd000 r-xp 00000000 08:06 3805424                    /lib/x86_64-linux-gnu/libm-2.21.so
7f039fadd000-7f039fcdc000 ---p 00107000 08:06 3805424                    /lib/x86_64-linux-gnu/libm-2.21.so
7f039fcdc000-7f039fcdd000 r--p 00106000 08:06 3805424                    /lib/x86_64-linux-gnu/libm-2.21.so
7f039fcdd000-7f039fcde000 rw-p 00107000 08:06 3805424                    /lib/x86_64-linux-gnu/libm-2.21.so
7f039fcde000-7f03a098c000 r-xp 00000000 08:06 2895060                    /usr/lib/jvm/java-8-oracle/jre/lib/amd64/server/libjvm.so
7f03a098c000-7f03a0b8b000 ---p 00cae000 08:06 2895060                    /usr/lib/jvm/java-8-oracle/jre/lib/amd64/server/libjvm.so
7f03a0b8b000-7f03a0c62000 rw-p 00cad000 08:06 2895060                    /usr/lib/jvm/java-8-oracle/jre/lib/amd64/server/libjvm.so
7f03a0c62000-7f03a0ca6000 rw-p 00000000 00:00 0 
7f03a0ca6000-7f03a0e66000 r-xp 00000000 08:06 3805365                    /lib/x86_64-linux-gnu/libc-2.21.so
7f03a0e66000-7f03a1066000 ---p 001c0000 08:06 3805365                    /lib/x86_64-linux-gnu/libc-2.21.so
7f03a1066000-7f03a106a000 r--p 001c0000 08:06 3805365                    /lib/x86_64-linux-gnu/libc-2.21.so
7f03a106a000-7f03a106c000 rw-p 001c4000 08:06 3805365                    /lib/x86_64-linux-gnu/libc-2.21.so
7f03a106c000-7f03a1070000 rw-p 00000000 00:00 0 
7f03a1070000-7f03a1073000 r-xp 00000000 08:06 3805382                    /lib/x86_64-linux-gnu/libdl-2.21.so
7f03a1073000-7f03a1272000 ---p 00003000 08:06 3805382                    /lib/x86_64-linux-gnu/libdl-2.21.so
7f03a1272000-7f03a1273000 r--p 00002000 08:06 3805382                    /lib/x86_64-linux-gnu/libdl-2.21.so
7f03a1273000-7f03a1274000 rw-p 00003000 08:06 3805382                    /lib/x86_64-linux-gnu/libdl-2.21.so
7f03a1274000-7f03a1289000 r-xp 00000000 08:06 3019914                    /usr/lib/jvm/java-8-oracle/lib/amd64/jli/libjli.so
7f03a1289000-7f03a1489000 ---p 00015000 08:06 3019914                    /usr/lib/jvm/java-8-oracle/lib/amd64/jli/libjli.so
7f03a1489000-7f03a148a000 rw-p 00015000 08:06 3019914                    /usr/lib/jvm/java-8-oracle/lib/amd64/jli/libjli.so
7f03a148a000-7f03a14a2000 r-xp 00000000 08:06 3805498                    /lib/x86_64-linux-gnu/libpthread-2.21.so
7f03a14a2000-7f03a16a2000 ---p 00018000 08:06 3805498                    /lib/x86_64-linux-gnu/libpthread-2.21.so
7f03a16a2000-7f03a16a3000 r--p 00018000 08:06 3805498                    /lib/x86_64-linux-gnu/libpthread-2.21.so
7f03a16a3000-7f03a16a4000 rw-p 00019000 08:06 3805498                    /lib/x86_64-linux-gnu/libpthread-2.21.so
7f03a16a4000-7f03a16a8000 rw-p 00000000 00:00 0 
7f03a16a8000-7f03a16cc000 r-xp 00000000 08:06 3805337                    /lib/x86_64-linux-gnu/ld-2.21.so
7f03a16e0000-7f03a16e1000 rw-p 00000000 00:00 0 
7f03a16e1000-7f03a16ec000 r--s 00079000 08:06 5770583                    /home/ali/AndroidStudioProjects/ChatforCOC/app/build/intermediates/exploded-aar/com.google.android.gms/play-services-analytics/7.3.0/classes.jar
7f03a16ec000-7f03a16ed000 r--s 00000000 08:06 2757819                    /usr/share/java/jayatanaag.jar
7f03a16ed000-7f03a17ab000 rw-p 00000000 00:00 0 
7f03a17ab000-7f03a17ae000 ---p 00000000 00:00 0 
7f03a17ae000-7f03a18b0000 rw-p 00000000 00:00 0                          [stack:9779]
7f03a18b0000-7f03a18bf000 r--s 000dd000 08:06 5767987                    /home/ali/Android/Sdk/build-tools/21.1.2/lib/dx.jar
7f03a18bf000-7f03a18c7000 rw-s 00000000 08:06 7864395                    /tmp/hsperfdata_ali/9774
7f03a18c7000-7f03a18c8000 rw-p 00000000 00:00 0 
7f03a18c8000-7f03a18c9000 ---p 00000000 00:00 0 
7f03a18c9000-7f03a18cb000 rw-p 00000000 00:00 0 
7f03a18cb000-7f03a18cc000 r--p 00023000 08:06 3805337                    /lib/x86_64-linux-gnu/ld-2.21.so
7f03a18cc000-7f03a18cd000 rw-p 00024000 08:06 3805337                    /lib/x86_64-linux-gnu/ld-2.21.so
7f03a18cd000-7f03a18ce000 rw-p 00000000 00:00 0 
7fff11140000-7fff11161000 rw-p 00000000 00:00 0                          [stack]
7fff1118a000-7fff1118c000 r--p 00000000 00:00 0                          [vvar]
7fff1118c000-7fff1118e000 r-xp 00000000 00:00 0                          [vdso]
ffffffffff600000-ffffffffff601000 r-xp 00000000 00:00 0                  [vsyscall]

VM Arguments:
jvm_args: -javaagent:/usr/share/java/jayatanaag.jar -Xmx1024M -Dfile.encoding=UTF-8 -Duser.country=US -Duser.language=en -Duser.variant 
java_command: com.android.dx.command.Main --dex --output /home/ali/AndroidStudioProjects/ChatforCOC/app/build/intermediates/pre-dexed/debug/classes-c6cadc1668d758621157769413c54f94725d03c7.jar /home/ali/AndroidStudioProjects/ChatforCOC/app/build/intermediates/exploded-aar/com.google.android.gms/play-services-analytics/7.3.0/classes.jar
java_class_path (initial): /home/ali/Android/Sdk/build-tools/21.1.2/lib/dx.jar:/usr/share/java/jayatanaag.jar
Launcher Type: SUN_STANDARD

Environment Variables:
JAVA_HOME=/usr/lib/jvm/java-7-oracle
JAVA_TOOL_OPTIONS=-javaagent:/usr/share/java/jayatanaag.jar 
PATH=/usr/local/sbin:/usr/local/bin:/usr/sbin:/usr/bin:/sbin:/bin:/usr/games:/usr/local/games:/usr/lib/jvm/java-7-oracle/bin:/usr/lib/jvm/java-7-oracle/db/bin:/usr/lib/jvm/java-7-oracle/jre/bin
LD_LIBRARY_PATH=/opt/android-studio/bin:
SHELL=/bin/bash
DISPLAY=:0

Signal Handlers:
SIGSEGV: [libjvm.so+0xaad1e0], sa_mask[0]=11111111011111111101111111111110, sa_flags=SA_RESTART|SA_SIGINFO
SIGBUS: [libjvm.so+0xaad1e0], sa_mask[0]=11111111011111111101111111111110, sa_flags=SA_RESTART|SA_SIGINFO
SIGFPE: [libjvm.so+0x90b450], sa_mask[0]=11111111011111111101111111111110, sa_flags=SA_RESTART|SA_SIGINFO
SIGPIPE: [libjvm.so+0x90b450], sa_mask[0]=11111111011111111101111111111110, sa_flags=SA_RESTART|SA_SIGINFO
SIGXFSZ: [libjvm.so+0x90b450], sa_mask[0]=11111111011111111101111111111110, sa_flags=SA_RESTART|SA_SIGINFO
SIGILL: [libjvm.so+0x90b450], sa_mask[0]=11111111011111111101111111111110, sa_flags=SA_RESTART|SA_SIGINFO
SIGUSR1: SIG_DFL, sa_mask[0]=00000000000000000000000000000000, sa_flags=none
SIGUSR2: [libjvm.so+0x90ca90], sa_mask[0]=00100000000000000000000000000000, sa_flags=SA_RESTART|SA_SIGINFO
SIGHUP: [libjvm.so+0x90dde0], sa_mask[0]=11111111011111111101111111111110, sa_flags=SA_RESTART|SA_SIGINFO
SIGINT: [libjvm.so+0x90dde0], sa_mask[0]=11111111011111111101111111111110, sa_flags=SA_RESTART|SA_SIGINFO
SIGTERM: [libjvm.so+0x90dde0], sa_mask[0]=11111111011111111101111111111110, sa_flags=SA_RESTART|SA_SIGINFO
SIGQUIT: [libjvm.so+0x90dde0], sa_mask[0]=11111111011111111101111111111110, sa_flags=SA_RESTART|SA_SIGINFO


---------------  S Y S T E M  ---------------

OS:DISTRIB_ID=Ubuntu
DISTRIB_RELEASE=15.04
DISTRIB_CODENAME=vivid
DISTRIB_DESCRIPTION="Ubuntu 15.04"

uname:Linux 3.19.0-18-generic #18-Ubuntu SMP Tue May 19 18:31:35 UTC 2015 x86_64
libc:glibc 2.21 NPTL 2.21 
rlimit: STACK 8192k, CORE 0k, NPROC 14921, NOFILE 65536, AS infinity
load average:1,99 1,59 1,28

/proc/meminfo:
MemTotal:        3842080 kB
MemFree:          139580 kB
MemAvailable:      91844 kB
Buffers:            1128 kB
Cached:           351528 kB
SwapCached:         6668 kB
Active:          2492384 kB
Inactive:        1044728 kB
Active(anon):    2487620 kB
Inactive(anon):  1006992 kB
Active(file):       4764 kB
Inactive(file):    37736 kB
Unevictable:          48 kB
Mlocked:              48 kB
SwapTotal:        194556 kB
SwapFree:            180 kB
Dirty:                40 kB
Writeback:             0 kB
AnonPages:       3178532 kB
Mapped:            59408 kB
Shmem:            309376 kB
Slab:              65400 kB
SReclaimable:      30956 kB
SUnreclaim:        34444 kB
KernelStack:       10880 kB
PageTables:        42156 kB
NFS_Unstable:          0 kB
Bounce:                0 kB
WritebackTmp:          0 kB
CommitLimit:     2115596 kB
Committed_AS:    7899988 kB
VmallocTotal:   34359738367 kB
VmallocUsed:      425440 kB
VmallocChunk:   34359305212 kB
HardwareCorrupted:     0 kB
AnonHugePages:   1634304 kB
CmaTotal:              0 kB
CmaFree:               0 kB
HugePages_Total:       0
HugePages_Free:        0
HugePages_Rsvd:        0
HugePages_Surp:        0
Hugepagesize:       2048 kB
DirectMap4k:      121088 kB
DirectMap2M:     3866624 kB


CPU:total 4 (2 cores per cpu, 2 threads per core) family 6 model 37 stepping 5, cmov, cx8, fxsr, mmx, sse, sse2, sse3, ssse3, sse4.1, sse4.2, popcnt, ht, tsc, tscinvbit

/proc/cpuinfo:
processor	: 0
vendor_id	: GenuineIntel
cpu family	: 6
model		: 37
model name	: Intel(R) Core(TM) i5 CPU       M 460  @ 2.53GHz
stepping	: 5
microcode	: 0x2
cpu MHz		: 2534.000
cache size	: 3072 KB
physical id	: 0
siblings	: 4
core id		: 0
cpu cores	: 2
apicid		: 0
initial apicid	: 0
fpu		: yes
fpu_exception	: yes
cpuid level	: 11
wp		: yes
flags		: fpu vme de pse tsc msr pae mce cx8 apic sep mtrr pge mca cmov pat pse36 clflush dts acpi mmx fxsr sse sse2 ss ht tm pbe syscall nx rdtscp lm constant_tsc arch_perfmon pebs bts rep_good nopl xtopology nonstop_tsc aperfmperf pni dtes64 monitor ds_cpl vmx est tm2 ssse3 cx16 xtpr pdcm pcid sse4_1 sse4_2 popcnt lahf_lm ida arat dtherm tpr_shadow vnmi flexpriority ept vpid
bugs		:
bogomips	: 5054.42
clflush size	: 64
cache_alignment	: 64
address sizes	: 36 bits physical, 48 bits virtual
power management:

processor	: 1
vendor_id	: GenuineIntel
cpu family	: 6
model		: 37
model name	: Intel(R) Core(TM) i5 CPU       M 460  @ 2.53GHz
stepping	: 5
microcode	: 0x2
cpu MHz		: 2534.000
cache size	: 3072 KB
physical id	: 0
siblings	: 4
core id		: 0
cpu cores	: 2
apicid		: 1
initial apicid	: 1
fpu		: yes
fpu_exception	: yes
cpuid level	: 11
wp		: yes
flags		: fpu vme de pse tsc msr pae mce cx8 apic sep mtrr pge mca cmov pat pse36 clflush dts acpi mmx fxsr sse sse2 ss ht tm pbe syscall nx rdtscp lm constant_tsc arch_perfmon pebs bts rep_good nopl xtopology nonstop_tsc aperfmperf pni dtes64 monitor ds_cpl vmx est tm2 ssse3 cx16 xtpr pdcm pcid sse4_1 sse4_2 popcnt lahf_lm ida arat dtherm tpr_shadow vnmi flexpriority ept vpid
bugs		:
bogomips	: 5054.42
clflush size	: 64
cache_alignment	: 64
address sizes	: 36 bits physical, 48 bits virtual
power management:

processor	: 2
vendor_id	: GenuineIntel
cpu family	: 6
model		: 37
model name	: Intel(R) Core(TM) i5 CPU       M 460  @ 2.53GHz
stepping	: 5
microcode	: 0x2
cpu MHz		: 2534.000
cache size	: 3072 KB
physical id	: 0
siblings	: 4
core id		: 2
cpu cores	: 2
apicid		: 4
initial apicid	: 4
fpu		: yes
fpu_exception	: yes
cpuid level	: 11
wp		: yes
flags		: fpu vme de pse tsc msr pae mce cx8 apic sep mtrr pge mca cmov pat pse36 clflush dts acpi mmx fxsr sse sse2 ss ht tm pbe syscall nx rdtscp lm constant_tsc arch_perfmon pebs bts rep_good nopl xtopology nonstop_tsc aperfmperf pni dtes64 monitor ds_cpl vmx est tm2 ssse3 cx16 xtpr pdcm pcid sse4_1 sse4_2 popcnt lahf_lm ida arat dtherm tpr_shadow vnmi flexpriority ept vpid
bugs		:
bogomips	: 5054.42
clflush size	: 64
cache_alignment	: 64
address sizes	: 36 bits physical, 48 bits virtual
power management:

processor	: 3
vendor_id	: GenuineIntel
cpu family	: 6
model		: 37
model name	: Intel(R) Core(TM) i5 CPU       M 460  @ 2.53GHz
stepping	: 5
microcode	: 0x2
cpu MHz		: 2534.000
cache size	: 3072 KB
physical id	: 0
siblings	: 4
core id		: 2
cpu cores	: 2
apicid		: 5
initial apicid	: 5
fpu		: yes
fpu_exception	: yes
cpuid level	: 11
wp		: yes
flags		: fpu vme de pse tsc msr pae mce cx8 apic sep mtrr pge mca cmov pat pse36 clflush dts acpi mmx fxsr sse sse2 ss ht tm pbe syscall nx rdtscp lm constant_tsc arch_perfmon pebs bts rep_good nopl xtopology nonstop_tsc aperfmperf pni dtes64 monitor ds_cpl vmx est tm2 ssse3 cx16 xtpr pdcm pcid sse4_1 sse4_2 popcnt lahf_lm ida arat dtherm tpr_shadow vnmi flexpriority ept vpid
bugs		:
bogomips	: 5054.42
clflush size	: 64
cache_alignment	: 64
address sizes	: 36 bits physical, 48 bits virtual
power management:



Memory: 4k page, physical 3842080k(139456k free), swap 194556k(180k free)

vm_info: Java HotSpot(TM) 64-Bit Server VM (25.45-b02) for linux-amd64 JRE (1.8.0_45-b14), built on Apr 10 2015 10:07:45 by "java_re" with gcc 4.3.0 20080428 (Red Hat 4.3.0-8)

time: Thu Jun  4 21:31:06 2015
elapsed time: 13 seconds (0d 0h 0m 13s)

