#
# There is insufficient memory for the Java Runtime Environment to continue.
# Native memory allocation (mmap) failed to map 50855936 bytes for committing reserved memory.
# Possible reasons:
#   The system is out of physical RAM or swap space
#   In 32 bit mode, the process size limit was hit
# Possible solutions:
#   Reduce memory load on the system
#   Increase physical memory or swap space
#   Check if swap backing store is full
#   Use 64 bit Java on a 64 bit OS
#   Decrease Java heap size (-Xmx/-Xms)
#   Decrease number of Java threads
#   Decrease Java thread stack sizes (-Xss)
#   Set larger code cache with -XX:ReservedCodeCacheSize=
# This output file may be truncated or incomplete.
#
#  Out of Memory Error (os_linux.cpp:2673), pid=8993, tid=139707198084864
#
# JRE version: Java(TM) SE Runtime Environment (8.0_45-b14) (build 1.8.0_45-b14)
# Java VM: Java HotSpot(TM) 64-Bit Server VM (25.45-b02 mixed mode linux-amd64 compressed oops)
# Failed to write core dump. Core dumps have been disabled. To enable core dumping, try "ulimit -c unlimited" before starting Java again
#

---------------  T H R E A D  ---------------

Current thread (0x00007f1030140000):  VMThread [stack: 0x00007f101dda1000,0x00007f101dea2000] [id=9017]

Stack: [0x00007f101dda1000,0x00007f101dea2000],  sp=0x00007f101dea0120,  free space=1020k
Native frames: (J=compiled Java code, j=interpreted, Vv=VM code, C=native code)
V  [libjvm.so+0xaac99a]  VMError::report_and_die()+0x2ba
V  [libjvm.so+0x4f333b]  report_vm_out_of_memory(char const*, int, unsigned long, VMErrorType, char const*)+0x8b
V  [libjvm.so+0x90e7c3]  os::Linux::commit_memory_impl(char*, unsigned long, bool)+0x103
V  [libjvm.so+0x90ed19]  os::pd_commit_memory(char*, unsigned long, unsigned long, bool)+0x29
V  [libjvm.so+0x90867a]  os::commit_memory(char*, unsigned long, unsigned long, bool)+0x2a
V  [libjvm.so+0x97bac3]  PSVirtualSpace::expand_by(unsigned long)+0x53
V  [libjvm.so+0x96c320]  PSOldGen::expand(unsigned long)+0x170
V  [libjvm.so+0x96c52b]  PSOldGen::resize(unsigned long)+0x1cb
V  [libjvm.so+0x974241]  PSParallelCompact::invoke_no_policy(bool)+0x9d1
V  [libjvm.so+0x979bed]  PSScavenge::invoke()+0x1ad
V  [libjvm.so+0x932050]  ParallelScavengeHeap::failed_mem_allocate(unsigned long)+0x70
V  [libjvm.so+0xaae1d7]  VM_ParallelGCFailedAllocation::doit()+0x97
V  [libjvm.so+0xab59c5]  VM_Operation::evaluate()+0x55
V  [libjvm.so+0xab3d9a]  VMThread::evaluate_operation(VM_Operation*)+0xba
V  [libjvm.so+0xab411e]  VMThread::loop()+0x1ce
V  [libjvm.so+0xab4590]  VMThread::run()+0x70
V  [libjvm.so+0x910de8]  java_start(Thread*)+0x108

VM_Operation (0x00007f10386aeb80): ParallelGCFailedAllocation, mode: safepoint, requested by thread 0x00007f103000b000


---------------  P R O C E S S  ---------------

Java Threads: ( => current thread )
  0x00007f10301c6800 JavaThread "Service Thread" daemon [_thread_blocked, id=9037, stack(0x00007f101c301000,0x00007f101c402000)]
  0x00007f10301c4000 JavaThread "C1 CompilerThread2" daemon [_thread_blocked, id=9036, stack(0x00007f101c402000,0x00007f101c503000)]
  0x00007f10301c2000 JavaThread "C2 CompilerThread1" daemon [_thread_blocked, id=9035, stack(0x00007f101c503000,0x00007f101c604000)]
  0x00007f10301bd000 JavaThread "C2 CompilerThread0" daemon [_thread_blocked, id=9034, stack(0x00007f101c604000,0x00007f101c705000)]
  0x00007f1030180800 JavaThread "Signal Dispatcher" daemon [_thread_blocked, id=9026, stack(0x00007f101d26a000,0x00007f101d36b000)]
  0x00007f1030147000 JavaThread "Finalizer" daemon [_thread_blocked, id=9020, stack(0x00007f101db9f000,0x00007f101dca0000)]
  0x00007f1030145000 JavaThread "Reference Handler" daemon [_thread_blocked, id=9019, stack(0x00007f101dca0000,0x00007f101dda1000)]
  0x00007f103000b000 JavaThread "main" [_thread_blocked, id=8996, stack(0x00007f10385b0000,0x00007f10386b1000)]

Other Threads:
=>0x00007f1030140000 VMThread [stack: 0x00007f101dda1000,0x00007f101dea2000] [id=9017]
  0x00007f10301c9800 WatcherThread [stack: 0x00007f101c200000,0x00007f101c301000] [id=9039]

VM state:at safepoint (normal execution)

VM Mutex/Monitor currently owned by a thread:  ([mutex/lock_event])
[0x00007f1030006d10] ExpandHeap_lock - owner thread: 0x00007f1030140000
[0x00007f1030007390] Threads_lock - owner thread: 0x00007f1030140000
[0x00007f1030007890] Heap_lock - owner thread: 0x00007f103000b000

Heap:
 PSYoungGen      total 221184K, used 0K [0x00000000eab00000, 0x0000000100000000, 0x0000000100000000)
  eden space 151040K, 0% used [0x00000000eab00000,0x00000000eab00000,0x00000000f3e80000)
  from space 70144K, 0% used [0x00000000f9b80000,0x00000000f9b80000,0x00000000fe000000)
  to   space 95232K, 0% used [0x00000000f3e80000,0x00000000f3e80000,0x00000000f9b80000)
 ParOldGen       total 125440K, used 90574K [0x00000000c0000000, 0x00000000c7a80000, 0x00000000eab00000)
  object space 125440K, 72% used [0x00000000c0000000,0x00000000c58738a8,0x00000000c7a80000)
 Metaspace       used 5897K, capacity 7092K, committed 7296K, reserved 1056768K
  class space    used 555K, capacity 616K, committed 640K, reserved 1048576K

Card table byte_map: [0x00007f1034f76000,0x00007f1035177000] byte_map_base: 0x00007f1034976000

Marking Bits: (ParMarkBitMap*) 0x00007f1037a80760
 Begin Bits: [0x00007f101f000000, 0x00007f1020000000)
 End Bits:   [0x00007f1020000000, 0x00007f1021000000)

Polling page: 0x00007f10386cd000

CodeCache: size=245760Kb used=8462Kb max_used=8462Kb free=237297Kb
 bounds [0x00007f1021000000, 0x00007f1021850000, 0x00007f1030000000]
 total_blobs=2034 nmethods=1769 adapters=180
 compilation: enabled

Compilation events (10 events):
Event: 21,585 Thread 0x00007f10301bd000 nmethod 1822 0x00007f10217e8e10 code [0x00007f10217e9020, 0x00007f10217e9908]
Event: 21,585 Thread 0x00007f10301bd000 1691       4       java.util.BitSet::or (105 bytes)
Event: 21,613 Thread 0x00007f10301c2000 nmethod 1820 0x00007f1021822650 code [0x00007f10218228a0, 0x00007f1021823458]
Event: 21,630 Thread 0x00007f10301bd000 nmethod 1691 0x00007f10217e6bd0 code [0x00007f10217e6d40, 0x00007f10217e71d8]
Event: 21,630 Thread 0x00007f10301bd000 1953       4       com.android.dx.rop.cst.CstLiteral32::equals (35 bytes)
Event: 21,632 Thread 0x00007f10301bd000 nmethod 1953 0x00007f10217ea7d0 code [0x00007f10217ea920, 0x00007f10217ea9f8]
Event: 21,664 Thread 0x00007f10301bd000 1954 % !   4       com.android.dx.cf.code.Ropper::doit @ 21 (126 bytes)
Event: 21,704 Thread 0x00007f10301c4000 1955   !   3       com.android.dx.cf.code.BytecodeArray::parseInstruction (2764 bytes)
Event: 21,788 Thread 0x00007f10301c4000 nmethod 1955 0x00007f1021829f90 code [0x00007f102182b6c0, 0x00007f102183bac8]
Event: 22,095 Thread 0x00007f10301c2000 1956       4       com.android.dx.cf.code.Ropper::addExceptionSetupBlocks (203 bytes)

GC Heap History (10 events):
Event: 12,878 GC heap after
Heap after GC invocations=8 (full 1):
 PSYoungGen      total 134144K, used 27622K [0x00000000eab00000, 0x00000000f9f00000, 0x0000000100000000)
  eden space 106496K, 0% used [0x00000000eab00000,0x00000000eab00000,0x00000000f1300000)
  from space 27648K, 99% used [0x00000000f1300000,0x00000000f2df9a28,0x00000000f2e00000)
  to   space 51200K, 0% used [0x00000000f6d00000,0x00000000f6d00000,0x00000000f9f00000)
 ParOldGen       total 75264K, used 74738K [0x00000000c0000000, 0x00000000c4980000, 0x00000000eab00000)
  object space 75264K, 99% used [0x00000000c0000000,0x00000000c48fc990,0x00000000c4980000)
 Metaspace       used 5887K, capacity 7092K, committed 7296K, reserved 1056768K
  class space    used 555K, capacity 616K, committed 640K, reserved 1048576K
}
Event: 12,878 GC heap before
{Heap before GC invocations=9 (full 2):
 PSYoungGen      total 134144K, used 27622K [0x00000000eab00000, 0x00000000f9f00000, 0x0000000100000000)
  eden space 106496K, 0% used [0x00000000eab00000,0x00000000eab00000,0x00000000f1300000)
  from space 27648K, 99% used [0x00000000f1300000,0x00000000f2df9a28,0x00000000f2e00000)
  to   space 51200K, 0% used [0x00000000f6d00000,0x00000000f6d00000,0x00000000f9f00000)
 ParOldGen       total 75264K, used 74738K [0x00000000c0000000, 0x00000000c4980000, 0x00000000eab00000)
  object space 75264K, 99% used [0x00000000c0000000,0x00000000c48fc990,0x00000000c4980000)
 Metaspace       used 5887K, capacity 7092K, committed 7296K, reserved 1056768K
  class space    used 555K, capacity 616K, committed 640K, reserved 1048576K
Event: 13,389 GC heap after
Heap after GC invocations=9 (full 2):
 PSYoungGen      total 134144K, used 0K [0x00000000eab00000, 0x00000000f9f00000, 0x0000000100000000)
  eden space 106496K, 0% used [0x00000000eab00000,0x00000000eab00000,0x00000000f1300000)
  from space 27648K, 0% used [0x00000000f1300000,0x00000000f1300000,0x00000000f2e00000)
  to   space 51200K, 0% used [0x00000000f6d00000,0x00000000f6d00000,0x00000000f9f00000)
 ParOldGen       total 125440K, used 59718K [0x00000000c0000000, 0x00000000c7a80000, 0x00000000eab00000)
  object space 125440K, 47% used [0x00000000c0000000,0x00000000c3a519c0,0x00000000c7a80000)
 Metaspace       used 5887K, capacity 7092K, committed 7296K, reserved 1056768K
  class space    used 555K, capacity 616K, committed 640K, reserved 1048576K
}
Event: 16,262 GC heap before
{Heap before GC invocations=10 (full 2):
 PSYoungGen      total 134144K, used 106496K [0x00000000eab00000, 0x00000000f9f00000, 0x0000000100000000)
  eden space 106496K, 100% used [0x00000000eab00000,0x00000000f1300000,0x00000000f1300000)
  from space 27648K, 0% used [0x00000000f1300000,0x00000000f1300000,0x00000000f2e00000)
  to   space 51200K, 0% used [0x00000000f6d00000,0x00000000f6d00000,0x00000000f9f00000)
 ParOldGen       total 125440K, used 59718K [0x00000000c0000000, 0x00000000c7a80000, 0x00000000eab00000)
  object space 125440K, 47% used [0x00000000c0000000,0x00000000c3a519c0,0x00000000c7a80000)
 Metaspace       used 5887K, capacity 7092K, committed 7296K, reserved 1056768K
  class space    used 555K, capacity 616K, committed 640K, reserved 1048576K
Event: 16,372 GC heap after
Heap after GC invocations=10 (full 2):
 PSYoungGen      total 192512K, used 42433K [0x00000000eab00000, 0x00000000fa980000, 0x0000000100000000)
  eden space 141312K, 0% used [0x00000000eab00000,0x00000000eab00000,0x00000000f3500000)
  from space 51200K, 82% used [0x00000000f6d00000,0x00000000f9670510,0x00000000f9f00000)
  to   space 57344K, 0% used [0x00000000f3500000,0x00000000f3500000,0x00000000f6d00000)
 ParOldGen       total 125440K, used 59718K [0x00000000c0000000, 0x00000000c7a80000, 0x00000000eab00000)
  object space 125440K, 47% used [0x00000000c0000000,0x00000000c3a519c0,0x00000000c7a80000)
 Metaspace       used 5887K, capacity 7092K, committed 7296K, reserved 1056768K
  class space    used 555K, capacity 616K, committed 640K, reserved 1048576K
}
Event: 18,712 GC heap before
{Heap before GC invocations=11 (full 2):
 PSYoungGen      total 192512K, used 183745K [0x00000000eab00000, 0x00000000fa980000, 0x0000000100000000)
  eden space 141312K, 100% used [0x00000000eab00000,0x00000000f3500000,0x00000000f3500000)
  from space 51200K, 82% used [0x00000000f6d00000,0x00000000f9670510,0x00000000f9f00000)
  to   space 57344K, 0% used [0x00000000f3500000,0x00000000f3500000,0x00000000f6d00000)
 ParOldGen       total 125440K, used 59718K [0x00000000c0000000, 0x00000000c7a80000, 0x00000000eab00000)
  object space 125440K, 47% used [0x00000000c0000000,0x00000000c3a519c0,0x00000000c7a80000)
 Metaspace       used 5893K, capacity 7092K, committed 7296K, reserved 1056768K
  class space    used 555K, capacity 616K, committed 640K, reserved 1048576K
Event: 18,936 GC heap after
Heap after GC invocations=11 (full 2):
 PSYoungGen      total 198656K, used 57340K [0x00000000eab00000, 0x00000000fe000000, 0x0000000100000000)
  eden space 141312K, 0% used [0x00000000eab00000,0x00000000eab00000,0x00000000f3500000)
  from space 57344K, 99% used [0x00000000f3500000,0x00000000f6cff118,0x00000000f6d00000)
  to   space 70144K, 0% used [0x00000000f9b80000,0x00000000f9b80000,0x00000000fe000000)
 ParOldGen       total 125440K, used 64720K [0x00000000c0000000, 0x00000000c7a80000, 0x00000000eab00000)
  object space 125440K, 51% used [0x00000000c0000000,0x00000000c3f34000,0x00000000c7a80000)
 Metaspace       used 5893K, capacity 7092K, committed 7296K, reserved 1056768K
  class space    used 555K, capacity 616K, committed 640K, reserved 1048576K
}
Event: 22,280 GC heap before
{Heap before GC invocations=12 (full 2):
 PSYoungGen      total 198656K, used 198652K [0x00000000eab00000, 0x00000000fe000000, 0x0000000100000000)
  eden space 141312K, 100% used [0x00000000eab00000,0x00000000f3500000,0x00000000f3500000)
  from space 57344K, 99% used [0x00000000f3500000,0x00000000f6cff118,0x00000000f6d00000)
  to   space 70144K, 0% used [0x00000000f9b80000,0x00000000f9b80000,0x00000000fe000000)
 ParOldGen       total 125440K, used 64720K [0x00000000c0000000, 0x00000000c7a80000, 0x00000000eab00000)
  object space 125440K, 51% used [0x00000000c0000000,0x00000000c3f34000,0x00000000c7a80000)
 Metaspace       used 5897K, capacity 7092K, committed 7296K, reserved 1056768K
  class space    used 555K, capacity 616K, committed 640K, reserved 1048576K
Event: 22,686 GC heap after
Heap after GC invocations=12 (full 2):
 PSYoungGen      total 221184K, used 70118K [0x00000000eab00000, 0x0000000100000000, 0x0000000100000000)
  eden space 151040K, 0% used [0x00000000eab00000,0x00000000eab00000,0x00000000f3e80000)
  from space 70144K, 99% used [0x00000000f9b80000,0x00000000fdff9820,0x00000000fe000000)
  to   space 95232K, 0% used [0x00000000f3e80000,0x00000000f3e80000,0x00000000f9b80000)
 ParOldGen       total 125440K, used 101173K [0x00000000c0000000, 0x00000000c7a80000, 0x00000000eab00000)
  object space 125440K, 80% used [0x00000000c0000000,0x00000000c62cd7a0,0x00000000c7a80000)
 Metaspace       used 5897K, capacity 7092K, committed 7296K, reserved 1056768K
  class space    used 555K, capacity 616K, committed 640K, reserved 1048576K
}
Event: 22,686 GC heap before
{Heap before GC invocations=13 (full 3):
 PSYoungGen      total 221184K, used 70118K [0x00000000eab00000, 0x0000000100000000, 0x0000000100000000)
  eden space 151040K, 0% used [0x00000000eab00000,0x00000000eab00000,0x00000000f3e80000)
  from space 70144K, 99% used [0x00000000f9b80000,0x00000000fdff9820,0x00000000fe000000)
  to   space 95232K, 0% used [0x00000000f3e80000,0x00000000f3e80000,0x00000000f9b80000)
 ParOldGen       total 125440K, used 101173K [0x00000000c0000000, 0x00000000c7a80000, 0x00000000eab00000)
  object space 125440K, 80% used [0x00000000c0000000,0x00000000c62cd7a0,0x00000000c7a80000)
 Metaspace       used 5897K, capacity 7092K, committed 7296K, reserved 1056768K
  class space    used 555K, capacity 616K, committed 640K, reserved 1048576K

Deoptimization events (10 events):
Event: 10,509 Thread 0x00007f103000b000 Uncommon trap: reason=class_check action=maybe_recompile pc=0x00007f1021475878 method=com.android.dx.ssa.back.InterferenceGraph.add(II)V @ 19
Event: 20,655 Thread 0x00007f103000b000 Uncommon trap: reason=unstable_if action=reinterpret pc=0x00007f10216bc13c method=com.android.dx.ssa.LocalVariableExtractor.processBlock(I)V @ 235
Event: 20,656 Thread 0x00007f103000b000 Uncommon trap: reason=unstable_if action=reinterpret pc=0x00007f10216ab4cc method=com.android.dx.ssa.SsaRenamer$BlockRenamer.visitMoveInsn(Lcom/android/dx/ssa/NormalSsaInsn;)V @ 64
Event: 20,656 Thread 0x00007f103000b000 Uncommon trap: reason=unstable_if action=reinterpret pc=0x00007f1021420684 method=com.android.dx.ssa.SsaRenamer$BlockRenamer.addMapping(ILcom/android/dx/rop/code/RegisterSpec;)V @ 120
Event: 20,656 Thread 0x00007f103000b000 Uncommon trap: reason=unstable_if action=reinterpret pc=0x00007f102137e4f8 method=com.android.dx.ssa.NormalSsaInsn.getLocalAssignment()Lcom/android/dx/rop/code/RegisterSpec; @ 12
Event: 20,656 Thread 0x00007f103000b000 Uncommon trap: reason=unstable_if action=reinterpret pc=0x00007f102132d4ec method=com.android.dx.ssa.NormalSsaInsn.getLocalAssignment()Lcom/android/dx/rop/code/RegisterSpec; @ 12
Event: 20,656 Thread 0x00007f103000b000 Uncommon trap: reason=unstable_if action=reinterpret pc=0x00007f102169c250 method=com.android.dx.ssa.SsaMethod.isRegALocal(Lcom/android/dx/rop/code/RegisterSpec;)Z @ 80
Event: 20,656 Thread 0x00007f103000b000 Uncommon trap: reason=unstable_if action=reinterpret pc=0x00007f1021312990 method=com.android.dx.ssa.NormalSsaInsn.getLocalAssignment()Lcom/android/dx/rop/code/RegisterSpec; @ 12
Event: 20,656 Thread 0x00007f103000b000 Uncommon trap: reason=unstable_if action=reinterpret pc=0x00007f10217be5ec method=com.android.dx.ssa.NormalSsaInsn.getLocalAssignment()Lcom/android/dx/rop/code/RegisterSpec; @ 12
Event: 20,656 Thread 0x00007f103000b000 Uncommon trap: reason=unstable_if action=reinterpret pc=0x00007f1021775f58 method=com.android.dx.rop.code.Insn.getLocalAssignment()Lcom/android/dx/rop/code/RegisterSpec; @ 9

Internal exceptions (3 events):
Event: 0,048 Thread 0x00007f103000b000 Exception <a 'java/lang/NoSuchMethodError': Method sun.misc.Unsafe.defineClass(Ljava/lang/String;[BII)Ljava/lang/Class; name or signature does not match> (0x00000000eab12a38) thrown at [/RE-WORK/workspace/8-2-build-linux-amd64/jdk8u45/3457/hotspot/src/sha
Event: 0,048 Thread 0x00007f103000b000 Exception <a 'java/lang/NoSuchMethodError': Method sun.misc.Unsafe.prefetchRead(Ljava/lang/Object;J)V name or signature does not match> (0x00000000eab12cc8) thrown at [/RE-WORK/workspace/8-2-build-linux-amd64/jdk8u45/3457/hotspot/src/share/vm/prims/jni.cp
Event: 2,200 Thread 0x00007f103000b000 Implicit null exception at 0x00007f1021394e62 to 0x00007f1021394f53

Events (10 events):
Event: 20,657 Thread 0x00007f103000b000 DEOPT UNPACKING pc=0x00007f1021005229 sp=0x00007f10386aedf0 mode 2
Event: 20,782 Thread 0x00007f103000b000 DEOPT PACKING pc=0x00007f10214d2aaf sp=0x00007f10386aed20
Event: 20,782 Thread 0x00007f103000b000 DEOPT UNPACKING pc=0x00007f1021047233 sp=0x00007f10386aeb28 mode 0
Event: 20,856 Thread 0x00007f103000b000 DEOPT PACKING pc=0x00007f10214146e4 sp=0x00007f10386aecb0
Event: 20,856 Thread 0x00007f103000b000 DEOPT UNPACKING pc=0x00007f1021047233 sp=0x00007f10386aea50 mode 0
Event: 20,873 Thread 0x00007f103000b000 DEOPT PACKING pc=0x00007f102140628a sp=0x00007f10386aec00
Event: 20,873 Thread 0x00007f103000b000 DEOPT UNPACKING pc=0x00007f1021047233 sp=0x00007f10386aea30 mode 0
Event: 22,107 Thread 0x00007f103000b000 DEOPT PACKING pc=0x00007f10214d2aaf sp=0x00007f10386aed20
Event: 22,107 Thread 0x00007f103000b000 DEOPT UNPACKING pc=0x00007f1021047233 sp=0x00007f10386aeb28 mode 0
Event: 22,280 Executing VM operation: ParallelGCFailedAllocation


Dynamic libraries:
00400000-00401000 r-xp 00000000 08:06 3019753                            /usr/lib/jvm/java-8-oracle/bin/java
00600000-00601000 rw-p 00000000 08:06 3019753                            /usr/lib/jvm/java-8-oracle/bin/java
00b87000-00ba8000 rw-p 00000000 00:00 0                                  [heap]
c0000000-c7a80000 rw-p 00000000 00:00 0 
cab00000-eab00000 ---p 00000000 00:00 0 
eab00000-100000000 rw-p 00000000 00:00 0 
100000000-1000a0000 rw-p 00000000 00:00 0 
1000a0000-140000000 ---p 00000000 00:00 0 
7f0fe8000000-7f0fe8021000 rw-p 00000000 00:00 0 
7f0fe8021000-7f0fec000000 ---p 00000000 00:00 0 
7f0fec000000-7f0fec021000 rw-p 00000000 00:00 0 
7f0fec021000-7f0ff0000000 ---p 00000000 00:00 0 
7f0ff0000000-7f0ff15c7000 rw-p 00000000 00:00 0 
7f0ff15c7000-7f0ff4000000 ---p 00000000 00:00 0 
7f0ff4000000-7f0ff4c02000 rw-p 00000000 00:00 0 
7f0ff4c02000-7f0ff8000000 ---p 00000000 00:00 0 
7f0ff8000000-7f0ff8021000 rw-p 00000000 00:00 0 
7f0ff8021000-7f0ffc000000 ---p 00000000 00:00 0 
7f0ffc000000-7f0ffd963000 rw-p 00000000 00:00 0 
7f0ffd963000-7f1000000000 ---p 00000000 00:00 0 
7f1000000000-7f1000021000 rw-p 00000000 00:00 0 
7f1000021000-7f1004000000 ---p 00000000 00:00 0 
7f1004000000-7f1004021000 rw-p 00000000 00:00 0 
7f1004021000-7f1008000000 ---p 00000000 00:00 0 
7f1008000000-7f1008021000 rw-p 00000000 00:00 0 
7f1008021000-7f100c000000 ---p 00000000 00:00 0 
7f100c000000-7f100c28b000 rw-p 00000000 00:00 0 
7f100c28b000-7f1010000000 ---p 00000000 00:00 0 
7f1010000000-7f1010021000 rw-p 00000000 00:00 0 
7f1010021000-7f1014000000 ---p 00000000 00:00 0 
7f1014000000-7f1014021000 rw-p 00000000 00:00 0 
7f1014021000-7f1018000000 ---p 00000000 00:00 0 
7f1018000000-7f1018021000 rw-p 00000000 00:00 0 
7f1018021000-7f101c000000 ---p 00000000 00:00 0 
7f101c200000-7f101c201000 ---p 00000000 00:00 0 
7f101c201000-7f101c301000 rw-p 00000000 00:00 0                          [stack:9039]
7f101c301000-7f101c304000 ---p 00000000 00:00 0 
7f101c304000-7f101c402000 rw-p 00000000 00:00 0                          [stack:9037]
7f101c402000-7f101c405000 ---p 00000000 00:00 0 
7f101c405000-7f101c503000 rw-p 00000000 00:00 0                          [stack:9036]
7f101c503000-7f101c506000 ---p 00000000 00:00 0 
7f101c506000-7f101c604000 rw-p 00000000 00:00 0                          [stack:9035]
7f101c604000-7f101c607000 ---p 00000000 00:00 0 
7f101c607000-7f101c705000 rw-p 00000000 00:00 0                          [stack:9034]
7f101c705000-7f101c70a000 r-xp 00000000 08:06 2367760                    /usr/lib/x86_64-linux-gnu/libXdmcp.so.6.0.0
7f101c70a000-7f101c909000 ---p 00005000 08:06 2367760                    /usr/lib/x86_64-linux-gnu/libXdmcp.so.6.0.0
7f101c909000-7f101c90a000 r--p 00004000 08:06 2367760                    /usr/lib/x86_64-linux-gnu/libXdmcp.so.6.0.0
7f101c90a000-7f101c90b000 rw-p 00005000 08:06 2367760                    /usr/lib/x86_64-linux-gnu/libXdmcp.so.6.0.0
7f101c90b000-7f101c90d000 r-xp 00000000 08:06 2367749                    /usr/lib/x86_64-linux-gnu/libXau.so.6.0.0
7f101c90d000-7f101cb0d000 ---p 00002000 08:06 2367749                    /usr/lib/x86_64-linux-gnu/libXau.so.6.0.0
7f101cb0d000-7f101cb0e000 r--p 00002000 08:06 2367749                    /usr/lib/x86_64-linux-gnu/libXau.so.6.0.0
7f101cb0e000-7f101cb0f000 rw-p 00003000 08:06 2367749                    /usr/lib/x86_64-linux-gnu/libXau.so.6.0.0
7f101cb0f000-7f101cb2c000 r-xp 00000000 08:06 2368947                    /usr/lib/x86_64-linux-gnu/libxcb.so.1.1.0
7f101cb2c000-7f101cd2c000 ---p 0001d000 08:06 2368947                    /usr/lib/x86_64-linux-gnu/libxcb.so.1.1.0
7f101cd2c000-7f101cd2d000 r--p 0001d000 08:06 2368947                    /usr/lib/x86_64-linux-gnu/libxcb.so.1.1.0
7f101cd2d000-7f101cd2e000 rw-p 0001e000 08:06 2368947                    /usr/lib/x86_64-linux-gnu/libxcb.so.1.1.0
7f101cd2e000-7f101ce61000 r-xp 00000000 08:06 2367745                    /usr/lib/x86_64-linux-gnu/libX11.so.6.3.0
7f101ce61000-7f101d061000 ---p 00133000 08:06 2367745                    /usr/lib/x86_64-linux-gnu/libX11.so.6.3.0
7f101d061000-7f101d062000 r--p 00133000 08:06 2367745                    /usr/lib/x86_64-linux-gnu/libX11.so.6.3.0
7f101d062000-7f101d066000 rw-p 00134000 08:06 2367745                    /usr/lib/x86_64-linux-gnu/libX11.so.6.3.0
7f101d066000-7f101d067000 rw-p 00000000 00:00 0 
7f101d067000-7f101d069000 r-xp 00000000 08:06 2364830                    /usr/lib/jayatana/libjayatanaag.so
7f101d069000-7f101d268000 ---p 00002000 08:06 2364830                    /usr/lib/jayatana/libjayatanaag.so
7f101d268000-7f101d269000 r--p 00001000 08:06 2364830                    /usr/lib/jayatana/libjayatanaag.so
7f101d269000-7f101d26a000 rw-p 00002000 08:06 2364830                    /usr/lib/jayatana/libjayatanaag.so
7f101d26a000-7f101d26d000 ---p 00000000 00:00 0 
7f101d26d000-7f101d36b000 rw-p 00000000 00:00 0                          [stack:9026]
7f101d36b000-7f101db9f000 r--p 00000000 08:06 2366762                    /usr/lib/locale/locale-archive
7f101db9f000-7f101dba2000 ---p 00000000 00:00 0 
7f101dba2000-7f101dca0000 rw-p 00000000 00:00 0                          [stack:9020]
7f101dca0000-7f101dca3000 ---p 00000000 00:00 0 
7f101dca3000-7f101dda1000 rw-p 00000000 00:00 0                          [stack:9019]
7f101dda1000-7f101dda2000 ---p 00000000 00:00 0 
7f101dda2000-7f101edb1000 rw-p 00000000 00:00 0                          [stack:9017]
7f101edb1000-7f101ef8a000 r--s 03d09000 08:06 2500731                    /usr/lib/jvm/java-8-oracle/jre/lib/rt.jar
7f101ef8a000-7f1021000000 rw-p 00000000 00:00 0 
7f1021000000-7f1021850000 rwxp 00000000 00:00 0 
7f1021850000-7f1030000000 ---p 00000000 00:00 0 
7f1030000000-7f1030481000 rw-p 00000000 00:00 0 
7f1030481000-7f1034000000 ---p 00000000 00:00 0 
7f103401c000-7f103469c000 rw-p 00000000 00:00 0 
7f103469c000-7f103481c000 ---p 00000000 00:00 0 
7f103481c000-7f1034a1c000 rw-p 00000000 00:00 0 
7f1034a1c000-7f1034a1d000 ---p 00000000 00:00 0 
7f1034a1d000-7f1034b1d000 rw-p 00000000 00:00 0                          [stack:9007]
7f1034b1d000-7f1034b1e000 ---p 00000000 00:00 0 
7f1034b1e000-7f1034c1e000 rw-p 00000000 00:00 0                          [stack:9006]
7f1034c1e000-7f1034c1f000 ---p 00000000 00:00 0 
7f1034c1f000-7f1034d1f000 rw-p 00000000 00:00 0                          [stack:9005]
7f1034d1f000-7f1034d20000 ---p 00000000 00:00 0 
7f1034d20000-7f1034e5e000 rw-p 00000000 00:00 0                          [stack:9004]
7f1034e5e000-7f1034f76000 ---p 00000000 00:00 0 
7f1034f76000-7f1034fb4000 rw-p 00000000 00:00 0 
7f1034fb4000-7f10350cb000 ---p 00000000 00:00 0 
7f10350cb000-7f1035176000 rw-p 00000000 00:00 0 
7f1035176000-7f1035199000 rw-p 00000000 00:00 0 
7f1035199000-7f1035537000 ---p 00000000 00:00 0 
7f1035537000-7f1035551000 r-xp 00000000 08:06 2627559                    /usr/lib/jvm/java-8-oracle/jre/lib/amd64/libzip.so
7f1035551000-7f1035751000 ---p 0001a000 08:06 2627559                    /usr/lib/jvm/java-8-oracle/jre/lib/amd64/libzip.so
7f1035751000-7f1035752000 rw-p 0001a000 08:06 2627559                    /usr/lib/jvm/java-8-oracle/jre/lib/amd64/libzip.so
7f1035752000-7f103575e000 r-xp 00000000 08:06 3805451                    /lib/x86_64-linux-gnu/libnss_files-2.21.so
7f103575e000-7f103595d000 ---p 0000c000 08:06 3805451                    /lib/x86_64-linux-gnu/libnss_files-2.21.so
7f103595d000-7f103595e000 r--p 0000b000 08:06 3805451                    /lib/x86_64-linux-gnu/libnss_files-2.21.so
7f103595e000-7f103595f000 rw-p 0000c000 08:06 3805451                    /lib/x86_64-linux-gnu/libnss_files-2.21.so
7f103595f000-7f103596a000 r-xp 00000000 08:06 3805461                    /lib/x86_64-linux-gnu/libnss_nis-2.21.so
7f103596a000-7f1035b69000 ---p 0000b000 08:06 3805461                    /lib/x86_64-linux-gnu/libnss_nis-2.21.so
7f1035b69000-7f1035b6a000 r--p 0000a000 08:06 3805461                    /lib/x86_64-linux-gnu/libnss_nis-2.21.so
7f1035b6a000-7f1035b6b000 rw-p 0000b000 08:06 3805461                    /lib/x86_64-linux-gnu/libnss_nis-2.21.so
7f1035b6b000-7f1035b82000 r-xp 00000000 08:06 3805445                    /lib/x86_64-linux-gnu/libnsl-2.21.so
7f1035b82000-7f1035d81000 ---p 00017000 08:06 3805445                    /lib/x86_64-linux-gnu/libnsl-2.21.so
7f1035d81000-7f1035d82000 r--p 00016000 08:06 3805445                    /lib/x86_64-linux-gnu/libnsl-2.21.so
7f1035d82000-7f1035d83000 rw-p 00017000 08:06 3805445                    /lib/x86_64-linux-gnu/libnsl-2.21.so
7f1035d83000-7f1035d85000 rw-p 00000000 00:00 0 
7f1035d85000-7f1035d8d000 r-xp 00000000 08:06 3805447                    /lib/x86_64-linux-gnu/libnss_compat-2.21.so
7f1035d8d000-7f1035f8c000 ---p 00008000 08:06 3805447                    /lib/x86_64-linux-gnu/libnss_compat-2.21.so
7f1035f8c000-7f1035f8d000 r--p 00007000 08:06 3805447                    /lib/x86_64-linux-gnu/libnss_compat-2.21.so
7f1035f8d000-7f1035f8e000 rw-p 00008000 08:06 3805447                    /lib/x86_64-linux-gnu/libnss_compat-2.21.so
7f1035f8e000-7f1035f98000 r-xp 00000000 08:06 2627576                    /usr/lib/jvm/java-8-oracle/jre/lib/amd64/libinstrument.so
7f1035f98000-7f1036197000 ---p 0000a000 08:06 2627576                    /usr/lib/jvm/java-8-oracle/jre/lib/amd64/libinstrument.so
7f1036197000-7f1036198000 rw-p 00009000 08:06 2627576                    /usr/lib/jvm/java-8-oracle/jre/lib/amd64/libinstrument.so
7f1036198000-7f10361c2000 r-xp 00000000 08:06 2627552                    /usr/lib/jvm/java-8-oracle/jre/lib/amd64/libjava.so
7f10361c2000-7f10363c2000 ---p 0002a000 08:06 2627552                    /usr/lib/jvm/java-8-oracle/jre/lib/amd64/libjava.so
7f10363c2000-7f10363c4000 rw-p 0002a000 08:06 2627552                    /usr/lib/jvm/java-8-oracle/jre/lib/amd64/libjava.so
7f10363c4000-7f10363d1000 r-xp 00000000 08:06 2627592                    /usr/lib/jvm/java-8-oracle/jre/lib/amd64/libverify.so
7f10363d1000-7f10365d1000 ---p 0000d000 08:06 2627592                    /usr/lib/jvm/java-8-oracle/jre/lib/amd64/libverify.so
7f10365d1000-7f10365d3000 rw-p 0000d000 08:06 2627592                    /usr/lib/jvm/java-8-oracle/jre/lib/amd64/libverify.so
7f10365d3000-7f10365da000 r-xp 00000000 08:06 3805506                    /lib/x86_64-linux-gnu/librt-2.21.so
7f10365da000-7f10367d9000 ---p 00007000 08:06 3805506                    /lib/x86_64-linux-gnu/librt-2.21.so
7f10367d9000-7f10367da000 r--p 00006000 08:06 3805506                    /lib/x86_64-linux-gnu/librt-2.21.so
7f10367da000-7f10367db000 rw-p 00007000 08:06 3805506                    /lib/x86_64-linux-gnu/librt-2.21.so
7f10367db000-7f10368e2000 r-xp 00000000 08:06 3805424                    /lib/x86_64-linux-gnu/libm-2.21.so
7f10368e2000-7f1036ae1000 ---p 00107000 08:06 3805424                    /lib/x86_64-linux-gnu/libm-2.21.so
7f1036ae1000-7f1036ae2000 r--p 00106000 08:06 3805424                    /lib/x86_64-linux-gnu/libm-2.21.so
7f1036ae2000-7f1036ae3000 rw-p 00107000 08:06 3805424                    /lib/x86_64-linux-gnu/libm-2.21.so
7f1036ae3000-7f1037791000 r-xp 00000000 08:06 2895060                    /usr/lib/jvm/java-8-oracle/jre/lib/amd64/server/libjvm.so
7f1037791000-7f1037990000 ---p 00cae000 08:06 2895060                    /usr/lib/jvm/java-8-oracle/jre/lib/amd64/server/libjvm.so
7f1037990000-7f1037a67000 rw-p 00cad000 08:06 2895060                    /usr/lib/jvm/java-8-oracle/jre/lib/amd64/server/libjvm.so
7f1037a67000-7f1037aab000 rw-p 00000000 00:00 0 
7f1037aab000-7f1037c6b000 r-xp 00000000 08:06 3805365                    /lib/x86_64-linux-gnu/libc-2.21.so
7f1037c6b000-7f1037e6b000 ---p 001c0000 08:06 3805365                    /lib/x86_64-linux-gnu/libc-2.21.so
7f1037e6b000-7f1037e6f000 r--p 001c0000 08:06 3805365                    /lib/x86_64-linux-gnu/libc-2.21.so
7f1037e6f000-7f1037e71000 rw-p 001c4000 08:06 3805365                    /lib/x86_64-linux-gnu/libc-2.21.so
7f1037e71000-7f1037e75000 rw-p 00000000 00:00 0 
7f1037e75000-7f1037e78000 r-xp 00000000 08:06 3805382                    /lib/x86_64-linux-gnu/libdl-2.21.so
7f1037e78000-7f1038077000 ---p 00003000 08:06 3805382                    /lib/x86_64-linux-gnu/libdl-2.21.so
7f1038077000-7f1038078000 r--p 00002000 08:06 3805382                    /lib/x86_64-linux-gnu/libdl-2.21.so
7f1038078000-7f1038079000 rw-p 00003000 08:06 3805382                    /lib/x86_64-linux-gnu/libdl-2.21.so
7f1038079000-7f103808e000 r-xp 00000000 08:06 3019914                    /usr/lib/jvm/java-8-oracle/lib/amd64/jli/libjli.so
7f103808e000-7f103828e000 ---p 00015000 08:06 3019914                    /usr/lib/jvm/java-8-oracle/lib/amd64/jli/libjli.so
7f103828e000-7f103828f000 rw-p 00015000 08:06 3019914                    /usr/lib/jvm/java-8-oracle/lib/amd64/jli/libjli.so
7f103828f000-7f10382a7000 r-xp 00000000 08:06 3805498                    /lib/x86_64-linux-gnu/libpthread-2.21.so
7f10382a7000-7f10384a7000 ---p 00018000 08:06 3805498                    /lib/x86_64-linux-gnu/libpthread-2.21.so
7f10384a7000-7f10384a8000 r--p 00018000 08:06 3805498                    /lib/x86_64-linux-gnu/libpthread-2.21.so
7f10384a8000-7f10384a9000 rw-p 00019000 08:06 3805498                    /lib/x86_64-linux-gnu/libpthread-2.21.so
7f10384a9000-7f10384ad000 rw-p 00000000 00:00 0 
7f10384ad000-7f10384d1000 r-xp 00000000 08:06 3805337                    /lib/x86_64-linux-gnu/ld-2.21.so
7f10384e5000-7f10384e6000 rw-p 00000000 00:00 0 
7f10384e6000-7f10384f1000 r--s 00079000 08:06 5770583                    /home/ali/AndroidStudioProjects/ChatforCOC/app/build/intermediates/exploded-aar/com.google.android.gms/play-services-analytics/7.3.0/classes.jar
7f10384f1000-7f10384f2000 r--s 00000000 08:06 2757819                    /usr/share/java/jayatanaag.jar
7f10384f2000-7f10385b0000 rw-p 00000000 00:00 0 
7f10385b0000-7f10385b3000 ---p 00000000 00:00 0 
7f10385b3000-7f10386b5000 rw-p 00000000 00:00 0                          [stack:8996]
7f10386b5000-7f10386c4000 r--s 000dd000 08:06 5767987                    /home/ali/Android/Sdk/build-tools/21.1.2/lib/dx.jar
7f10386c4000-7f10386cc000 rw-s 00000000 08:06 7864389                    /tmp/hsperfdata_ali/8993
7f10386cc000-7f10386cd000 rw-p 00000000 00:00 0 
7f10386cd000-7f10386ce000 ---p 00000000 00:00 0 
7f10386ce000-7f10386d0000 rw-p 00000000 00:00 0 
7f10386d0000-7f10386d1000 r--p 00023000 08:06 3805337                    /lib/x86_64-linux-gnu/ld-2.21.so
7f10386d1000-7f10386d2000 rw-p 00024000 08:06 3805337                    /lib/x86_64-linux-gnu/ld-2.21.so
7f10386d2000-7f10386d3000 rw-p 00000000 00:00 0 
7ffc6f850000-7ffc6f871000 rw-p 00000000 00:00 0                          [stack]
7ffc6f90b000-7ffc6f90d000 r--p 00000000 00:00 0                          [vvar]
7ffc6f90d000-7ffc6f90f000 r-xp 00000000 00:00 0                          [vdso]
ffffffffff600000-ffffffffff601000 r-xp 00000000 00:00 0                  [vsyscall]

VM Arguments:
jvm_args: -javaagent:/usr/share/java/jayatanaag.jar -Xmx1024M -Dfile.encoding=UTF-8 -Duser.country=US -Duser.language=en -Duser.variant 
java_command: com.android.dx.command.Main --dex --output /home/ali/AndroidStudioProjects/ChatforCOC/app/build/intermediates/pre-dexed/debug/classes-c6cadc1668d758621157769413c54f94725d03c7.jar /home/ali/AndroidStudioProjects/ChatforCOC/app/build/intermediates/exploded-aar/com.google.android.gms/play-services-analytics/7.3.0/classes.jar
java_class_path (initial): /home/ali/Android/Sdk/build-tools/21.1.2/lib/dx.jar:/usr/share/java/jayatanaag.jar
Launcher Type: SUN_STANDARD

Environment Variables:
JAVA_HOME=/usr/lib/jvm/java-7-oracle
JAVA_TOOL_OPTIONS=-javaagent:/usr/share/java/jayatanaag.jar 
PATH=/usr/local/sbin:/usr/local/bin:/usr/sbin:/usr/bin:/sbin:/bin:/usr/games:/usr/local/games:/usr/lib/jvm/java-7-oracle/bin:/usr/lib/jvm/java-7-oracle/db/bin:/usr/lib/jvm/java-7-oracle/jre/bin
LD_LIBRARY_PATH=/opt/android-studio/bin:
SHELL=/bin/bash
DISPLAY=:0

Signal Handlers:
SIGSEGV: [libjvm.so+0xaad1e0], sa_mask[0]=11111111011111111101111111111110, sa_flags=SA_RESTART|SA_SIGINFO
SIGBUS: [libjvm.so+0xaad1e0], sa_mask[0]=11111111011111111101111111111110, sa_flags=SA_RESTART|SA_SIGINFO
SIGFPE: [libjvm.so+0x90b450], sa_mask[0]=11111111011111111101111111111110, sa_flags=SA_RESTART|SA_SIGINFO
SIGPIPE: [libjvm.so+0x90b450], sa_mask[0]=11111111011111111101111111111110, sa_flags=SA_RESTART|SA_SIGINFO
SIGXFSZ: [libjvm.so+0x90b450], sa_mask[0]=11111111011111111101111111111110, sa_flags=SA_RESTART|SA_SIGINFO
SIGILL: [libjvm.so+0x90b450], sa_mask[0]=11111111011111111101111111111110, sa_flags=SA_RESTART|SA_SIGINFO
SIGUSR1: SIG_DFL, sa_mask[0]=00000000000000000000000000000000, sa_flags=none
SIGUSR2: [libjvm.so+0x90ca90], sa_mask[0]=00100000000000000000000000000000, sa_flags=SA_RESTART|SA_SIGINFO
SIGHUP: [libjvm.so+0x90dde0], sa_mask[0]=11111111011111111101111111111110, sa_flags=SA_RESTART|SA_SIGINFO
SIGINT: [libjvm.so+0x90dde0], sa_mask[0]=11111111011111111101111111111110, sa_flags=SA_RESTART|SA_SIGINFO
SIGTERM: [libjvm.so+0x90dde0], sa_mask[0]=11111111011111111101111111111110, sa_flags=SA_RESTART|SA_SIGINFO
SIGQUIT: [libjvm.so+0x90dde0], sa_mask[0]=11111111011111111101111111111110, sa_flags=SA_RESTART|SA_SIGINFO


---------------  S Y S T E M  ---------------

OS:DISTRIB_ID=Ubuntu
DISTRIB_RELEASE=15.04
DISTRIB_CODENAME=vivid
DISTRIB_DESCRIPTION="Ubuntu 15.04"

uname:Linux 3.19.0-18-generic #18-Ubuntu SMP Tue May 19 18:31:35 UTC 2015 x86_64
libc:glibc 2.21 NPTL 2.21 
rlimit: STACK 8192k, CORE 0k, NPROC 14921, NOFILE 65536, AS infinity
load average:5,21 1,54 1,04

/proc/meminfo:
MemTotal:        3842080 kB
MemFree:          106420 kB
MemAvailable:      45808 kB
Buffers:             568 kB
Cached:           227520 kB
SwapCached:         8572 kB
Active:          2419136 kB
Inactive:        1151816 kB
Active(anon):    2412000 kB
Inactive(anon):  1142228 kB
Active(file):       7136 kB
Inactive(file):     9588 kB
Unevictable:          48 kB
Mlocked:              48 kB
SwapTotal:        194556 kB
SwapFree:              0 kB
Dirty:                 0 kB
Writeback:             0 kB
AnonPages:       3335156 kB
Mapped:            71884 kB
Shmem:            210560 kB
Slab:              64268 kB
SReclaimable:      30980 kB
SUnreclaim:        33288 kB
KernelStack:       10784 kB
PageTables:        42412 kB
NFS_Unstable:          0 kB
Bounce:                0 kB
WritebackTmp:          0 kB
CommitLimit:     2115596 kB
Committed_AS:    8124436 kB
VmallocTotal:   34359738367 kB
VmallocUsed:      425440 kB
VmallocChunk:   34359305212 kB
HardwareCorrupted:     0 kB
AnonHugePages:   1775616 kB
CmaTotal:              0 kB
CmaFree:               0 kB
HugePages_Total:       0
HugePages_Free:        0
HugePages_Rsvd:        0
HugePages_Surp:        0
Hugepagesize:       2048 kB
DirectMap4k:      121088 kB
DirectMap2M:     3866624 kB


CPU:total 4 (2 cores per cpu, 2 threads per core) family 6 model 37 stepping 5, cmov, cx8, fxsr, mmx, sse, sse2, sse3, ssse3, sse4.1, sse4.2, popcnt, ht, tsc, tscinvbit

/proc/cpuinfo:
processor	: 0
vendor_id	: GenuineIntel
cpu family	: 6
model		: 37
model name	: Intel(R) Core(TM) i5 CPU       M 460  @ 2.53GHz
stepping	: 5
microcode	: 0x2
cpu MHz		: 2534.000
cache size	: 3072 KB
physical id	: 0
siblings	: 4
core id		: 0
cpu cores	: 2
apicid		: 0
initial apicid	: 0
fpu		: yes
fpu_exception	: yes
cpuid level	: 11
wp		: yes
flags		: fpu vme de pse tsc msr pae mce cx8 apic sep mtrr pge mca cmov pat pse36 clflush dts acpi mmx fxsr sse sse2 ss ht tm pbe syscall nx rdtscp lm constant_tsc arch_perfmon pebs bts rep_good nopl xtopology nonstop_tsc aperfmperf pni dtes64 monitor ds_cpl vmx est tm2 ssse3 cx16 xtpr pdcm pcid sse4_1 sse4_2 popcnt lahf_lm ida arat dtherm tpr_shadow vnmi flexpriority ept vpid
bugs		:
bogomips	: 5054.42
clflush size	: 64
cache_alignment	: 64
address sizes	: 36 bits physical, 48 bits virtual
power management:

processor	: 1
vendor_id	: GenuineIntel
cpu family	: 6
model		: 37
model name	: Intel(R) Core(TM) i5 CPU       M 460  @ 2.53GHz
stepping	: 5
microcode	: 0x2
cpu MHz		: 2534.000
cache size	: 3072 KB
physical id	: 0
siblings	: 4
core id		: 0
cpu cores	: 2
apicid		: 1
initial apicid	: 1
fpu		: yes
fpu_exception	: yes
cpuid level	: 11
wp		: yes
flags		: fpu vme de pse tsc msr pae mce cx8 apic sep mtrr pge mca cmov pat pse36 clflush dts acpi mmx fxsr sse sse2 ss ht tm pbe syscall nx rdtscp lm constant_tsc arch_perfmon pebs bts rep_good nopl xtopology nonstop_tsc aperfmperf pni dtes64 monitor ds_cpl vmx est tm2 ssse3 cx16 xtpr pdcm pcid sse4_1 sse4_2 popcnt lahf_lm ida arat dtherm tpr_shadow vnmi flexpriority ept vpid
bugs		:
bogomips	: 5054.42
clflush size	: 64
cache_alignment	: 64
address sizes	: 36 bits physical, 48 bits virtual
power management:

processor	: 2
vendor_id	: GenuineIntel
cpu family	: 6
model		: 37
model name	: Intel(R) Core(TM) i5 CPU       M 460  @ 2.53GHz
stepping	: 5
microcode	: 0x2
cpu MHz		: 2534.000
cache size	: 3072 KB
physical id	: 0
siblings	: 4
core id		: 2
cpu cores	: 2
apicid		: 4
initial apicid	: 4
fpu		: yes
fpu_exception	: yes
cpuid level	: 11
wp		: yes
flags		: fpu vme de pse tsc msr pae mce cx8 apic sep mtrr pge mca cmov pat pse36 clflush dts acpi mmx fxsr sse sse2 ss ht tm pbe syscall nx rdtscp lm constant_tsc arch_perfmon pebs bts rep_good nopl xtopology nonstop_tsc aperfmperf pni dtes64 monitor ds_cpl vmx est tm2 ssse3 cx16 xtpr pdcm pcid sse4_1 sse4_2 popcnt lahf_lm ida arat dtherm tpr_shadow vnmi flexpriority ept vpid
bugs		:
bogomips	: 5054.42
clflush size	: 64
cache_alignment	: 64
address sizes	: 36 bits physical, 48 bits virtual
power management:

processor	: 3
vendor_id	: GenuineIntel
cpu family	: 6
model		: 37
model name	: Intel(R) Core(TM) i5 CPU       M 460  @ 2.53GHz
stepping	: 5
microcode	: 0x2
cpu MHz		: 2534.000
cache size	: 3072 KB
physical id	: 0
siblings	: 4
core id		: 2
cpu cores	: 2
apicid		: 5
initial apicid	: 5
fpu		: yes
fpu_exception	: yes
cpuid level	: 11
wp		: yes
flags		: fpu vme de pse tsc msr pae mce cx8 apic sep mtrr pge mca cmov pat pse36 clflush dts acpi mmx fxsr sse sse2 ss ht tm pbe syscall nx rdtscp lm constant_tsc arch_perfmon pebs bts rep_good nopl xtopology nonstop_tsc aperfmperf pni dtes64 monitor ds_cpl vmx est tm2 ssse3 cx16 xtpr pdcm pcid sse4_1 sse4_2 popcnt lahf_lm ida arat dtherm tpr_shadow vnmi flexpriority ept vpid
bugs		:
bogomips	: 5054.42
clflush size	: 64
cache_alignment	: 64
address sizes	: 36 bits physical, 48 bits virtual
power management:



Memory: 4k page, physical 3842080k(106420k free), swap 194556k(0k free)

vm_info: Java HotSpot(TM) 64-Bit Server VM (25.45-b02) for linux-amd64 JRE (1.8.0_45-b14), built on Apr 10 2015 10:07:45 by "java_re" with gcc 4.3.0 20080428 (Red Hat 4.3.0-8)

time: Thu Jun  4 21:25:38 2015
elapsed time: 23 seconds (0d 0h 0m 23s)

