#
# There is insufficient memory for the Java Runtime Environment to continue.
# Native memory allocation (mmap) failed to map 116391936 bytes for committing reserved memory.
# Possible reasons:
#   The system is out of physical RAM or swap space
#   In 32 bit mode, the process size limit was hit
# Possible solutions:
#   Reduce memory load on the system
#   Increase physical memory or swap space
#   Check if swap backing store is full
#   Use 64 bit Java on a 64 bit OS
#   Decrease Java heap size (-Xmx/-Xms)
#   Decrease number of Java threads
#   Decrease Java thread stack sizes (-Xss)
#   Set larger code cache with -XX:ReservedCodeCacheSize=
# This output file may be truncated or incomplete.
#
#  Out of Memory Error (os_linux.cpp:2673), pid=5380, tid=140098574202624
#
# JRE version: Java(TM) SE Runtime Environment (8.0_45-b14) (build 1.8.0_45-b14)
# Java VM: Java HotSpot(TM) 64-Bit Server VM (25.45-b02 mixed mode linux-amd64 compressed oops)
# Failed to write core dump. Core dumps have been disabled. To enable core dumping, try "ulimit -c unlimited" before starting Java again
#

---------------  T H R E A D  ---------------

Current thread (0x00007f6b5c142000):  VMThread [stack: 0x00007f6b3dafb000,0x00007f6b3dbfc000] [id=5393]

Stack: [0x00007f6b3dafb000,0x00007f6b3dbfc000],  sp=0x00007f6b3dbfa320,  free space=1020k
Native frames: (J=compiled Java code, j=interpreted, Vv=VM code, C=native code)
V  [libjvm.so+0xaac99a]  VMError::report_and_die()+0x2ba
V  [libjvm.so+0x4f333b]  report_vm_out_of_memory(char const*, int, unsigned long, VMErrorType, char const*)+0x8b
V  [libjvm.so+0x90e7c3]  os::Linux::commit_memory_impl(char*, unsigned long, bool)+0x103
V  [libjvm.so+0x90ed19]  os::pd_commit_memory(char*, unsigned long, unsigned long, bool)+0x29
V  [libjvm.so+0x90867a]  os::commit_memory(char*, unsigned long, unsigned long, bool)+0x2a
V  [libjvm.so+0x97bac3]  PSVirtualSpace::expand_by(unsigned long)+0x53
V  [libjvm.so+0x97cec8]  PSYoungGen::resize_generation(unsigned long, unsigned long)+0xf8
V  [libjvm.so+0x97c022]  PSYoungGen::resize(unsigned long, unsigned long)+0x22
V  [libjvm.so+0x9792fb]  PSScavenge::invoke_no_policy()+0xf7b
V  [libjvm.so+0x979a81]  PSScavenge::invoke()+0x41
V  [libjvm.so+0x932050]  ParallelScavengeHeap::failed_mem_allocate(unsigned long)+0x70
V  [libjvm.so+0xaae1d7]  VM_ParallelGCFailedAllocation::doit()+0x97
V  [libjvm.so+0xab59c5]  VM_Operation::evaluate()+0x55
V  [libjvm.so+0xab3d9a]  VMThread::evaluate_operation(VM_Operation*)+0xba
V  [libjvm.so+0xab411e]  VMThread::loop()+0x1ce
V  [libjvm.so+0xab4590]  VMThread::run()+0x70
V  [libjvm.so+0x910de8]  java_start(Thread*)+0x108

VM_Operation (0x00007f6b645be240): ParallelGCFailedAllocation, mode: safepoint, requested by thread 0x00007f6b5c00c800


---------------  P R O C E S S  ---------------

Java Threads: ( => current thread )
  0x00007f6b5c1d0800 JavaThread "Service Thread" daemon [_thread_blocked, id=5400, stack(0x00007f6b3c05b000,0x00007f6b3c15c000)]
  0x00007f6b5c1c5800 JavaThread "C1 CompilerThread2" daemon [_thread_blocked, id=5399, stack(0x00007f6b3c15c000,0x00007f6b3c25d000)]
  0x00007f6b5c1c3800 JavaThread "C2 CompilerThread1" daemon [_thread_blocked, id=5398, stack(0x00007f6b3c25d000,0x00007f6b3c35e000)]
  0x00007f6b5c1bf000 JavaThread "C2 CompilerThread0" daemon [_thread_blocked, id=5397, stack(0x00007f6b3c35e000,0x00007f6b3c45f000)]
  0x00007f6b5c182000 JavaThread "Signal Dispatcher" daemon [_thread_blocked, id=5396, stack(0x00007f6b3cfc4000,0x00007f6b3d0c5000)]
  0x00007f6b5c149000 JavaThread "Finalizer" daemon [_thread_blocked, id=5395, stack(0x00007f6b3d8f9000,0x00007f6b3d9fa000)]
  0x00007f6b5c147000 JavaThread "Reference Handler" daemon [_thread_blocked, id=5394, stack(0x00007f6b3d9fa000,0x00007f6b3dafb000)]
  0x00007f6b5c00c800 JavaThread "main" [_thread_blocked, id=5384, stack(0x00007f6b644bf000,0x00007f6b645c0000)]

Other Threads:
=>0x00007f6b5c142000 VMThread [stack: 0x00007f6b3dafb000,0x00007f6b3dbfc000] [id=5393]
  0x00007f6b5c1d3800 WatcherThread [stack: 0x00007f6b17eff000,0x00007f6b18000000] [id=5401]

VM state:at safepoint (normal execution)

VM Mutex/Monitor currently owned by a thread:  ([mutex/lock_event])
[0x00007f6b5c0090f0] Threads_lock - owner thread: 0x00007f6b5c142000
[0x00007f6b5c0095f0] Heap_lock - owner thread: 0x00007f6b5c00c800

Heap:
 PSYoungGen      total 134656K, used 7668K [0x00000000eab00000, 0x00000000f4100000, 0x0000000100000000)
  eden space 119296K, 0% used [0x00000000eab00000,0x00000000eab00000,0x00000000f1f80000)
  from space 15360K, 49% used [0x00000000f1f80000,0x00000000f26fd2b8,0x00000000f2e80000)
  to   space 11776K, 0% used [0x00000000f2e80000,0x00000000f2e80000,0x00000000f3a00000)
 ParOldGen       total 40960K, used 24524K [0x00000000c0000000, 0x00000000c2800000, 0x00000000eab00000)
  object space 40960K, 59% used [0x00000000c0000000,0x00000000c17f3040,0x00000000c2800000)
 Metaspace       used 7539K, capacity 8002K, committed 8192K, reserved 1056768K
  class space    used 717K, capacity 753K, committed 768K, reserved 1048576K

Card table byte_map: [0x00007f6b60e85000,0x00007f6b61086000] byte_map_base: 0x00007f6b60885000

Marking Bits: (ParMarkBitMap*) 0x00007f6b6398f760
 Begin Bits: [0x00007f6b3e000000, 0x00007f6b3f000000)
 End Bits:   [0x00007f6b3f000000, 0x00007f6b40000000)

Polling page: 0x00007f6b645dc000

CodeCache: size=245760Kb used=9157Kb max_used=9165Kb free=236602Kb
 bounds [0x00007f6b4d000000, 0x00007f6b4d900000, 0x00007f6b5c000000]
 total_blobs=2973 nmethods=2678 adapters=210
 compilation: enabled

Compilation events (10 events):
Event: 5,887 Thread 0x00007f6b5c1bf000 nmethod 2705 0x00007f6b4d8f7490 code [0x00007f6b4d8f7600, 0x00007f6b4d8f77f8]
Event: 5,887 Thread 0x00007f6b5c1bf000 2703       4       com.android.dx.merge.DexMerger$3::updateIndex (16 bytes)
Event: 5,891 Thread 0x00007f6b5c1c5800 2715       3       java.util.TimSort::gallopLeft (335 bytes)
Event: 5,892 Thread 0x00007f6b5c1bf000 nmethod 2703 0x00007f6b4d8fb1d0 code [0x00007f6b4d8fb360, 0x00007f6b4d8fb6a8]
Event: 5,892 Thread 0x00007f6b5c1bf000 2713       4       com.android.dx.merge.SortableType::tryAssignDepth (134 bytes)
Event: 5,893 Thread 0x00007f6b5c1c5800 nmethod 2715 0x00007f6b4d8f7e50 code [0x00007f6b4d8f8060, 0x00007f6b4d8f8b18]
Event: 5,896 Thread 0x00007f6b5c1c5800 2716 %     3       java.util.TimSort::countRunAndMakeAscending @ 92 (128 bytes)
Event: 5,897 Thread 0x00007f6b5c1c5800 nmethod 2716% 0x00007f6b4d8f4990 code [0x00007f6b4d8f4ba0, 0x00007f6b4d8f5748]
Event: 5,897 Thread 0x00007f6b5c1c3800 nmethod 2702 0x00007f6b4d8fbb50 code [0x00007f6b4d8fbce0, 0x00007f6b4d8fc3d8]
Event: 5,897 Thread 0x00007f6b5c1c3800 2714       4       com.android.dex.Dex$Section::readTypeList (28 bytes)

GC Heap History (10 events):
Event: 2,447 GC heap after
Heap after GC invocations=2 (full 0):
 PSYoungGen      total 33280K, used 2529K [0x00000000eab00000, 0x00000000ece00000, 0x0000000100000000)
  eden space 30720K, 0% used [0x00000000eab00000,0x00000000eab00000,0x00000000ec900000)
  from space 2560K, 98% used [0x00000000ecb80000,0x00000000ecdf8758,0x00000000ece00000)
  to   space 2560K, 0% used [0x00000000ec900000,0x00000000ec900000,0x00000000ecb80000)
 ParOldGen       total 40960K, used 4778K [0x00000000c0000000, 0x00000000c2800000, 0x00000000eab00000)
  object space 40960K, 11% used [0x00000000c0000000,0x00000000c04aa840,0x00000000c2800000)
 Metaspace       used 5632K, capacity 6900K, committed 7040K, reserved 1056768K
  class space    used 549K, capacity 616K, committed 640K, reserved 1048576K
}
Event: 2,792 GC heap before
{Heap before GC invocations=3 (full 0):
 PSYoungGen      total 33280K, used 32874K [0x00000000eab00000, 0x00000000ece00000, 0x0000000100000000)
  eden space 30720K, 98% used [0x00000000eab00000,0x00000000ec8a21f8,0x00000000ec900000)
  from space 2560K, 98% used [0x00000000ecb80000,0x00000000ecdf8758,0x00000000ece00000)
  to   space 2560K, 0% used [0x00000000ec900000,0x00000000ec900000,0x00000000ecb80000)
 ParOldGen       total 40960K, used 4778K [0x00000000c0000000, 0x00000000c2800000, 0x00000000eab00000)
  object space 40960K, 11% used [0x00000000c0000000,0x00000000c04aa840,0x00000000c2800000)
 Metaspace       used 5757K, capacity 6964K, committed 7040K, reserved 1056768K
  class space    used 554K, capacity 616K, committed 640K, reserved 1048576K
Event: 2,815 GC heap after
Heap after GC invocations=3 (full 0):
 PSYoungGen      total 33280K, used 2557K [0x00000000eab00000, 0x00000000eec00000, 0x0000000100000000)
  eden space 30720K, 0% used [0x00000000eab00000,0x00000000eab00000,0x00000000ec900000)
  from space 2560K, 99% used [0x00000000ec900000,0x00000000ecb7f7d8,0x00000000ecb80000)
  to   space 2560K, 0% used [0x00000000ee980000,0x00000000ee980000,0x00000000eec00000)
 ParOldGen       total 40960K, used 12675K [0x00000000c0000000, 0x00000000c2800000, 0x00000000eab00000)
  object space 40960K, 30% used [0x00000000c0000000,0x00000000c0c60c90,0x00000000c2800000)
 Metaspace       used 5757K, capacity 6964K, committed 7040K, reserved 1056768K
  class space    used 554K, capacity 616K, committed 640K, reserved 1048576K
}
Event: 3,593 GC heap before
{Heap before GC invocations=4 (full 0):
 PSYoungGen      total 33280K, used 31922K [0x00000000eab00000, 0x00000000eec00000, 0x0000000100000000)
  eden space 30720K, 95% used [0x00000000eab00000,0x00000000ec7ad090,0x00000000ec900000)
  from space 2560K, 99% used [0x00000000ec900000,0x00000000ecb7f7d8,0x00000000ecb80000)
  to   space 2560K, 0% used [0x00000000ee980000,0x00000000ee980000,0x00000000eec00000)
 ParOldGen       total 40960K, used 12675K [0x00000000c0000000, 0x00000000c2800000, 0x00000000eab00000)
  object space 40960K, 30% used [0x00000000c0000000,0x00000000c0c60c90,0x00000000c2800000)
 Metaspace       used 7364K, capacity 7996K, committed 8192K, reserved 1056768K
  class space    used 707K, capacity 752K, committed 768K, reserved 1048576K
Event: 3,634 GC heap after
Heap after GC invocations=4 (full 0):
 PSYoungGen      total 64000K, used 2548K [0x00000000eab00000, 0x00000000eec00000, 0x0000000100000000)
  eden space 61440K, 0% used [0x00000000eab00000,0x00000000eab00000,0x00000000ee700000)
  from space 2560K, 99% used [0x00000000ee980000,0x00000000eebfd398,0x00000000eec00000)
  to   space 2560K, 0% used [0x00000000ee700000,0x00000000ee700000,0x00000000ee980000)
 ParOldGen       total 40960K, used 18479K [0x00000000c0000000, 0x00000000c2800000, 0x00000000eab00000)
  object space 40960K, 45% used [0x00000000c0000000,0x00000000c120bee8,0x00000000c2800000)
 Metaspace       used 7364K, capacity 7996K, committed 8192K, reserved 1056768K
  class space    used 707K, capacity 752K, committed 768K, reserved 1048576K
}
Event: 4,510 GC heap before
{Heap before GC invocations=5 (full 0):
 PSYoungGen      total 64000K, used 63988K [0x00000000eab00000, 0x00000000eec00000, 0x0000000100000000)
  eden space 61440K, 100% used [0x00000000eab00000,0x00000000ee700000,0x00000000ee700000)
  from space 2560K, 99% used [0x00000000ee980000,0x00000000eebfd398,0x00000000eec00000)
  to   space 2560K, 0% used [0x00000000ee700000,0x00000000ee700000,0x00000000ee980000)
 ParOldGen       total 40960K, used 18479K [0x00000000c0000000, 0x00000000c2800000, 0x00000000eab00000)
  object space 40960K, 45% used [0x00000000c0000000,0x00000000c120bee8,0x00000000c2800000)
 Metaspace       used 7435K, capacity 7996K, committed 8192K, reserved 1056768K
  class space    used 708K, capacity 752K, committed 768K, reserved 1048576K
Event: 4,533 GC heap after
Heap after GC invocations=5 (full 0):
 PSYoungGen      total 64000K, used 2557K [0x00000000eab00000, 0x00000000f3a00000, 0x0000000100000000)
  eden space 61440K, 0% used [0x00000000eab00000,0x00000000eab00000,0x00000000ee700000)
  from space 2560K, 99% used [0x00000000ee700000,0x00000000ee97f570,0x00000000ee980000)
  to   space 11776K, 0% used [0x00000000f2e80000,0x00000000f2e80000,0x00000000f3a00000)
 ParOldGen       total 40960K, used 20331K [0x00000000c0000000, 0x00000000c2800000, 0x00000000eab00000)
  object space 40960K, 49% used [0x00000000c0000000,0x00000000c13daff0,0x00000000c2800000)
 Metaspace       used 7435K, capacity 7996K, committed 8192K, reserved 1056768K
  class space    used 708K, capacity 752K, committed 768K, reserved 1048576K
}
Event: 4,918 GC heap before
{Heap before GC invocations=6 (full 0):
 PSYoungGen      total 64000K, used 63997K [0x00000000eab00000, 0x00000000f3a00000, 0x0000000100000000)
  eden space 61440K, 100% used [0x00000000eab00000,0x00000000ee700000,0x00000000ee700000)
  from space 2560K, 99% used [0x00000000ee700000,0x00000000ee97f570,0x00000000ee980000)
  to   space 11776K, 0% used [0x00000000f2e80000,0x00000000f2e80000,0x00000000f3a00000)
 ParOldGen       total 40960K, used 20331K [0x00000000c0000000, 0x00000000c2800000, 0x00000000eab00000)
  object space 40960K, 49% used [0x00000000c0000000,0x00000000c13daff0,0x00000000c2800000)
 Metaspace       used 7531K, capacity 8002K, committed 8192K, reserved 1056768K
  class space    used 717K, capacity 753K, committed 768K, reserved 1048576K
Event: 4,953 GC heap after
Heap after GC invocations=6 (full 0):
 PSYoungGen      total 131072K, used 11775K [0x00000000eab00000, 0x00000000f4100000, 0x0000000100000000)
  eden space 119296K, 0% used [0x00000000eab00000,0x00000000eab00000,0x00000000f1f80000)
  from space 11776K, 99% used [0x00000000f2e80000,0x00000000f39ffc28,0x00000000f3a00000)
  to   space 15360K, 0% used [0x00000000f1f80000,0x00000000f1f80000,0x00000000f2e80000)
 ParOldGen       total 40960K, used 23450K [0x00000000c0000000, 0x00000000c2800000, 0x00000000eab00000)
  object space 40960K, 57% used [0x00000000c0000000,0x00000000c16e6ad8,0x00000000c2800000)
 Metaspace       used 7531K, capacity 8002K, committed 8192K, reserved 1056768K
  class space    used 717K, capacity 753K, committed 768K, reserved 1048576K
}
Event: 5,909 GC heap before
{Heap before GC invocations=7 (full 0):
 PSYoungGen      total 131072K, used 131071K [0x00000000eab00000, 0x00000000f4100000, 0x0000000100000000)
  eden space 119296K, 100% used [0x00000000eab00000,0x00000000f1f80000,0x00000000f1f80000)
  from space 11776K, 99% used [0x00000000f2e80000,0x00000000f39ffc28,0x00000000f3a00000)
  to   space 15360K, 0% used [0x00000000f1f80000,0x00000000f1f80000,0x00000000f2e80000)
 ParOldGen       total 40960K, used 23450K [0x00000000c0000000, 0x00000000c2800000, 0x00000000eab00000)
  object space 40960K, 57% used [0x00000000c0000000,0x00000000c16e6ad8,0x00000000c2800000)
 Metaspace       used 7539K, capacity 8002K, committed 8192K, reserved 1056768K
  class space    used 717K, capacity 753K, committed 768K, reserved 1048576K

Deoptimization events (10 events):
Event: 3,409 Thread 0x00007f6b5c00c800 Uncommon trap: reason=predicate action=maybe_recompile pc=0x00007f6b4d704454 method=com.android.dex.Leb128.readUnsignedLeb128(Lcom/android/dex/util/ByteInput;)I @ 41
Event: 3,558 Thread 0x00007f6b5c00c800 Uncommon trap: reason=unstable_if action=reinterpret pc=0x00007f6b4d5ea954 method=java.util.HashMap.getNode(ILjava/lang/Object;)Ljava/util/HashMap$Node; @ 84
Event: 3,559 Thread 0x00007f6b5c00c800 Uncommon trap: reason=unstable_if action=reinterpret pc=0x00007f6b4d684cb4 method=java.util.HashMap.getNode(ILjava/lang/Object;)Ljava/util/HashMap$Node; @ 84
Event: 4,485 Thread 0x00007f6b5c00c800 Uncommon trap: reason=unstable_if action=reinterpret pc=0x00007f6b4d7fb7d8 method=com.android.dex.EncodedValueCodec.readUnsignedInt(Lcom/android/dex/util/ByteInput;IZ)I @ 3
Event: 4,674 Thread 0x00007f6b5c00c800 Uncommon trap: reason=unstable_if action=reinterpret pc=0x00007f6b4d7f9c54 method=com.android.dex.Mutf8.decode(Lcom/android/dex/util/ByteInput;[C)Ljava/lang/String; @ 37
Event: 4,674 Thread 0x00007f6b5c00c800 Uncommon trap: reason=unstable_if action=reinterpret pc=0x00007f6b4d74bd5c method=com.android.dex.Mutf8.countBytes(Ljava/lang/String;Z)J @ 28
Event: 4,674 Thread 0x00007f6b5c00c800 Uncommon trap: reason=unstable_if action=reinterpret pc=0x00007f6b4d75b1dc method=com.android.dex.Mutf8.encode([BILjava/lang/String;)V @ 24
Event: 4,675 Thread 0x00007f6b5c00c800 Uncommon trap: reason=unstable_if action=reinterpret pc=0x00007f6b4d73c6bc method=com.android.dex.Mutf8.decode(Lcom/android/dex/util/ByteInput;[C)Ljava/lang/String; @ 37
Event: 5,220 Thread 0x00007f6b5c00c800 Uncommon trap: reason=unstable_if action=reinterpret pc=0x00007f6b4d45d95c method=java.lang.Long.numberOfTrailingZeros(J)I @ 3
Event: 5,611 Thread 0x00007f6b5c00c800 Uncommon trap: reason=unstable_if action=reinterpret pc=0x00007f6b4d8c27f8 method=com.android.dx.merge.DexMerger.transformAnnotationDirectory(Lcom/android/dex/Dex$Section;Lcom/android/dx/merge/IndexMap;)V @ 199

Internal exceptions (4 events):
Event: 0,167 Thread 0x00007f6b5c00c800 Exception <a 'java/lang/NoSuchMethodError': Method sun.misc.Unsafe.defineClass(Ljava/lang/String;[BII)Ljava/lang/Class; name or signature does not match> (0x00000000eab12a38) thrown at [/RE-WORK/workspace/8-2-build-linux-amd64/jdk8u45/3457/hotspot/src/sha
Event: 0,167 Thread 0x00007f6b5c00c800 Exception <a 'java/lang/NoSuchMethodError': Method sun.misc.Unsafe.prefetchRead(Ljava/lang/Object;J)V name or signature does not match> (0x00000000eab12cc8) thrown at [/RE-WORK/workspace/8-2-build-linux-amd64/jdk8u45/3457/hotspot/src/share/vm/prims/jni.cp
Event: 2,043 Thread 0x00007f6b5c00c800 Implicit null exception at 0x00007f6b4d310714 to 0x00007f6b4d312081
Event: 2,359 Thread 0x00007f6b5c00c800 Implicit null exception at 0x00007f6b4d42b6a2 to 0x00007f6b4d42b793

Events (10 events):
Event: 5,161 Thread 0x00007f6b5c00c800 DEOPT UNPACKING pc=0x00007f6b4d047233 sp=0x00007f6b645be110 mode 0
Event: 5,203 Thread 0x00007f6b5c00c800 DEOPT PACKING pc=0x00007f6b4d7fd712 sp=0x00007f6b645be1b0
Event: 5,203 Thread 0x00007f6b5c00c800 DEOPT UNPACKING pc=0x00007f6b4d047233 sp=0x00007f6b645bdf50 mode 0
Event: 5,220 Thread 0x00007f6b5c00c800 Uncommon trap: trap_request=0xffffff65 fr.pc=0x00007f6b4d45d95c
Event: 5,220 Thread 0x00007f6b5c00c800 DEOPT PACKING pc=0x00007f6b4d45d95c sp=0x00007f6b645be1b0
Event: 5,220 Thread 0x00007f6b5c00c800 DEOPT UNPACKING pc=0x00007f6b4d005229 sp=0x00007f6b645be160 mode 2
Event: 5,610 Thread 0x00007f6b5c00c800 Uncommon trap: trap_request=0xffffff65 fr.pc=0x00007f6b4d8c27f8
Event: 5,611 Thread 0x00007f6b5c00c800 DEOPT PACKING pc=0x00007f6b4d8c27f8 sp=0x00007f6b645be500
Event: 5,611 Thread 0x00007f6b5c00c800 DEOPT UNPACKING pc=0x00007f6b4d005229 sp=0x00007f6b645be4d8 mode 2
Event: 5,908 Executing VM operation: ParallelGCFailedAllocation


Dynamic libraries:
00400000-00401000 r-xp 00000000 08:06 3019753                            /usr/lib/jvm/java-8-oracle/bin/java
00600000-00601000 rw-p 00000000 08:06 3019753                            /usr/lib/jvm/java-8-oracle/bin/java
00fcb000-00fec000 rw-p 00000000 00:00 0                                  [heap]
c0000000-c2800000 rw-p 00000000 00:00 0 
c2800000-eab00000 ---p 00000000 00:00 0 
eab00000-f4100000 rw-p 00000000 00:00 0 
fb000000-100000000 ---p 00000000 00:00 0 
100000000-1000c0000 rw-p 00000000 00:00 0 
1000c0000-140000000 ---p 00000000 00:00 0 
7f6b10000000-7f6b10021000 rw-p 00000000 00:00 0 
7f6b10021000-7f6b14000000 ---p 00000000 00:00 0 
7f6b17eff000-7f6b17f00000 ---p 00000000 00:00 0 
7f6b17f00000-7f6b18000000 rw-p 00000000 00:00 0                          [stack:5401]
7f6b18000000-7f6b18b8d000 rw-p 00000000 00:00 0 
7f6b18b8d000-7f6b1c000000 ---p 00000000 00:00 0 
7f6b1c000000-7f6b1c021000 rw-p 00000000 00:00 0 
7f6b1c021000-7f6b20000000 ---p 00000000 00:00 0 
7f6b20000000-7f6b20f5d000 rw-p 00000000 00:00 0 
7f6b20f5d000-7f6b24000000 ---p 00000000 00:00 0 
7f6b24000000-7f6b24c80000 rw-p 00000000 00:00 0 
7f6b24c80000-7f6b28000000 ---p 00000000 00:00 0 
7f6b28000000-7f6b28021000 rw-p 00000000 00:00 0 
7f6b28021000-7f6b2c000000 ---p 00000000 00:00 0 
7f6b2c000000-7f6b2c021000 rw-p 00000000 00:00 0 
7f6b2c021000-7f6b30000000 ---p 00000000 00:00 0 
7f6b30000000-7f6b3028a000 rw-p 00000000 00:00 0 
7f6b3028a000-7f6b34000000 ---p 00000000 00:00 0 
7f6b34000000-7f6b34021000 rw-p 00000000 00:00 0 
7f6b34021000-7f6b38000000 ---p 00000000 00:00 0 
7f6b38000000-7f6b38021000 rw-p 00000000 00:00 0 
7f6b38021000-7f6b3c000000 ---p 00000000 00:00 0 
7f6b3c05b000-7f6b3c05e000 ---p 00000000 00:00 0 
7f6b3c05e000-7f6b3c15c000 rw-p 00000000 00:00 0                          [stack:5400]
7f6b3c15c000-7f6b3c15f000 ---p 00000000 00:00 0 
7f6b3c15f000-7f6b3c25d000 rw-p 00000000 00:00 0                          [stack:5399]
7f6b3c25d000-7f6b3c260000 ---p 00000000 00:00 0 
7f6b3c260000-7f6b3c35e000 rw-p 00000000 00:00 0                          [stack:5398]
7f6b3c35e000-7f6b3c361000 ---p 00000000 00:00 0 
7f6b3c361000-7f6b3c45f000 rw-p 00000000 00:00 0                          [stack:5397]
7f6b3c45f000-7f6b3c464000 r-xp 00000000 08:06 2367760                    /usr/lib/x86_64-linux-gnu/libXdmcp.so.6.0.0
7f6b3c464000-7f6b3c663000 ---p 00005000 08:06 2367760                    /usr/lib/x86_64-linux-gnu/libXdmcp.so.6.0.0
7f6b3c663000-7f6b3c664000 r--p 00004000 08:06 2367760                    /usr/lib/x86_64-linux-gnu/libXdmcp.so.6.0.0
7f6b3c664000-7f6b3c665000 rw-p 00005000 08:06 2367760                    /usr/lib/x86_64-linux-gnu/libXdmcp.so.6.0.0
7f6b3c665000-7f6b3c667000 r-xp 00000000 08:06 2367749                    /usr/lib/x86_64-linux-gnu/libXau.so.6.0.0
7f6b3c667000-7f6b3c867000 ---p 00002000 08:06 2367749                    /usr/lib/x86_64-linux-gnu/libXau.so.6.0.0
7f6b3c867000-7f6b3c868000 r--p 00002000 08:06 2367749                    /usr/lib/x86_64-linux-gnu/libXau.so.6.0.0
7f6b3c868000-7f6b3c869000 rw-p 00003000 08:06 2367749                    /usr/lib/x86_64-linux-gnu/libXau.so.6.0.0
7f6b3c869000-7f6b3c886000 r-xp 00000000 08:06 2368947                    /usr/lib/x86_64-linux-gnu/libxcb.so.1.1.0
7f6b3c886000-7f6b3ca86000 ---p 0001d000 08:06 2368947                    /usr/lib/x86_64-linux-gnu/libxcb.so.1.1.0
7f6b3ca86000-7f6b3ca87000 r--p 0001d000 08:06 2368947                    /usr/lib/x86_64-linux-gnu/libxcb.so.1.1.0
7f6b3ca87000-7f6b3ca88000 rw-p 0001e000 08:06 2368947                    /usr/lib/x86_64-linux-gnu/libxcb.so.1.1.0
7f6b3ca88000-7f6b3cbbb000 r-xp 00000000 08:06 2367745                    /usr/lib/x86_64-linux-gnu/libX11.so.6.3.0
7f6b3cbbb000-7f6b3cdbb000 ---p 00133000 08:06 2367745                    /usr/lib/x86_64-linux-gnu/libX11.so.6.3.0
7f6b3cdbb000-7f6b3cdbc000 r--p 00133000 08:06 2367745                    /usr/lib/x86_64-linux-gnu/libX11.so.6.3.0
7f6b3cdbc000-7f6b3cdc0000 rw-p 00134000 08:06 2367745                    /usr/lib/x86_64-linux-gnu/libX11.so.6.3.0
7f6b3cdc0000-7f6b3cdc1000 rw-p 00000000 00:00 0 
7f6b3cdc1000-7f6b3cdc3000 r-xp 00000000 08:06 2364830                    /usr/lib/jayatana/libjayatanaag.so
7f6b3cdc3000-7f6b3cfc2000 ---p 00002000 08:06 2364830                    /usr/lib/jayatana/libjayatanaag.so
7f6b3cfc2000-7f6b3cfc3000 r--p 00001000 08:06 2364830                    /usr/lib/jayatana/libjayatanaag.so
7f6b3cfc3000-7f6b3cfc4000 rw-p 00002000 08:06 2364830                    /usr/lib/jayatana/libjayatanaag.so
7f6b3cfc4000-7f6b3cfc7000 ---p 00000000 00:00 0 
7f6b3cfc7000-7f6b3d0c5000 rw-p 00000000 00:00 0                          [stack:5396]
7f6b3d0c5000-7f6b3d8f9000 r--p 00000000 08:06 2366762                    /usr/lib/locale/locale-archive
7f6b3d8f9000-7f6b3d8fc000 ---p 00000000 00:00 0 
7f6b3d8fc000-7f6b3d9fa000 rw-p 00000000 00:00 0                          [stack:5395]
7f6b3d9fa000-7f6b3d9fd000 ---p 00000000 00:00 0 
7f6b3d9fd000-7f6b3dafb000 rw-p 00000000 00:00 0                          [stack:5394]
7f6b3dafb000-7f6b3dafc000 ---p 00000000 00:00 0 
7f6b3dafc000-7f6b40000000 rw-p 00000000 00:00 0                          [stack:5393]
7f6b40000000-7f6b40021000 rw-p 00000000 00:00 0 
7f6b40021000-7f6b44000000 ---p 00000000 00:00 0 
7f6b44000000-7f6b44021000 rw-p 00000000 00:00 0 
7f6b44021000-7f6b48000000 ---p 00000000 00:00 0 
7f6b48000000-7f6b48021000 rw-p 00000000 00:00 0 
7f6b48021000-7f6b4c000000 ---p 00000000 00:00 0 
7f6b4c0f9000-7f6b4cf40000 rw-p 00000000 00:00 0 
7f6b4cf40000-7f6b4d000000 ---p 00000000 00:00 0 
7f6b4d000000-7f6b4d900000 rwxp 00000000 00:00 0 
7f6b4d900000-7f6b5c000000 ---p 00000000 00:00 0 
7f6b5c000000-7f6b5c4cb000 rw-p 00000000 00:00 0 
7f6b5c4cb000-7f6b60000000 ---p 00000000 00:00 0 
7f6b600d8000-7f6b604dc000 rw-p 00000000 00:00 0 
7f6b604dc000-7f6b606b5000 r--s 03d09000 08:06 2500731                    /usr/lib/jvm/java-8-oracle/jre/lib/rt.jar
7f6b606b5000-7f6b6092b000 rw-p 00000000 00:00 0 
7f6b6092b000-7f6b6092c000 ---p 00000000 00:00 0 
7f6b6092c000-7f6b60a2c000 rw-p 00000000 00:00 0                          [stack:5389]
7f6b60a2c000-7f6b60a2d000 ---p 00000000 00:00 0 
7f6b60a2d000-7f6b60b2d000 rw-p 00000000 00:00 0                          [stack:5388]
7f6b60b2d000-7f6b60b2e000 ---p 00000000 00:00 0 
7f6b60b2e000-7f6b60c2e000 rw-p 00000000 00:00 0                          [stack:5387]
7f6b60c2e000-7f6b60c2f000 ---p 00000000 00:00 0 
7f6b60c2f000-7f6b60d43000 rw-p 00000000 00:00 0                          [stack:5386]
7f6b60d43000-7f6b60e85000 ---p 00000000 00:00 0 
7f6b60e85000-7f6b60e99000 rw-p 00000000 00:00 0 
7f6b60e99000-7f6b60fda000 ---p 00000000 00:00 0 
7f6b60fda000-7f6b61026000 rw-p 00000000 00:00 0 
7f6b61026000-7f6b61085000 ---p 00000000 00:00 0 
7f6b61085000-7f6b610aa000 rw-p 00000000 00:00 0 
7f6b610aa000-7f6b61446000 ---p 00000000 00:00 0 
7f6b61446000-7f6b61460000 r-xp 00000000 08:06 2627559                    /usr/lib/jvm/java-8-oracle/jre/lib/amd64/libzip.so
7f6b61460000-7f6b61660000 ---p 0001a000 08:06 2627559                    /usr/lib/jvm/java-8-oracle/jre/lib/amd64/libzip.so
7f6b61660000-7f6b61661000 rw-p 0001a000 08:06 2627559                    /usr/lib/jvm/java-8-oracle/jre/lib/amd64/libzip.so
7f6b61661000-7f6b6166d000 r-xp 00000000 08:06 3805451                    /lib/x86_64-linux-gnu/libnss_files-2.21.so
7f6b6166d000-7f6b6186c000 ---p 0000c000 08:06 3805451                    /lib/x86_64-linux-gnu/libnss_files-2.21.so
7f6b6186c000-7f6b6186d000 r--p 0000b000 08:06 3805451                    /lib/x86_64-linux-gnu/libnss_files-2.21.so
7f6b6186d000-7f6b6186e000 rw-p 0000c000 08:06 3805451                    /lib/x86_64-linux-gnu/libnss_files-2.21.so
7f6b6186e000-7f6b61879000 r-xp 00000000 08:06 3805461                    /lib/x86_64-linux-gnu/libnss_nis-2.21.so
7f6b61879000-7f6b61a78000 ---p 0000b000 08:06 3805461                    /lib/x86_64-linux-gnu/libnss_nis-2.21.so
7f6b61a78000-7f6b61a79000 r--p 0000a000 08:06 3805461                    /lib/x86_64-linux-gnu/libnss_nis-2.21.so
7f6b61a79000-7f6b61a7a000 rw-p 0000b000 08:06 3805461                    /lib/x86_64-linux-gnu/libnss_nis-2.21.so
7f6b61a7a000-7f6b61a91000 r-xp 00000000 08:06 3805445                    /lib/x86_64-linux-gnu/libnsl-2.21.so
7f6b61a91000-7f6b61c90000 ---p 00017000 08:06 3805445                    /lib/x86_64-linux-gnu/libnsl-2.21.so
7f6b61c90000-7f6b61c91000 r--p 00016000 08:06 3805445                    /lib/x86_64-linux-gnu/libnsl-2.21.so
7f6b61c91000-7f6b61c92000 rw-p 00017000 08:06 3805445                    /lib/x86_64-linux-gnu/libnsl-2.21.so
7f6b61c92000-7f6b61c94000 rw-p 00000000 00:00 0 
7f6b61c94000-7f6b61c9c000 r-xp 00000000 08:06 3805447                    /lib/x86_64-linux-gnu/libnss_compat-2.21.so
7f6b61c9c000-7f6b61e9b000 ---p 00008000 08:06 3805447                    /lib/x86_64-linux-gnu/libnss_compat-2.21.so
7f6b61e9b000-7f6b61e9c000 r--p 00007000 08:06 3805447                    /lib/x86_64-linux-gnu/libnss_compat-2.21.so
7f6b61e9c000-7f6b61e9d000 rw-p 00008000 08:06 3805447                    /lib/x86_64-linux-gnu/libnss_compat-2.21.so
7f6b61e9d000-7f6b61ea7000 r-xp 00000000 08:06 2627576                    /usr/lib/jvm/java-8-oracle/jre/lib/amd64/libinstrument.so
7f6b61ea7000-7f6b620a6000 ---p 0000a000 08:06 2627576                    /usr/lib/jvm/java-8-oracle/jre/lib/amd64/libinstrument.so
7f6b620a6000-7f6b620a7000 rw-p 00009000 08:06 2627576                    /usr/lib/jvm/java-8-oracle/jre/lib/amd64/libinstrument.so
7f6b620a7000-7f6b620d1000 r-xp 00000000 08:06 2627552                    /usr/lib/jvm/java-8-oracle/jre/lib/amd64/libjava.so
7f6b620d1000-7f6b622d1000 ---p 0002a000 08:06 2627552                    /usr/lib/jvm/java-8-oracle/jre/lib/amd64/libjava.so
7f6b622d1000-7f6b622d3000 rw-p 0002a000 08:06 2627552                    /usr/lib/jvm/java-8-oracle/jre/lib/amd64/libjava.so
7f6b622d3000-7f6b622e0000 r-xp 00000000 08:06 2627592                    /usr/lib/jvm/java-8-oracle/jre/lib/amd64/libverify.so
7f6b622e0000-7f6b624e0000 ---p 0000d000 08:06 2627592                    /usr/lib/jvm/java-8-oracle/jre/lib/amd64/libverify.so
7f6b624e0000-7f6b624e2000 rw-p 0000d000 08:06 2627592                    /usr/lib/jvm/java-8-oracle/jre/lib/amd64/libverify.so
7f6b624e2000-7f6b624e9000 r-xp 00000000 08:06 3805506                    /lib/x86_64-linux-gnu/librt-2.21.so
7f6b624e9000-7f6b626e8000 ---p 00007000 08:06 3805506                    /lib/x86_64-linux-gnu/librt-2.21.so
7f6b626e8000-7f6b626e9000 r--p 00006000 08:06 3805506                    /lib/x86_64-linux-gnu/librt-2.21.so
7f6b626e9000-7f6b626ea000 rw-p 00007000 08:06 3805506                    /lib/x86_64-linux-gnu/librt-2.21.so
7f6b626ea000-7f6b627f1000 r-xp 00000000 08:06 3805424                    /lib/x86_64-linux-gnu/libm-2.21.so
7f6b627f1000-7f6b629f0000 ---p 00107000 08:06 3805424                    /lib/x86_64-linux-gnu/libm-2.21.so
7f6b629f0000-7f6b629f1000 r--p 00106000 08:06 3805424                    /lib/x86_64-linux-gnu/libm-2.21.so
7f6b629f1000-7f6b629f2000 rw-p 00107000 08:06 3805424                    /lib/x86_64-linux-gnu/libm-2.21.so
7f6b629f2000-7f6b636a0000 r-xp 00000000 08:06 2895060                    /usr/lib/jvm/java-8-oracle/jre/lib/amd64/server/libjvm.so
7f6b636a0000-7f6b6389f000 ---p 00cae000 08:06 2895060                    /usr/lib/jvm/java-8-oracle/jre/lib/amd64/server/libjvm.so
7f6b6389f000-7f6b63976000 rw-p 00cad000 08:06 2895060                    /usr/lib/jvm/java-8-oracle/jre/lib/amd64/server/libjvm.so
7f6b63976000-7f6b639ba000 rw-p 00000000 00:00 0 
7f6b639ba000-7f6b63b7a000 r-xp 00000000 08:06 3805365                    /lib/x86_64-linux-gnu/libc-2.21.so
7f6b63b7a000-7f6b63d7a000 ---p 001c0000 08:06 3805365                    /lib/x86_64-linux-gnu/libc-2.21.so
7f6b63d7a000-7f6b63d7e000 r--p 001c0000 08:06 3805365                    /lib/x86_64-linux-gnu/libc-2.21.so
7f6b63d7e000-7f6b63d80000 rw-p 001c4000 08:06 3805365                    /lib/x86_64-linux-gnu/libc-2.21.so
7f6b63d80000-7f6b63d84000 rw-p 00000000 00:00 0 
7f6b63d84000-7f6b63d87000 r-xp 00000000 08:06 3805382                    /lib/x86_64-linux-gnu/libdl-2.21.so
7f6b63d87000-7f6b63f86000 ---p 00003000 08:06 3805382                    /lib/x86_64-linux-gnu/libdl-2.21.so
7f6b63f86000-7f6b63f87000 r--p 00002000 08:06 3805382                    /lib/x86_64-linux-gnu/libdl-2.21.so
7f6b63f87000-7f6b63f88000 rw-p 00003000 08:06 3805382                    /lib/x86_64-linux-gnu/libdl-2.21.so
7f6b63f88000-7f6b63f9d000 r-xp 00000000 08:06 3019914                    /usr/lib/jvm/java-8-oracle/lib/amd64/jli/libjli.so
7f6b63f9d000-7f6b6419d000 ---p 00015000 08:06 3019914                    /usr/lib/jvm/java-8-oracle/lib/amd64/jli/libjli.so
7f6b6419d000-7f6b6419e000 rw-p 00015000 08:06 3019914                    /usr/lib/jvm/java-8-oracle/lib/amd64/jli/libjli.so
7f6b6419e000-7f6b641b6000 r-xp 00000000 08:06 3805498                    /lib/x86_64-linux-gnu/libpthread-2.21.so
7f6b641b6000-7f6b643b6000 ---p 00018000 08:06 3805498                    /lib/x86_64-linux-gnu/libpthread-2.21.so
7f6b643b6000-7f6b643b7000 r--p 00018000 08:06 3805498                    /lib/x86_64-linux-gnu/libpthread-2.21.so
7f6b643b7000-7f6b643b8000 rw-p 00019000 08:06 3805498                    /lib/x86_64-linux-gnu/libpthread-2.21.so
7f6b643b8000-7f6b643bc000 rw-p 00000000 00:00 0 
7f6b643bc000-7f6b643e0000 r-xp 00000000 08:06 3805337                    /lib/x86_64-linux-gnu/ld-2.21.so
7f6b643fa000-7f6b643fb000 rw-p 00000000 00:00 0 
7f6b643fb000-7f6b64400000 r--s 00094000 08:06 2500729                    /usr/lib/jvm/java-8-oracle/jre/lib/jsse.jar
7f6b64400000-7f6b64401000 r--s 00000000 08:06 2757819                    /usr/share/java/jayatanaag.jar
7f6b64401000-7f6b644bf000 rw-p 00000000 00:00 0 
7f6b644bf000-7f6b644c2000 ---p 00000000 00:00 0 
7f6b644c2000-7f6b645c4000 rw-p 00000000 00:00 0                          [stack:5384]
7f6b645c4000-7f6b645d3000 r--s 000dd000 08:06 5767987                    /home/ali/Android/Sdk/build-tools/21.1.2/lib/dx.jar
7f6b645d3000-7f6b645db000 rw-s 00000000 08:06 7864384                    /tmp/hsperfdata_ali/5380
7f6b645db000-7f6b645dc000 rw-p 00000000 00:00 0 
7f6b645dc000-7f6b645dd000 ---p 00000000 00:00 0 
7f6b645dd000-7f6b645df000 rw-p 00000000 00:00 0 
7f6b645df000-7f6b645e0000 r--p 00023000 08:06 3805337                    /lib/x86_64-linux-gnu/ld-2.21.so
7f6b645e0000-7f6b645e1000 rw-p 00024000 08:06 3805337                    /lib/x86_64-linux-gnu/ld-2.21.so
7f6b645e1000-7f6b645e2000 rw-p 00000000 00:00 0 
7ffc78918000-7ffc7893a000 rw-p 00000000 00:00 0                          [stack]
7ffc78944000-7ffc78946000 r--p 00000000 00:00 0                          [vvar]
7ffc78946000-7ffc78948000 r-xp 00000000 00:00 0                          [vdso]
ffffffffff600000-ffffffffff601000 r-xp 00000000 00:00 0                  [vsyscall]

VM Arguments:
jvm_args: -javaagent:/usr/share/java/jayatanaag.jar -Xmx1024M -Dfile.encoding=UTF-8 -Duser.country=US -Duser.language=en -Duser.variant 
java_command: com.android.dx.command.Main --dex --output /home/ali/AndroidStudioProjects/ChatforCOC/app/build/intermediates/dex/debug /home/ali/AndroidStudioProjects/ChatforCOC/app/build/intermediates/classes/debug /home/ali/AndroidStudioProjects/ChatforCOC/app/build/intermediates/pre-dexed/debug/classes-b409c2cdf9f1f7b98537bc39e12571b4aefe33b0.jar /home/ali/AndroidStudioProjects/ChatforCOC/app/build/intermediates/pre-dexed/debug/support-annotations-22.1.1-c01303d5b19964eb7aad48f53f890f869d90926a.jar /home/ali/AndroidStudioProjects/ChatforCOC/app/build/intermediates/pre-dexed/debug/classes-759fe52072fc9cd531d3982412c336dacd0db5ac.jar /home/ali/AndroidStudioProjects/ChatforCOC/app/build/intermediates/pre-dexed/debug/classes-c4fc9846adc68125b61a78e3b9eadbc65e184633.jar /home/ali/AndroidStudioProjects/ChatforCOC/app/build/intermediates/pre-dexed/debug/classes-296b5dca5303cb1e5328e3c66969c54066a1e1c6.jar /home/ali/AndroidStudioProjects/ChatforCOC/app/build/intermediates/pre-dexed/debug/classes-1dd6d42e1763d544d7aeb5765daeab8a68b6476c.jar /home/ali/AndroidStudioProjects/ChatforCOC/app/build/intermediates/pre-dexed/debug/classes-00aca01c1c9a390c1eb614f090226aaa46c92908.jar /home/ali/AndroidStudioProjects/ChatforCOC/app/build/intermediates/pre-dexed/debug/socket.io-client-0.3.0-5853dfc4302a9038ae9c83edf1b6e3d4e59624df.jar /home/ali/AndroidStudioProjects/ChatforCOC/app/build/intermediates/pre-dexed/debug/classes-8bcb4d8e77085340b4b616d92bd254b99f8bdf70.jar /home/ali/AndroidStudioProjects/ChatforCOC/app/build/intermediates/pre-dexed/debug/classes-f6985f0e540d08287e0a2cc96f83bc1e74b63b97.jar /home/ali/AndroidStudioProjects/ChatforCOC/app/build/intermediates/pre-dexed/debug/engine.io-client-0.3.1-36b93f72975e68d24d95ccb61a777a7fbaef45bf.jar /home/ali/AndroidStudioProjects/ChatforCOC/app/build/intermediates/pre-dexed/debug/classes-cfbb7dd3fef241c5c28f60dd0c390ddb2d5478de.jar /home/ali/AndroidStudioProjects/ChatforCOC/app/build/intermediates/pre-dexed/debug/classes-b136cf666e6
java_class_path (initial): /home/ali/Android/Sdk/build-tools/21.1.2/lib/dx.jar:/usr/share/java/jayatanaag.jar
Launcher Type: SUN_STANDARD

Environment Variables:
JAVA_HOME=/usr/lib/jvm/java-7-oracle
JAVA_TOOL_OPTIONS=-javaagent:/usr/share/java/jayatanaag.jar 
PATH=/usr/local/sbin:/usr/local/bin:/usr/sbin:/usr/bin:/sbin:/bin:/usr/games:/usr/local/games:/usr/lib/jvm/java-7-oracle/bin:/usr/lib/jvm/java-7-oracle/db/bin:/usr/lib/jvm/java-7-oracle/jre/bin
LD_LIBRARY_PATH=/opt/android-studio/bin:
SHELL=/bin/bash
DISPLAY=:0

Signal Handlers:
SIGSEGV: [libjvm.so+0xaad1e0], sa_mask[0]=11111111011111111101111111111110, sa_flags=SA_RESTART|SA_SIGINFO
SIGBUS: [libjvm.so+0xaad1e0], sa_mask[0]=11111111011111111101111111111110, sa_flags=SA_RESTART|SA_SIGINFO
SIGFPE: [libjvm.so+0x90b450], sa_mask[0]=11111111011111111101111111111110, sa_flags=SA_RESTART|SA_SIGINFO
SIGPIPE: [libjvm.so+0x90b450], sa_mask[0]=11111111011111111101111111111110, sa_flags=SA_RESTART|SA_SIGINFO
SIGXFSZ: [libjvm.so+0x90b450], sa_mask[0]=11111111011111111101111111111110, sa_flags=SA_RESTART|SA_SIGINFO
SIGILL: [libjvm.so+0x90b450], sa_mask[0]=11111111011111111101111111111110, sa_flags=SA_RESTART|SA_SIGINFO
SIGUSR1: SIG_DFL, sa_mask[0]=00000000000000000000000000000000, sa_flags=none
SIGUSR2: [libjvm.so+0x90ca90], sa_mask[0]=00100000000000000000000000000000, sa_flags=SA_RESTART|SA_SIGINFO
SIGHUP: [libjvm.so+0x90dde0], sa_mask[0]=11111111011111111101111111111110, sa_flags=SA_RESTART|SA_SIGINFO
SIGINT: [libjvm.so+0x90dde0], sa_mask[0]=11111111011111111101111111111110, sa_flags=SA_RESTART|SA_SIGINFO
SIGTERM: [libjvm.so+0x90dde0], sa_mask[0]=11111111011111111101111111111110, sa_flags=SA_RESTART|SA_SIGINFO
SIGQUIT: [libjvm.so+0x90dde0], sa_mask[0]=11111111011111111101111111111110, sa_flags=SA_RESTART|SA_SIGINFO


---------------  S Y S T E M  ---------------

OS:DISTRIB_ID=Ubuntu
DISTRIB_RELEASE=15.04
DISTRIB_CODENAME=vivid
DISTRIB_DESCRIPTION="Ubuntu 15.04"

uname:Linux 3.19.0-18-generic #18-Ubuntu SMP Tue May 19 18:31:35 UTC 2015 x86_64
libc:glibc 2.21 NPTL 2.21 
rlimit: STACK 8192k, CORE 0k, NPROC 14921, NOFILE 65536, AS infinity
load average:2,39 0,73 0,30

/proc/meminfo:
MemTotal:        3842080 kB
MemFree:          133924 kB
MemAvailable:      96380 kB
Buffers:            1980 kB
Cached:           544900 kB
SwapCached:         4304 kB
Active:          2204564 kB
Inactive:        1330232 kB
Active(anon):    2171656 kB
Inactive(anon):  1301868 kB
Active(file):      32908 kB
Inactive(file):    28364 kB
Unevictable:          48 kB
Mlocked:              48 kB
SwapTotal:        194556 kB
SwapFree:              0 kB
Dirty:              2124 kB
Writeback:             0 kB
AnonPages:       2984632 kB
Mapped:           315304 kB
Shmem:            484956 kB
Slab:              68184 kB
SReclaimable:      32572 kB
SUnreclaim:        35612 kB
KernelStack:       10816 kB
PageTables:        46844 kB
NFS_Unstable:          0 kB
Bounce:                0 kB
WritebackTmp:          0 kB
CommitLimit:     2115596 kB
Committed_AS:    8537676 kB
VmallocTotal:   34359738367 kB
VmallocUsed:      425544 kB
VmallocChunk:   34359305212 kB
HardwareCorrupted:     0 kB
AnonHugePages:   1783808 kB
CmaTotal:              0 kB
CmaFree:               0 kB
HugePages_Total:       0
HugePages_Free:        0
HugePages_Rsvd:        0
HugePages_Surp:        0
Hugepagesize:       2048 kB
DirectMap4k:      129280 kB
DirectMap2M:     3858432 kB


CPU:total 4 (2 cores per cpu, 2 threads per core) family 6 model 37 stepping 5, cmov, cx8, fxsr, mmx, sse, sse2, sse3, ssse3, sse4.1, sse4.2, popcnt, ht, tsc, tscinvbit

/proc/cpuinfo:
processor	: 0
vendor_id	: GenuineIntel
cpu family	: 6
model		: 37
model name	: Intel(R) Core(TM) i5 CPU       M 460  @ 2.53GHz
stepping	: 5
microcode	: 0x2
cpu MHz		: 2534.000
cache size	: 3072 KB
physical id	: 0
siblings	: 4
core id		: 0
cpu cores	: 2
apicid		: 0
initial apicid	: 0
fpu		: yes
fpu_exception	: yes
cpuid level	: 11
wp		: yes
flags		: fpu vme de pse tsc msr pae mce cx8 apic sep mtrr pge mca cmov pat pse36 clflush dts acpi mmx fxsr sse sse2 ss ht tm pbe syscall nx rdtscp lm constant_tsc arch_perfmon pebs bts rep_good nopl xtopology nonstop_tsc aperfmperf pni dtes64 monitor ds_cpl vmx est tm2 ssse3 cx16 xtpr pdcm pcid sse4_1 sse4_2 popcnt lahf_lm ida arat dtherm tpr_shadow vnmi flexpriority ept vpid
bugs		:
bogomips	: 5054.32
clflush size	: 64
cache_alignment	: 64
address sizes	: 36 bits physical, 48 bits virtual
power management:

processor	: 1
vendor_id	: GenuineIntel
cpu family	: 6
model		: 37
model name	: Intel(R) Core(TM) i5 CPU       M 460  @ 2.53GHz
stepping	: 5
microcode	: 0x2
cpu MHz		: 2533.000
cache size	: 3072 KB
physical id	: 0
siblings	: 4
core id		: 0
cpu cores	: 2
apicid		: 1
initial apicid	: 1
fpu		: yes
fpu_exception	: yes
cpuid level	: 11
wp		: yes
flags		: fpu vme de pse tsc msr pae mce cx8 apic sep mtrr pge mca cmov pat pse36 clflush dts acpi mmx fxsr sse sse2 ss ht tm pbe syscall nx rdtscp lm constant_tsc arch_perfmon pebs bts rep_good nopl xtopology nonstop_tsc aperfmperf pni dtes64 monitor ds_cpl vmx est tm2 ssse3 cx16 xtpr pdcm pcid sse4_1 sse4_2 popcnt lahf_lm ida arat dtherm tpr_shadow vnmi flexpriority ept vpid
bugs		:
bogomips	: 5054.32
clflush size	: 64
cache_alignment	: 64
address sizes	: 36 bits physical, 48 bits virtual
power management:

processor	: 2
vendor_id	: GenuineIntel
cpu family	: 6
model		: 37
model name	: Intel(R) Core(TM) i5 CPU       M 460  @ 2.53GHz
stepping	: 5
microcode	: 0x2
cpu MHz		: 2534.000
cache size	: 3072 KB
physical id	: 0
siblings	: 4
core id		: 2
cpu cores	: 2
apicid		: 4
initial apicid	: 4
fpu		: yes
fpu_exception	: yes
cpuid level	: 11
wp		: yes
flags		: fpu vme de pse tsc msr pae mce cx8 apic sep mtrr pge mca cmov pat pse36 clflush dts acpi mmx fxsr sse sse2 ss ht tm pbe syscall nx rdtscp lm constant_tsc arch_perfmon pebs bts rep_good nopl xtopology nonstop_tsc aperfmperf pni dtes64 monitor ds_cpl vmx est tm2 ssse3 cx16 xtpr pdcm pcid sse4_1 sse4_2 popcnt lahf_lm ida arat dtherm tpr_shadow vnmi flexpriority ept vpid
bugs		:
bogomips	: 5054.32
clflush size	: 64
cache_alignment	: 64
address sizes	: 36 bits physical, 48 bits virtual
power management:

processor	: 3
vendor_id	: GenuineIntel
cpu family	: 6
model		: 37
model name	: Intel(R) Core(TM) i5 CPU       M 460  @ 2.53GHz
stepping	: 5
microcode	: 0x2
cpu MHz		: 2534.000
cache size	: 3072 KB
physical id	: 0
siblings	: 4
core id		: 2
cpu cores	: 2
apicid		: 5
initial apicid	: 5
fpu		: yes
fpu_exception	: yes
cpuid level	: 11
wp		: yes
flags		: fpu vme de pse tsc msr pae mce cx8 apic sep mtrr pge mca cmov pat pse36 clflush dts acpi mmx fxsr sse sse2 ss ht tm pbe syscall nx rdtscp lm constant_tsc arch_perfmon pebs bts rep_good nopl xtopology nonstop_tsc aperfmperf pni dtes64 monitor ds_cpl vmx est tm2 ssse3 cx16 xtpr pdcm pcid sse4_1 sse4_2 popcnt lahf_lm ida arat dtherm tpr_shadow vnmi flexpriority ept vpid
bugs		:
bogomips	: 5054.32
clflush size	: 64
cache_alignment	: 64
address sizes	: 36 bits physical, 48 bits virtual
power management:



Memory: 4k page, physical 3842080k(133924k free), swap 194556k(0k free)

vm_info: Java HotSpot(TM) 64-Bit Server VM (25.45-b02) for linux-amd64 JRE (1.8.0_45-b14), built on Apr 10 2015 10:07:45 by "java_re" with gcc 4.3.0 20080428 (Red Hat 4.3.0-8)

time: Thu Jun  4 20:47:44 2015
elapsed time: 5 seconds (0d 0h 0m 5s)

